<?xml version="1.0" encoding="UTF-8"?>
<testsuite name="com.laundry.laundryMgmt.MachineTest.MachineDaoTest" tests="1" skipped="0" failures="0" errors="0" timestamp="2024-01-05T13:01:32" hostname="DESKTOP-35ABBQB" time="0.48">
  <properties/>
  <testcase name="shouldFindAnyMachineByID()" classname="com.laundry.laundryMgmt.MachineTest.MachineDaoTest" time="0.48"/>
  <system-out><![CDATA[14:01:31.080 [Test worker] DEBUG org.springframework.boot.test.autoconfigure.orm.jpa.DataJpaTestContextBootstrapper - Neither @ContextConfiguration nor @ContextHierarchy found for test class [MachineDaoTest]: using SpringBootContextLoader
14:01:31.081 [Test worker] DEBUG org.springframework.test.context.support.AbstractContextLoader - Could not detect default resource locations for test class [com.laundry.laundryMgmt.MachineTest.MachineDaoTest]: no resource found for suffixes {-context.xml, Context.groovy}.
14:01:31.082 [Test worker] INFO  org.springframework.test.context.support.AnnotationConfigContextLoaderUtils - Could not detect default configuration classes for test class [com.laundry.laundryMgmt.MachineTest.MachineDaoTest]: MachineDaoTest does not declare any static, non-private, non-final, nested classes annotated with @Configuration.
14:01:31.111 [Test worker] DEBUG org.springframework.boot.test.autoconfigure.orm.jpa.DataJpaTestContextBootstrapper - Using ContextCustomizers for test class [MachineDaoTest]: [DisableAutoConfigurationContextCustomizer, DisableObservabilityContextCustomizer, TypeExcludeFiltersContextCustomizer, PropertyMappingContextCustomizer, WebDriverContextCustomizer, ImportsContextCustomizer, ExcludeFilterContextCustomizer, DuplicateJsonObjectContextCustomizer, MockitoContextCustomizer]
14:01:31.126 [Test worker] DEBUG org.springframework.context.annotation.ClassPathScanningCandidateComponentProvider - Identified candidate component class: file [C:\Users\HP\Documents\07. EMSE\TB3- Web movil and embeded programming\Project\laundryMgmt\build\classes\java\main\com\laundry\laundryMgmt\LaundryMgmtApplication.class]
14:01:31.128 [Test worker] INFO  org.springframework.boot.test.context.SpringBootTestContextBootstrapper - Found @SpringBootConfiguration com.laundry.laundryMgmt.LaundryMgmtApplication for test class com.laundry.laundryMgmt.MachineTest.MachineDaoTest
14:01:31.130 [Test worker] DEBUG org.springframework.test.context.util.TestContextSpringFactoriesUtils - Skipping candidate TestExecutionListener [org.springframework.test.context.observation.MicrometerObservationRegistryTestExecutionListener] due to a missing dependency. Specify custom TestExecutionListener classes or make the default TestExecutionListener classes and their required dependencies available. Offending class: io.micrometer.context.ThreadLocalAccessor. MicrometerObservationRegistryTestExecutionListener requires io.micrometer:micrometer-observation:1.10.8 or higher and io.micrometer:context-propagation:1.0.3 or higher.
14:01:31.131 [Test worker] DEBUG org.springframework.boot.test.autoconfigure.orm.jpa.DataJpaTestContextBootstrapper - Using TestExecutionListeners for test class [MachineDaoTest]: [ServletTestExecutionListener, DirtiesContextBeforeModesTestExecutionListener, ApplicationEventsTestExecutionListener, MockitoTestExecutionListener, DependencyInjectionTestExecutionListener, DirtiesContextTestExecutionListener, TransactionalTestExecutionListener, SqlScriptsTestExecutionListener, WithSecurityContextTestExecutionListener, EventPublishingTestExecutionListener, ReactorContextTestExecutionListener, RestDocsTestExecutionListener, MockRestServiceServerResetTestExecutionListener, MockMvcPrintOnlyOnFailureTestExecutionListener, WebDriverTestExecutionListener, MockWebServiceServerTestExecutionListener, ResetMocksTestExecutionListener]
14:01:31.132 [Test worker] DEBUG org.springframework.test.context.support.DirtiesContextBeforeModesTestExecutionListener - Before test class: class [MachineDaoTest], class annotated with @DirtiesContext [false] with mode [null]
14:01:31.133 [Test worker] DEBUG org.springframework.test.context.support.DependencyInjectionTestExecutionListener - Performing dependency injection for test class com.laundry.laundryMgmt.MachineTest.MachineDaoTest
14:01:31.186 [Test worker] DEBUG org.springframework.boot.ApplicationEnvironment - Activating profiles []

  .   ____          _            __ _ _
 /\\ / ___'_ __ _ _(_)_ __  __ _ \ \ \ \
( ( )\___ | '_ | '_| | '_ \/ _` | \ \ \ \
 \\/  ___)| |_)| | | | | || (_| |  ) ) ) )
  '  |____| .__|_| |_|_| |_\__, | / / / /
 =========|_|==============|___/=/_/_/_/
 :: Spring Boot ::                (v3.1.5)

14:01:31.203 [Test worker] INFO  com.laundry.laundryMgmt.MachineTest.MachineDaoTest - Starting MachineDaoTest using Java 17.0.8 with PID 13228 (started by HP in C:\Users\HP\Documents\07. EMSE\TB3- Web movil and embeded programming\Project\laundryMgmt)
14:01:31.204 [Test worker] DEBUG com.laundry.laundryMgmt.MachineTest.MachineDaoTest - Running with Spring Boot v3.1.5, Spring v6.0.13
14:01:31.204 [Test worker] INFO  com.laundry.laundryMgmt.MachineTest.MachineDaoTest - No active profile set, falling back to 1 default profile: "default"
14:01:31.204 [Test worker] DEBUG org.springframework.boot.SpringApplication - Loading source class com.laundry.laundryMgmt.LaundryMgmtApplication
14:01:31.208 [Test worker] DEBUG org.springframework.context.annotation.AnnotationConfigApplicationContext - Refreshing org.springframework.context.annotation.AnnotationConfigApplicationContext@75225415
14:01:31.209 [Test worker] DEBUG org.springframework.beans.factory.support.DefaultListableBeanFactory - Creating shared instance of singleton bean 'org.springframework.context.annotation.internalConfigurationAnnotationProcessor'
14:01:31.210 [Test worker] DEBUG org.springframework.beans.factory.support.DefaultListableBeanFactory - Creating shared instance of singleton bean 'org.springframework.boot.autoconfigure.internalCachingMetadataReaderFactory'
14:01:31.486 [Test worker] INFO  org.springframework.data.repository.config.RepositoryConfigurationDelegate - Bootstrapping Spring Data JPA repositories in DEFAULT mode.
14:01:31.487 [Test worker] DEBUG org.springframework.beans.factory.support.DefaultListableBeanFactory - Creating shared instance of singleton bean 'org.springframework.boot.autoconfigure.AutoConfigurationPackages'
14:01:31.487 [Test worker] DEBUG org.springframework.boot.autoconfigure.AutoConfigurationPackages - @EnableAutoConfiguration was declared on a class in the package 'com.laundry.laundryMgmt'. Automatic @Repository and @Entity scanning is enabled.
14:01:31.487 [Test worker] DEBUG org.springframework.data.repository.config.RepositoryConfigurationDelegate - Scanning for JPA repositories in packages com.laundry.laundryMgmt.
14:01:31.501 [Test worker] DEBUG org.springframework.data.repository.config.RepositoryComponentProvider - Identified candidate component class: file [C:\Users\HP\Documents\07. EMSE\TB3- Web movil and embeded programming\Project\laundryMgmt\build\classes\java\main\com\laundry\laundryMgmt\dao\MachineDao.class]
14:01:31.502 [Test worker] DEBUG org.springframework.data.repository.config.RepositoryComponentProvider - Identified candidate component class: file [C:\Users\HP\Documents\07. EMSE\TB3- Web movil and embeded programming\Project\laundryMgmt\build\classes\java\main\com\laundry\laundryMgmt\dao\ReservationDao.class]
14:01:31.502 [Test worker] DEBUG org.springframework.data.repository.config.RepositoryComponentProvider - Identified candidate component class: file [C:\Users\HP\Documents\07. EMSE\TB3- Web movil and embeded programming\Project\laundryMgmt\build\classes\java\main\com\laundry\laundryMgmt\dao\SensorDao.class]
14:01:31.522 [Test worker] INFO  org.springframework.data.repository.config.RepositoryConfigurationDelegate - Finished Spring Data repository scanning in 35 ms. Found 3 JPA repository interfaces.
14:01:31.545 [Test worker] DEBUG org.springframework.beans.factory.support.DefaultListableBeanFactory - Creating shared instance of singleton bean 'org.springframework.boot.test.context.ImportsContextCustomizer$ImportsCleanupPostProcessor'
14:01:31.545 [Test worker] DEBUG org.springframework.beans.factory.support.DefaultListableBeanFactory - Creating shared instance of singleton bean 'embeddedDataSourceBeanFactoryPostProcessor'
14:01:31.549 [Test worker] INFO  org.springframework.boot.test.autoconfigure.jdbc.TestDatabaseAutoConfiguration$EmbeddedDataSourceBeanFactoryPostProcessor - Replacing 'dataSource' DataSource bean with embedded version
14:01:31.553 [Test worker] DEBUG org.springframework.beans.factory.support.DefaultListableBeanFactory - Creating shared instance of singleton bean 'org.springframework.boot.test.mock.mockito.MockitoPostProcessor'
14:01:31.554 [Test worker] DEBUG org.springframework.beans.factory.support.DefaultListableBeanFactory - Creating shared instance of singleton bean 'emBeanDefinitionRegistrarPostProcessor'
14:01:31.554 [Test worker] DEBUG org.springframework.beans.factory.support.DefaultListableBeanFactory - Creating shared instance of singleton bean 'org.springframework.boot.sql.init.dependency.DatabaseInitializationDependencyConfigurer$DependsOnDatabaseInitializationPostProcessor'
14:01:31.562 [Test worker] DEBUG org.springframework.beans.factory.support.DefaultListableBeanFactory - Creating shared instance of singleton bean 'org.springframework.context.event.internalEventListenerProcessor'
14:01:31.562 [Test worker] DEBUG org.springframework.beans.factory.support.DefaultListableBeanFactory - Creating shared instance of singleton bean 'org.springframework.context.event.internalEventListenerFactory'
14:01:31.562 [Test worker] DEBUG org.springframework.beans.factory.support.DefaultListableBeanFactory - Creating shared instance of singleton bean 'org.springframework.transaction.config.internalTransactionalEventListenerFactory'
14:01:31.565 [Test worker] DEBUG org.springframework.beans.factory.support.DefaultListableBeanFactory - Creating shared instance of singleton bean 'org.springframework.context.annotation.internalAutowiredAnnotationProcessor'
14:01:31.566 [Test worker] DEBUG org.springframework.beans.factory.support.DefaultListableBeanFactory - Creating shared instance of singleton bean 'org.springframework.context.annotation.internalCommonAnnotationProcessor'
14:01:31.569 [Test worker] DEBUG org.springframework.beans.factory.support.DefaultListableBeanFactory - Creating shared instance of singleton bean 'org.springframework.context.annotation.internalPersistenceAnnotationProcessor'
14:01:31.569 [Test worker] DEBUG org.springframework.beans.factory.support.DefaultListableBeanFactory - Creating shared instance of singleton bean 'org.springframework.boot.test.mock.mockito.MockitoPostProcessor$SpyPostProcessor'
14:01:31.570 [Test worker] DEBUG org.springframework.beans.factory.support.DefaultListableBeanFactory - Creating shared instance of singleton bean 'jdbcConnectionDetailsHikariBeanPostProcessor'
14:01:31.571 [Test worker] DEBUG org.springframework.beans.factory.support.DefaultListableBeanFactory - Creating shared instance of singleton bean 'org.springframework.boot.context.properties.ConfigurationPropertiesBindingPostProcessor'
14:01:31.571 [Test worker] DEBUG org.springframework.beans.factory.support.DefaultListableBeanFactory - Creating shared instance of singleton bean 'org.springframework.boot.context.internalConfigurationPropertiesBinder'
14:01:31.572 [Test worker] DEBUG org.springframework.beans.factory.support.DefaultListableBeanFactory - Creating shared instance of singleton bean 'org.springframework.aop.config.internalAutoProxyCreator'
14:01:31.578 [Test worker] DEBUG org.springframework.beans.factory.support.DefaultListableBeanFactory - Creating shared instance of singleton bean 'entityManagerFactory'
14:01:31.578 [Test worker] DEBUG org.springframework.beans.factory.support.DefaultListableBeanFactory - Creating shared instance of singleton bean 'org.springframework.boot.autoconfigure.orm.jpa.HibernateJpaConfiguration'
14:01:31.580 [Test worker] DEBUG org.springframework.beans.factory.support.DefaultListableBeanFactory - Creating shared instance of singleton bean 'dataSource'
14:01:31.594 [Test worker] INFO  org.springframework.jdbc.datasource.embedded.EmbeddedDatabaseFactory - Starting embedded database: url='jdbc:h2:mem:60060c63-e42d-4ae7-9b58-f501764a2801;DB_CLOSE_DELAY=-1;DB_CLOSE_ON_EXIT=false', username='sa'
14:01:31.594 [Test worker] DEBUG org.springframework.jdbc.datasource.DataSourceUtils - Fetching JDBC Connection from DataSource
14:01:31.594 [Test worker] DEBUG org.springframework.jdbc.datasource.SimpleDriverDataSource - Creating new JDBC Driver Connection to [jdbc:h2:mem:60060c63-e42d-4ae7-9b58-f501764a2801;DB_CLOSE_DELAY=-1;DB_CLOSE_ON_EXIT=false]
14:01:31.599 [Test worker] DEBUG org.springframework.beans.factory.support.DefaultListableBeanFactory - Creating shared instance of singleton bean 'org.springframework.transaction.config.internalTransactionAdvisor'
14:01:31.600 [Test worker] DEBUG org.springframework.beans.factory.support.DefaultListableBeanFactory - Creating shared instance of singleton bean 'org.springframework.transaction.annotation.ProxyTransactionManagementConfiguration'
14:01:31.603 [Test worker] DEBUG org.springframework.beans.factory.support.DefaultListableBeanFactory - Creating shared instance of singleton bean 'transactionAttributeSource'
14:01:31.605 [Test worker] DEBUG org.springframework.beans.factory.support.DefaultListableBeanFactory - Creating shared instance of singleton bean 'transactionInterceptor'
14:01:31.606 [Test worker] DEBUG org.springframework.beans.factory.support.DefaultListableBeanFactory - Autowiring by type from bean name 'transactionInterceptor' via factory method to bean named 'transactionAttributeSource'
14:01:31.607 [Test worker] DEBUG org.springframework.beans.factory.support.DefaultListableBeanFactory - Autowiring by type from bean name 'org.springframework.transaction.config.internalTransactionAdvisor' via factory method to bean named 'transactionAttributeSource'
14:01:31.607 [Test worker] DEBUG org.springframework.beans.factory.support.DefaultListableBeanFactory - Autowiring by type from bean name 'org.springframework.transaction.config.internalTransactionAdvisor' via factory method to bean named 'transactionInterceptor'
14:01:31.609 [Test worker] DEBUG org.springframework.beans.factory.support.DefaultListableBeanFactory - Creating shared instance of singleton bean 'spring.jpa-org.springframework.boot.autoconfigure.orm.jpa.JpaProperties'
14:01:31.609 [Test worker] DEBUG org.springframework.beans.factory.support.DefaultListableBeanFactory - Creating shared instance of singleton bean 'org.springframework.boot.context.properties.BoundConfigurationProperties'
14:01:31.616 [Test worker] DEBUG org.springframework.beans.factory.support.DefaultListableBeanFactory - Creating shared instance of singleton bean 'spring.jpa.hibernate-org.springframework.boot.autoconfigure.orm.jpa.HibernateProperties'
14:01:31.626 [Test worker] DEBUG org.springframework.beans.factory.support.DefaultListableBeanFactory - Autowiring by type from bean name 'org.springframework.boot.autoconfigure.orm.jpa.HibernateJpaConfiguration' via constructor to bean named 'dataSource'
14:01:31.626 [Test worker] DEBUG org.springframework.beans.factory.support.DefaultListableBeanFactory - Autowiring by type from bean name 'org.springframework.boot.autoconfigure.orm.jpa.HibernateJpaConfiguration' via constructor to bean named 'spring.jpa-org.springframework.boot.autoconfigure.orm.jpa.JpaProperties'
14:01:31.626 [Test worker] DEBUG org.springframework.beans.factory.support.DefaultListableBeanFactory - Autowiring by type from bean name 'org.springframework.boot.autoconfigure.orm.jpa.HibernateJpaConfiguration' via constructor to bean named 'org.springframework.beans.factory.support.DefaultListableBeanFactory@77376e83'
14:01:31.626 [Test worker] DEBUG org.springframework.beans.factory.support.DefaultListableBeanFactory - Autowiring by type from bean name 'org.springframework.boot.autoconfigure.orm.jpa.HibernateJpaConfiguration' via constructor to bean named 'spring.jpa.hibernate-org.springframework.boot.autoconfigure.orm.jpa.HibernateProperties'
14:01:31.628 [Test worker] DEBUG org.springframework.beans.factory.support.DefaultListableBeanFactory - Creating shared instance of singleton bean 'hikariPoolDataSourceMetadataProvider'
14:01:31.628 [Test worker] DEBUG org.springframework.beans.factory.support.DefaultListableBeanFactory - Creating shared instance of singleton bean 'org.springframework.boot.autoconfigure.jdbc.metadata.DataSourcePoolMetadataProvidersConfiguration$HikariPoolDataSourceMetadataProviderConfiguration'
14:01:31.632 [Test worker] DEBUG org.springframework.beans.factory.support.DefaultListableBeanFactory - Creating shared instance of singleton bean 'entityManagerFactoryBuilder'
14:01:31.632 [Test worker] DEBUG org.springframework.beans.factory.support.DefaultListableBeanFactory - Creating shared instance of singleton bean 'jpaVendorAdapter'
14:01:31.634 [Test worker] DEBUG org.springframework.beans.factory.support.DefaultListableBeanFactory - Autowiring by type from bean name 'entityManagerFactoryBuilder' via factory method to bean named 'jpaVendorAdapter'
14:01:31.635 [Test worker] DEBUG org.springframework.beans.factory.support.DefaultListableBeanFactory - Creating shared instance of singleton bean 'persistenceManagedTypes'
14:01:31.638 [Test worker] DEBUG org.springframework.beans.factory.support.DefaultListableBeanFactory - Autowiring by type from bean name 'persistenceManagedTypes' via factory method to bean named 'org.springframework.beans.factory.support.DefaultListableBeanFactory@77376e83'
14:01:31.638 [Test worker] DEBUG org.springframework.beans.factory.support.DefaultListableBeanFactory - Autowiring by type from bean name 'persistenceManagedTypes' via factory method to bean named 'org.springframework.context.annotation.AnnotationConfigApplicationContext@75225415'
14:01:31.647 [Test worker] DEBUG org.springframework.beans.factory.support.DefaultListableBeanFactory - Autowiring by type from bean name 'entityManagerFactory' via factory method to bean named 'entityManagerFactoryBuilder'
14:01:31.647 [Test worker] DEBUG org.springframework.beans.factory.support.DefaultListableBeanFactory - Autowiring by type from bean name 'entityManagerFactory' via factory method to bean named 'persistenceManagedTypes'
14:01:31.647 [Test worker] DEBUG org.springframework.jdbc.datasource.DataSourceUtils - Fetching JDBC Connection from DataSource
14:01:31.647 [Test worker] DEBUG org.springframework.jdbc.datasource.SimpleDriverDataSource - Creating new JDBC Driver Connection to [jdbc:h2:mem:60060c63-e42d-4ae7-9b58-f501764a2801;DB_CLOSE_DELAY=-1;DB_CLOSE_ON_EXIT=false]
14:01:31.651 [Test worker] DEBUG org.springframework.orm.jpa.LocalContainerEntityManagerFactoryBean - Building JPA container EntityManagerFactory for persistence unit 'default'
14:01:31.652 [Test worker] DEBUG org.hibernate.jpa.internal.util.LogHelper - PersistenceUnitInfo [
	name: default
	persistence provider classname: null
	classloader: jdk.internal.loader.ClassLoaders$AppClassLoader@73d16e93
	excludeUnlistedClasses: true
	JTA datasource: null
	Non JTA datasource: org.springframework.jdbc.datasource.embedded.EmbeddedDatabaseFactory$EmbeddedDataSourceProxy@47511582
	Transaction type: RESOURCE_LOCAL
	PU root URL: file:/C:/Users/HP/Documents/07.%20EMSE/TB3-%20Web%20movil%20and%20embeded%20programming/Project/laundryMgmt/build/classes/java/test/
	Shared Cache Mode: UNSPECIFIED
	Validation Mode: AUTO
	Jar files URLs []
	Managed classes names [
		com.laundry.laundryMgmt.models.MachineEntity
		com.laundry.laundryMgmt.models.ReservationEntity
		com.laundry.laundryMgmt.models.SensorEntity]
	Mapping files names []
	Properties []
14:01:31.653 [Test worker] DEBUG org.hibernate.integrator.internal.IntegratorServiceImpl - Adding Integrator [org.hibernate.boot.beanvalidation.BeanValidationIntegrator].
14:01:31.653 [Test worker] DEBUG org.hibernate.integrator.internal.IntegratorServiceImpl - Adding Integrator [org.hibernate.cache.internal.CollectionCacheInvalidator].
14:01:31.663 [Test worker] DEBUG org.hibernate.orm.idgen.factory - Registering IdentifierGenerator strategy [uuid2] -> [org.hibernate.id.UUIDGenerator]
14:01:31.663 [Test worker] DEBUG org.hibernate.orm.idgen.factory - Registering IdentifierGenerator strategy [guid] -> [org.hibernate.id.GUIDGenerator]
14:01:31.663 [Test worker] DEBUG org.hibernate.orm.idgen.factory - Registering IdentifierGenerator strategy [uuid] -> [org.hibernate.id.UUIDHexGenerator]
14:01:31.663 [Test worker] DEBUG org.hibernate.orm.idgen.factory - Registering IdentifierGenerator strategy [uuid.hex] -> [org.hibernate.id.UUIDHexGenerator]
14:01:31.663 [Test worker] DEBUG org.hibernate.orm.idgen.factory - Registering IdentifierGenerator strategy [assigned] -> [org.hibernate.id.Assigned]
14:01:31.663 [Test worker] DEBUG org.hibernate.orm.idgen.factory - Registering IdentifierGenerator strategy [identity] -> [org.hibernate.id.IdentityGenerator]
14:01:31.664 [Test worker] DEBUG org.hibernate.orm.idgen.factory - Registering IdentifierGenerator strategy [select] -> [org.hibernate.id.SelectGenerator]
14:01:31.664 [Test worker] DEBUG org.hibernate.orm.idgen.factory - Registering IdentifierGenerator strategy [sequence] -> [org.hibernate.id.enhanced.SequenceStyleGenerator]
14:01:31.664 [Test worker] DEBUG org.hibernate.orm.idgen.factory - Registering IdentifierGenerator strategy [increment] -> [org.hibernate.id.IncrementGenerator]
14:01:31.664 [Test worker] DEBUG org.hibernate.orm.idgen.factory - Registering IdentifierGenerator strategy [foreign] -> [org.hibernate.id.ForeignGenerator]
14:01:31.664 [Test worker] DEBUG org.hibernate.orm.idgen.factory - Registering IdentifierGenerator strategy [enhanced-sequence] -> [org.hibernate.id.enhanced.SequenceStyleGenerator]
14:01:31.664 [Test worker] DEBUG org.hibernate.orm.idgen.factory - Registering IdentifierGenerator strategy [enhanced-table] -> [org.hibernate.id.enhanced.TableGenerator]
14:01:31.665 [Test worker] DEBUG org.hibernate.cache.internal.RegionFactoryInitiator - Cannot default RegionFactory based on registered strategies as `[]` RegionFactory strategies were registered
14:01:31.665 [Test worker] DEBUG org.hibernate.cache.internal.RegionFactoryInitiator - Cache region factory : org.hibernate.cache.internal.NoCachingRegionFactory
14:01:31.666 [Test worker] DEBUG org.hibernate.type.BasicTypeRegistry - Adding type registration boolean -> org.hibernate.type.BasicTypeReference@5f3ddc86
14:01:31.666 [Test worker] DEBUG org.hibernate.type.BasicTypeRegistry - Adding type registration boolean -> org.hibernate.type.BasicTypeReference@5f3ddc86
14:01:31.666 [Test worker] DEBUG org.hibernate.type.BasicTypeRegistry - Adding type registration java.lang.Boolean -> org.hibernate.type.BasicTypeReference@5f3ddc86
14:01:31.666 [Test worker] DEBUG org.hibernate.type.BasicTypeRegistry - Adding type registration numeric_boolean -> org.hibernate.type.BasicTypeReference@78e043e4
14:01:31.666 [Test worker] DEBUG org.hibernate.type.BasicTypeRegistry - Adding type registration org.hibernate.type.NumericBooleanConverter -> org.hibernate.type.BasicTypeReference@78e043e4
14:01:31.666 [Test worker] DEBUG org.hibernate.type.BasicTypeRegistry - Adding type registration true_false -> org.hibernate.type.BasicTypeReference@336d28a1
14:01:31.666 [Test worker] DEBUG org.hibernate.type.BasicTypeRegistry - Adding type registration org.hibernate.type.TrueFalseConverter -> org.hibernate.type.BasicTypeReference@336d28a1
14:01:31.666 [Test worker] DEBUG org.hibernate.type.BasicTypeRegistry - Adding type registration yes_no -> org.hibernate.type.BasicTypeReference@738a39cc
14:01:31.667 [Test worker] DEBUG org.hibernate.type.BasicTypeRegistry - Adding type registration org.hibernate.type.YesNoConverter -> org.hibernate.type.BasicTypeReference@738a39cc
14:01:31.667 [Test worker] DEBUG org.hibernate.type.BasicTypeRegistry - Adding type registration byte -> org.hibernate.type.BasicTypeReference@42e202d7
14:01:31.667 [Test worker] DEBUG org.hibernate.type.BasicTypeRegistry - Adding type registration byte -> org.hibernate.type.BasicTypeReference@42e202d7
14:01:31.667 [Test worker] DEBUG org.hibernate.type.BasicTypeRegistry - Adding type registration java.lang.Byte -> org.hibernate.type.BasicTypeReference@42e202d7
14:01:31.667 [Test worker] DEBUG org.hibernate.type.BasicTypeRegistry - Adding type registration binary -> org.hibernate.type.BasicTypeReference@38e7860c
14:01:31.668 [Test worker] DEBUG org.hibernate.type.BasicTypeRegistry - Adding type registration byte[] -> org.hibernate.type.BasicTypeReference@38e7860c
14:01:31.668 [Test worker] DEBUG org.hibernate.type.BasicTypeRegistry - Adding type registration [B -> org.hibernate.type.BasicTypeReference@38e7860c
14:01:31.668 [Test worker] DEBUG org.hibernate.type.BasicTypeRegistry - Adding type registration binary_wrapper -> org.hibernate.type.BasicTypeReference@62158991
14:01:31.668 [Test worker] DEBUG org.hibernate.type.BasicTypeRegistry - Adding type registration wrapper-binary -> org.hibernate.type.BasicTypeReference@62158991
14:01:31.668 [Test worker] DEBUG org.hibernate.type.BasicTypeRegistry - Adding type registration image -> org.hibernate.type.BasicTypeReference@40738846
14:01:31.668 [Test worker] DEBUG org.hibernate.type.BasicTypeRegistry - Adding type registration blob -> org.hibernate.type.BasicTypeReference@1255de25
14:01:31.668 [Test worker] DEBUG org.hibernate.type.BasicTypeRegistry - Adding type registration java.sql.Blob -> org.hibernate.type.BasicTypeReference@1255de25
14:01:31.669 [Test worker] DEBUG org.hibernate.type.BasicTypeRegistry - Adding type registration materialized_blob -> org.hibernate.type.BasicTypeReference@1686ed85
14:01:31.669 [Test worker] DEBUG org.hibernate.type.BasicTypeRegistry - Adding type registration materialized_blob_wrapper -> org.hibernate.type.BasicTypeReference@5891b7c5
14:01:31.669 [Test worker] DEBUG org.hibernate.type.BasicTypeRegistry - Adding type registration short -> org.hibernate.type.BasicTypeReference@4fc3529
14:01:31.669 [Test worker] DEBUG org.hibernate.type.BasicTypeRegistry - Adding type registration short -> org.hibernate.type.BasicTypeReference@4fc3529
14:01:31.669 [Test worker] DEBUG org.hibernate.type.BasicTypeRegistry - Adding type registration java.lang.Short -> org.hibernate.type.BasicTypeReference@4fc3529
14:01:31.669 [Test worker] DEBUG org.hibernate.type.BasicTypeRegistry - Adding type registration integer -> org.hibernate.type.BasicTypeReference@38e46765
14:01:31.669 [Test worker] DEBUG org.hibernate.type.BasicTypeRegistry - Adding type registration int -> org.hibernate.type.BasicTypeReference@38e46765
14:01:31.669 [Test worker] DEBUG org.hibernate.type.BasicTypeRegistry - Adding type registration java.lang.Integer -> org.hibernate.type.BasicTypeReference@38e46765
14:01:31.670 [Test worker] DEBUG org.hibernate.type.BasicTypeRegistry - Adding type registration long -> org.hibernate.type.BasicTypeReference@192f5f39
14:01:31.670 [Test worker] DEBUG org.hibernate.type.BasicTypeRegistry - Adding type registration long -> org.hibernate.type.BasicTypeReference@192f5f39
14:01:31.670 [Test worker] DEBUG org.hibernate.type.BasicTypeRegistry - Adding type registration java.lang.Long -> org.hibernate.type.BasicTypeReference@192f5f39
14:01:31.670 [Test worker] DEBUG org.hibernate.type.BasicTypeRegistry - Adding type registration float -> org.hibernate.type.BasicTypeReference@4cd5fc46
14:01:31.670 [Test worker] DEBUG org.hibernate.type.BasicTypeRegistry - Adding type registration float -> org.hibernate.type.BasicTypeReference@4cd5fc46
14:01:31.671 [Test worker] DEBUG org.hibernate.type.BasicTypeRegistry - Adding type registration java.lang.Float -> org.hibernate.type.BasicTypeReference@4cd5fc46
14:01:31.671 [Test worker] DEBUG org.hibernate.type.BasicTypeRegistry - Adding type registration double -> org.hibernate.type.BasicTypeReference@2965dd88
14:01:31.671 [Test worker] DEBUG org.hibernate.type.BasicTypeRegistry - Adding type registration double -> org.hibernate.type.BasicTypeReference@2965dd88
14:01:31.671 [Test worker] DEBUG org.hibernate.type.BasicTypeRegistry - Adding type registration java.lang.Double -> org.hibernate.type.BasicTypeReference@2965dd88
14:01:31.671 [Test worker] DEBUG org.hibernate.type.BasicTypeRegistry - Adding type registration big_integer -> org.hibernate.type.BasicTypeReference@3221588e
14:01:31.671 [Test worker] DEBUG org.hibernate.type.BasicTypeRegistry - Adding type registration java.math.BigInteger -> org.hibernate.type.BasicTypeReference@3221588e
14:01:31.671 [Test worker] DEBUG org.hibernate.type.BasicTypeRegistry - Adding type registration big_decimal -> org.hibernate.type.BasicTypeReference@51141f64
14:01:31.671 [Test worker] DEBUG org.hibernate.type.BasicTypeRegistry - Adding type registration java.math.BigDecimal -> org.hibernate.type.BasicTypeReference@51141f64
14:01:31.672 [Test worker] DEBUG org.hibernate.type.BasicTypeRegistry - Adding type registration character -> org.hibernate.type.BasicTypeReference@32c0fecc
14:01:31.672 [Test worker] DEBUG org.hibernate.type.BasicTypeRegistry - Adding type registration char -> org.hibernate.type.BasicTypeReference@32c0fecc
14:01:31.672 [Test worker] DEBUG org.hibernate.type.BasicTypeRegistry - Adding type registration java.lang.Character -> org.hibernate.type.BasicTypeReference@32c0fecc
14:01:31.672 [Test worker] DEBUG org.hibernate.type.BasicTypeRegistry - Adding type registration character_nchar -> org.hibernate.type.BasicTypeReference@35ceec81
14:01:31.672 [Test worker] DEBUG org.hibernate.type.BasicTypeRegistry - Adding type registration string -> org.hibernate.type.BasicTypeReference@d13379e
14:01:31.672 [Test worker] DEBUG org.hibernate.type.BasicTypeRegistry - Adding type registration java.lang.String -> org.hibernate.type.BasicTypeReference@d13379e
14:01:31.672 [Test worker] DEBUG org.hibernate.type.BasicTypeRegistry - Adding type registration nstring -> org.hibernate.type.BasicTypeReference@7c8df667
14:01:31.673 [Test worker] DEBUG org.hibernate.type.BasicTypeRegistry - Adding type registration characters -> org.hibernate.type.BasicTypeReference@498e41a4
14:01:31.673 [Test worker] DEBUG org.hibernate.type.BasicTypeRegistry - Adding type registration char[] -> org.hibernate.type.BasicTypeReference@498e41a4
14:01:31.673 [Test worker] DEBUG org.hibernate.type.BasicTypeRegistry - Adding type registration [C -> org.hibernate.type.BasicTypeReference@498e41a4
14:01:31.673 [Test worker] DEBUG org.hibernate.type.BasicTypeRegistry - Adding type registration wrapper-characters -> org.hibernate.type.BasicTypeReference@be616f0
14:01:31.673 [Test worker] DEBUG org.hibernate.type.BasicTypeRegistry - Adding type registration text -> org.hibernate.type.BasicTypeReference@1f5d7fd5
14:01:31.673 [Test worker] DEBUG org.hibernate.type.BasicTypeRegistry - Adding type registration ntext -> org.hibernate.type.BasicTypeReference@cf08c97
14:01:31.673 [Test worker] DEBUG org.hibernate.type.BasicTypeRegistry - Adding type registration clob -> org.hibernate.type.BasicTypeReference@37c87fcc
14:01:31.673 [Test worker] DEBUG org.hibernate.type.BasicTypeRegistry - Adding type registration java.sql.Clob -> org.hibernate.type.BasicTypeReference@37c87fcc
14:01:31.674 [Test worker] DEBUG org.hibernate.type.BasicTypeRegistry - Adding type registration nclob -> org.hibernate.type.BasicTypeReference@ca2be53
14:01:31.674 [Test worker] DEBUG org.hibernate.type.BasicTypeRegistry - Adding type registration java.sql.NClob -> org.hibernate.type.BasicTypeReference@ca2be53
14:01:31.674 [Test worker] DEBUG org.hibernate.type.BasicTypeRegistry - Adding type registration materialized_clob -> org.hibernate.type.BasicTypeReference@78f5cbc5
14:01:31.674 [Test worker] DEBUG org.hibernate.type.BasicTypeRegistry - Adding type registration materialized_clob_char_array -> org.hibernate.type.BasicTypeReference@70697478
14:01:31.674 [Test worker] DEBUG org.hibernate.type.BasicTypeRegistry - Adding type registration materialized_clob_character_array -> org.hibernate.type.BasicTypeReference@42b43a6
14:01:31.674 [Test worker] DEBUG org.hibernate.type.BasicTypeRegistry - Adding type registration materialized_nclob -> org.hibernate.type.BasicTypeReference@1d622556
14:01:31.675 [Test worker] DEBUG org.hibernate.type.BasicTypeRegistry - Adding type registration materialized_nclob_character_array -> org.hibernate.type.BasicTypeReference@4b9f7edc
14:01:31.675 [Test worker] DEBUG org.hibernate.type.BasicTypeRegistry - Adding type registration materialized_nclob_char_array -> org.hibernate.type.BasicTypeReference@70ee1963
14:01:31.675 [Test worker] DEBUG org.hibernate.type.BasicTypeRegistry - Adding type registration Duration -> org.hibernate.type.BasicTypeReference@2e0652ab
14:01:31.675 [Test worker] DEBUG org.hibernate.type.BasicTypeRegistry - Adding type registration java.time.Duration -> org.hibernate.type.BasicTypeReference@2e0652ab
14:01:31.675 [Test worker] DEBUG org.hibernate.type.BasicTypeRegistry - Adding type registration LocalDateTime -> org.hibernate.type.BasicTypeReference@22c29aa8
14:01:31.675 [Test worker] DEBUG org.hibernate.type.BasicTypeRegistry - Adding type registration java.time.LocalDateTime -> org.hibernate.type.BasicTypeReference@22c29aa8
14:01:31.676 [Test worker] DEBUG org.hibernate.type.BasicTypeRegistry - Adding type registration LocalDate -> org.hibernate.type.BasicTypeReference@129b69b2
14:01:31.676 [Test worker] DEBUG org.hibernate.type.BasicTypeRegistry - Adding type registration java.time.LocalDate -> org.hibernate.type.BasicTypeReference@129b69b2
14:01:31.676 [Test worker] DEBUG org.hibernate.type.BasicTypeRegistry - Adding type registration LocalTime -> org.hibernate.type.BasicTypeReference@12be4f83
14:01:31.676 [Test worker] DEBUG org.hibernate.type.BasicTypeRegistry - Adding type registration java.time.LocalTime -> org.hibernate.type.BasicTypeReference@12be4f83
14:01:31.676 [Test worker] DEBUG org.hibernate.type.BasicTypeRegistry - Adding type registration OffsetDateTime -> org.hibernate.type.BasicTypeReference@eb1d475
14:01:31.676 [Test worker] DEBUG org.hibernate.type.BasicTypeRegistry - Adding type registration java.time.OffsetDateTime -> org.hibernate.type.BasicTypeReference@eb1d475
14:01:31.677 [Test worker] DEBUG org.hibernate.type.BasicTypeRegistry - Adding type registration OffsetDateTimeWithTimezone -> org.hibernate.type.BasicTypeReference@389008d1
14:01:31.677 [Test worker] DEBUG org.hibernate.type.BasicTypeRegistry - Adding type registration OffsetDateTimeWithoutTimezone -> org.hibernate.type.BasicTypeReference@718f3088
14:01:31.677 [Test worker] DEBUG org.hibernate.type.BasicTypeRegistry - Adding type registration OffsetTime -> org.hibernate.type.BasicTypeReference@11adab6d
14:01:31.677 [Test worker] DEBUG org.hibernate.type.BasicTypeRegistry - Adding type registration java.time.OffsetTime -> org.hibernate.type.BasicTypeReference@11adab6d
14:01:31.677 [Test worker] DEBUG org.hibernate.type.BasicTypeRegistry - Adding type registration OffsetTimeUtc -> org.hibernate.type.BasicTypeReference@11bfd751
14:01:31.677 [Test worker] DEBUG org.hibernate.type.BasicTypeRegistry - Adding type registration OffsetTimeWithTimezone -> org.hibernate.type.BasicTypeReference@29519337
14:01:31.678 [Test worker] DEBUG org.hibernate.type.BasicTypeRegistry - Adding type registration OffsetTimeWithoutTimezone -> org.hibernate.type.BasicTypeReference@2152fde5
14:01:31.678 [Test worker] DEBUG org.hibernate.type.BasicTypeRegistry - Adding type registration ZonedDateTime -> org.hibernate.type.BasicTypeReference@5d58dc61
14:01:31.678 [Test worker] DEBUG org.hibernate.type.BasicTypeRegistry - Adding type registration java.time.ZonedDateTime -> org.hibernate.type.BasicTypeReference@5d58dc61
14:01:31.678 [Test worker] DEBUG org.hibernate.type.BasicTypeRegistry - Adding type registration ZonedDateTimeWithTimezone -> org.hibernate.type.BasicTypeReference@32328dc4
14:01:31.678 [Test worker] DEBUG org.hibernate.type.BasicTypeRegistry - Adding type registration ZonedDateTimeWithoutTimezone -> org.hibernate.type.BasicTypeReference@17df689e
14:01:31.678 [Test worker] DEBUG org.hibernate.type.BasicTypeRegistry - Adding type registration date -> org.hibernate.type.BasicTypeReference@21540255
14:01:31.678 [Test worker] DEBUG org.hibernate.type.BasicTypeRegistry - Adding type registration java.sql.Date -> org.hibernate.type.BasicTypeReference@21540255
14:01:31.678 [Test worker] DEBUG org.hibernate.type.BasicTypeRegistry - Adding type registration time -> org.hibernate.type.BasicTypeReference@3a7469ca
14:01:31.678 [Test worker] DEBUG org.hibernate.type.BasicTypeRegistry - Adding type registration java.sql.Time -> org.hibernate.type.BasicTypeReference@3a7469ca
14:01:31.679 [Test worker] DEBUG org.hibernate.type.BasicTypeRegistry - Adding type registration timestamp -> org.hibernate.type.BasicTypeReference@1c8e8fed
14:01:31.679 [Test worker] DEBUG org.hibernate.type.BasicTypeRegistry - Adding type registration java.sql.Timestamp -> org.hibernate.type.BasicTypeReference@1c8e8fed
14:01:31.679 [Test worker] DEBUG org.hibernate.type.BasicTypeRegistry - Adding type registration java.util.Date -> org.hibernate.type.BasicTypeReference@1c8e8fed
14:01:31.679 [Test worker] DEBUG org.hibernate.type.BasicTypeRegistry - Adding type registration calendar -> org.hibernate.type.BasicTypeReference@70f98f7a
14:01:31.679 [Test worker] DEBUG org.hibernate.type.BasicTypeRegistry - Adding type registration java.util.Calendar -> org.hibernate.type.BasicTypeReference@70f98f7a
14:01:31.679 [Test worker] DEBUG org.hibernate.type.BasicTypeRegistry - Adding type registration java.util.GregorianCalendar -> org.hibernate.type.BasicTypeReference@70f98f7a
14:01:31.680 [Test worker] DEBUG org.hibernate.type.BasicTypeRegistry - Adding type registration calendar_date -> org.hibernate.type.BasicTypeReference@713e7d9a
14:01:31.680 [Test worker] DEBUG org.hibernate.type.BasicTypeRegistry - Adding type registration calendar_time -> org.hibernate.type.BasicTypeReference@681d704e
14:01:31.680 [Test worker] DEBUG org.hibernate.type.BasicTypeRegistry - Adding type registration instant -> org.hibernate.type.BasicTypeReference@846b47
14:01:31.680 [Test worker] DEBUG org.hibernate.type.BasicTypeRegistry - Adding type registration java.time.Instant -> org.hibernate.type.BasicTypeReference@846b47
14:01:31.680 [Test worker] DEBUG org.hibernate.type.BasicTypeRegistry - Adding type registration uuid -> org.hibernate.type.BasicTypeReference@3c3ab672
14:01:31.680 [Test worker] DEBUG org.hibernate.type.BasicTypeRegistry - Adding type registration java.util.UUID -> org.hibernate.type.BasicTypeReference@3c3ab672
14:01:31.680 [Test worker] DEBUG org.hibernate.type.BasicTypeRegistry - Adding type registration pg-uuid -> org.hibernate.type.BasicTypeReference@3c3ab672
14:01:31.681 [Test worker] DEBUG org.hibernate.type.BasicTypeRegistry - Adding type registration uuid-binary -> org.hibernate.type.BasicTypeReference@3e6acec2
14:01:31.681 [Test worker] DEBUG org.hibernate.type.BasicTypeRegistry - Adding type registration uuid-char -> org.hibernate.type.BasicTypeReference@3d764641
14:01:31.681 [Test worker] DEBUG org.hibernate.type.BasicTypeRegistry - Adding type registration class -> org.hibernate.type.BasicTypeReference@1e8bccfb
14:01:31.681 [Test worker] DEBUG org.hibernate.type.BasicTypeRegistry - Adding type registration java.lang.Class -> org.hibernate.type.BasicTypeReference@1e8bccfb
14:01:31.681 [Test worker] DEBUG org.hibernate.type.BasicTypeRegistry - Adding type registration currency -> org.hibernate.type.BasicTypeReference@77eb607e
14:01:31.681 [Test worker] DEBUG org.hibernate.type.BasicTypeRegistry - Adding type registration Currency -> org.hibernate.type.BasicTypeReference@77eb607e
14:01:31.681 [Test worker] DEBUG org.hibernate.type.BasicTypeRegistry - Adding type registration java.util.Currency -> org.hibernate.type.BasicTypeReference@77eb607e
14:01:31.681 [Test worker] DEBUG org.hibernate.type.BasicTypeRegistry - Adding type registration locale -> org.hibernate.type.BasicTypeReference@1f1fbc9f
14:01:31.681 [Test worker] DEBUG org.hibernate.type.BasicTypeRegistry - Adding type registration java.util.Locale -> org.hibernate.type.BasicTypeReference@1f1fbc9f
14:01:31.682 [Test worker] DEBUG org.hibernate.type.BasicTypeRegistry - Adding type registration serializable -> org.hibernate.type.BasicTypeReference@10d4b573
14:01:31.682 [Test worker] DEBUG org.hibernate.type.BasicTypeRegistry - Adding type registration java.io.Serializable -> org.hibernate.type.BasicTypeReference@10d4b573
14:01:31.682 [Test worker] DEBUG org.hibernate.type.BasicTypeRegistry - Adding type registration timezone -> org.hibernate.type.BasicTypeReference@50785f86
14:01:31.682 [Test worker] DEBUG org.hibernate.type.BasicTypeRegistry - Adding type registration java.util.TimeZone -> org.hibernate.type.BasicTypeReference@50785f86
14:01:31.682 [Test worker] DEBUG org.hibernate.type.BasicTypeRegistry - Adding type registration ZoneOffset -> org.hibernate.type.BasicTypeReference@7c3c3d67
14:01:31.682 [Test worker] DEBUG org.hibernate.type.BasicTypeRegistry - Adding type registration java.time.ZoneOffset -> org.hibernate.type.BasicTypeReference@7c3c3d67
14:01:31.682 [Test worker] DEBUG org.hibernate.type.BasicTypeRegistry - Adding type registration url -> org.hibernate.type.BasicTypeReference@1e258d3b
14:01:31.682 [Test worker] DEBUG org.hibernate.type.BasicTypeRegistry - Adding type registration java.net.URL -> org.hibernate.type.BasicTypeReference@1e258d3b
14:01:31.683 [Test worker] DEBUG org.hibernate.type.BasicTypeRegistry - Adding type registration row_version -> org.hibernate.type.BasicTypeReference@2b6fcca1
14:01:31.683 [Test worker] DEBUG org.hibernate.type.BasicTypeRegistry - Adding type registration object -> org.hibernate.type.JavaObjectType@2f0cab82
14:01:31.683 [Test worker] DEBUG org.hibernate.type.BasicTypeRegistry - Adding type registration java.lang.Object -> org.hibernate.type.JavaObjectType@2f0cab82
14:01:31.683 [Test worker] DEBUG org.hibernate.type.BasicTypeRegistry - Adding type registration null -> org.hibernate.type.NullType@261a66b8
14:01:31.683 [Test worker] DEBUG org.hibernate.type.BasicTypeRegistry - Adding type registration imm_date -> org.hibernate.type.BasicTypeReference@27d9a016
14:01:31.683 [Test worker] DEBUG org.hibernate.type.BasicTypeRegistry - Adding type registration imm_time -> org.hibernate.type.BasicTypeReference@68c9cf93
14:01:31.683 [Test worker] DEBUG org.hibernate.type.BasicTypeRegistry - Adding type registration imm_timestamp -> org.hibernate.type.BasicTypeReference@2715b3ea
14:01:31.684 [Test worker] DEBUG org.hibernate.type.BasicTypeRegistry - Adding type registration imm_calendar -> org.hibernate.type.BasicTypeReference@30130a31
14:01:31.684 [Test worker] DEBUG org.hibernate.type.BasicTypeRegistry - Adding type registration imm_calendar_date -> org.hibernate.type.BasicTypeReference@5aa0d535
14:01:31.684 [Test worker] DEBUG org.hibernate.type.BasicTypeRegistry - Adding type registration imm_calendar_time -> org.hibernate.type.BasicTypeReference@7cb32ca5
14:01:31.684 [Test worker] DEBUG org.hibernate.type.BasicTypeRegistry - Adding type registration imm_binary -> org.hibernate.type.BasicTypeReference@76334a3a
14:01:31.684 [Test worker] DEBUG org.hibernate.type.BasicTypeRegistry - Adding type registration imm_serializable -> org.hibernate.type.BasicTypeReference@5e59844f
14:01:31.688 [Test worker] DEBUG org.hibernate.boot.internal.BootstrapContextImpl - Injecting JPA temp ClassLoader [org.springframework.instrument.classloading.SimpleThrowawayClassLoader@67bf393c] into BootstrapContext; was [null]
14:01:31.688 [Test worker] DEBUG org.hibernate.boot.internal.ClassLoaderAccessImpl - ClassLoaderAccessImpl#injectTempClassLoader(org.springframework.instrument.classloading.SimpleThrowawayClassLoader@67bf393c) [was null]
14:01:31.688 [Test worker] DEBUG org.hibernate.boot.internal.BootstrapContextImpl - Injecting ScanEnvironment [org.hibernate.jpa.boot.internal.StandardJpaScanEnvironmentImpl@b31cd6b] into BootstrapContext; was [null]
14:01:31.689 [Test worker] DEBUG org.hibernate.boot.internal.BootstrapContextImpl - Injecting ScanOptions [org.hibernate.boot.archive.scan.internal.StandardScanOptions@19d85bbe] into BootstrapContext; was [org.hibernate.boot.archive.scan.internal.StandardScanOptions@7c6f91d2]
14:01:31.693 [Test worker] DEBUG org.hibernate.bytecode.internal.BytecodeProviderInitiator - HHH000021: Bytecode provider name : bytebuddy
14:01:31.693 [Test worker] INFO  org.springframework.orm.jpa.persistenceunit.SpringPersistenceUnitInfo - No LoadTimeWeaver setup: ignoring JPA class transformer
14:01:31.693 [Test worker] DEBUG org.hibernate.boot.internal.BootstrapContextImpl - Injecting JPA temp ClassLoader [null] into BootstrapContext; was [org.springframework.instrument.classloading.SimpleThrowawayClassLoader@67bf393c]
14:01:31.693 [Test worker] DEBUG org.hibernate.boot.internal.ClassLoaderAccessImpl - ClassLoaderAccessImpl#injectTempClassLoader(null) [was org.springframework.instrument.classloading.SimpleThrowawayClassLoader@67bf393c]
14:01:31.696 [Test worker] DEBUG org.springframework.jdbc.datasource.SimpleDriverDataSource - Creating new JDBC Driver Connection to [jdbc:h2:mem:60060c63-e42d-4ae7-9b58-f501764a2801;DB_CLOSE_DELAY=-1;DB_CLOSE_ON_EXIT=false]
14:01:31.697 [Test worker] DEBUG org.hibernate.engine.jdbc.env.internal.JdbcEnvironmentInitiator - Database ->
       name : H2
    version : 2.1.214 (2022-06-13)
      major : 2
      minor : 1
14:01:31.697 [Test worker] DEBUG org.hibernate.engine.jdbc.env.internal.JdbcEnvironmentInitiator - Driver ->
       name : H2 JDBC Driver
    version : 2.1.214 (2022-06-13)
      major : 2
      minor : 1
14:01:31.697 [Test worker] DEBUG org.hibernate.engine.jdbc.env.internal.JdbcEnvironmentInitiator - JDBC version : 4.2
14:01:31.698 [Test worker] WARN  org.hibernate.orm.deprecation - HHH90000025: H2Dialect does not need to be specified explicitly using 'hibernate.dialect' (remove the property setting and it will be selected by default)
14:01:31.699 [Test worker] DEBUG org.hibernate.orm.dialect - HHH035001: Using dialect: org.hibernate.dialect.H2Dialect, version: 2.1.214
14:01:31.699 [Test worker] DEBUG org.hibernate.engine.jdbc.env.spi.IdentifierHelperBuilder - JDBC driver metadata reported database stores quoted identifiers in neither upper, lower nor mixed case
14:01:31.701 [Test worker] DEBUG org.hibernate.type.descriptor.jdbc.spi.JdbcTypeRegistry - addDescriptor(NCharTypeDescriptor) replaced previous registration(CharTypeDescriptor)
14:01:31.701 [Test worker] DEBUG org.hibernate.type.descriptor.jdbc.spi.JdbcTypeRegistry - addDescriptor(NVarcharTypeDescriptor) replaced previous registration(VarcharTypeDescriptor)
14:01:31.701 [Test worker] DEBUG org.hibernate.type.descriptor.jdbc.spi.JdbcTypeRegistry - addDescriptor(LongNVarcharTypeDescriptor) replaced previous registration(LongVarcharTypeDescriptor)
14:01:31.702 [Test worker] DEBUG org.hibernate.type.descriptor.jdbc.spi.JdbcTypeRegistry - addDescriptor(NClobTypeDescriptor(DEFAULT)) replaced previous registration(ClobTypeDescriptor(DEFAULT))
14:01:31.702 [Test worker] DEBUG org.hibernate.type.descriptor.jdbc.spi.JdbcTypeRegistry - addDescriptor(2005, ClobTypeDescriptor(STREAM_BINDING)) replaced previous registration(ClobTypeDescriptor(DEFAULT))
14:01:31.702 [Test worker] DEBUG org.hibernate.type.descriptor.jdbc.spi.JdbcTypeRegistry - addDescriptor(TimestampUtcDescriptor) replaced previous registration(TimestampUtcDescriptor)
14:01:31.703 [Test worker] DEBUG org.hibernate.type.BasicTypeRegistry - Adding type registration Duration -> basicType@18(java.time.Duration,2)
14:01:31.703 [Test worker] DEBUG org.hibernate.type.BasicTypeRegistry - Adding type registration java.time.Duration -> basicType@18(java.time.Duration,2)
14:01:31.703 [Test worker] DEBUG org.hibernate.type.spi.TypeConfiguration$Scope - Scoping TypeConfiguration [org.hibernate.type.spi.TypeConfiguration@3c67b7a9] to MetadataBuildingContext [org.hibernate.boot.internal.MetadataBuildingContextRootImpl@67b6cb6e]
14:01:31.703 [Test worker] DEBUG org.hibernate.boot.model.relational.Namespace - Created database namespace [logicalName=Name{catalog=null, schema=null}, physicalName=Name{catalog=null, schema=null}]
14:01:31.704 [Test worker] DEBUG org.hibernate.boot.model.internal.EntityBinder - Binding entity from annotated class: com.laundry.laundryMgmt.models.MachineEntity
14:01:31.705 [Test worker] DEBUG org.hibernate.boot.model.internal.EntityBinder - Import with entity name MachineEntity
14:01:31.705 [Test worker] DEBUG org.hibernate.boot.model.internal.EntityBinder - Bind entity com.laundry.laundryMgmt.models.MachineEntity on table machine_entity
14:01:31.706 [Test worker] DEBUG org.hibernate.boot.model.internal.AnnotatedColumn - Binding column: AnnotatedDiscriminatorColumn(column='DTYPE')
14:01:31.707 [Test worker] DEBUG org.hibernate.boot.model.internal.AnnotatedColumn - Binding column: AnnotatedColumn()
14:01:31.708 [Test worker] DEBUG org.hibernate.boot.internal.ClassLoaderAccessImpl - Not known whether passed class name [com.laundry.laundryMgmt.models.MachineEntity] is safe
14:01:31.708 [Test worker] DEBUG org.hibernate.boot.internal.ClassLoaderAccessImpl - No temp ClassLoader provided; using live ClassLoader for loading potentially unsafe class : com.laundry.laundryMgmt.models.MachineEntity
14:01:31.708 [Test worker] DEBUG org.hibernate.boot.model.internal.PropertyBinder - MetadataSourceProcessor property machineId with lazy=false
14:01:31.708 [Test worker] DEBUG org.hibernate.boot.model.internal.AbstractPropertyHolder - Attempting to locate auto-apply AttributeConverter for property [com.laundry.laundryMgmt.models.MachineEntity:machineId]
14:01:31.708 [Test worker] DEBUG org.hibernate.boot.model.internal.BasicValueBinder - building BasicValue for machineId
14:01:31.708 [Test worker] DEBUG org.hibernate.mapping.BasicValue - Skipping column re-registration: machine_entity.machine_id
14:01:31.708 [Test worker] DEBUG org.hibernate.boot.model.internal.PropertyBinder - Building property machineId
14:01:31.708 [Test worker] DEBUG org.hibernate.boot.model.internal.BinderHelper - #makeIdGenerator(BasicValue([Column(machine_id)]), machineId, org.hibernate.id.enhanced.SequenceStyleGenerator, , ...)
14:01:31.709 [Test worker] DEBUG org.hibernate.boot.model.internal.AnnotatedColumn - Binding column: AnnotatedColumn()
14:01:31.709 [Test worker] DEBUG org.hibernate.boot.model.internal.PropertyBinder - MetadataSourceProcessor property Available with lazy=false
14:01:31.709 [Test worker] DEBUG org.hibernate.boot.model.internal.AbstractPropertyHolder - Attempting to locate auto-apply AttributeConverter for property [com.laundry.laundryMgmt.models.MachineEntity:Available]
14:01:31.709 [Test worker] DEBUG org.hibernate.boot.model.internal.BasicValueBinder - building BasicValue for Available
14:01:31.709 [Test worker] DEBUG org.hibernate.mapping.BasicValue - Skipping column re-registration: machine_entity.available
14:01:31.709 [Test worker] DEBUG org.hibernate.boot.model.internal.PropertyBinder - Building property Available
14:01:31.710 [Test worker] DEBUG org.hibernate.boot.model.internal.AnnotatedColumn - Binding column: AnnotatedColumn()
14:01:31.710 [Test worker] DEBUG org.hibernate.boot.model.internal.PropertyBinder - MetadataSourceProcessor property MachineStatus with lazy=false
14:01:31.710 [Test worker] DEBUG org.hibernate.boot.model.internal.AbstractPropertyHolder - Attempting to locate auto-apply AttributeConverter for property [com.laundry.laundryMgmt.models.MachineEntity:MachineStatus]
14:01:31.710 [Test worker] DEBUG org.hibernate.boot.model.internal.BasicValueBinder - building BasicValue for MachineStatus
14:01:31.711 [Test worker] DEBUG org.hibernate.mapping.BasicValue - Skipping column re-registration: machine_entity.machine_status
14:01:31.711 [Test worker] DEBUG org.hibernate.boot.model.internal.PropertyBinder - Building property MachineStatus
14:01:31.712 [Test worker] DEBUG org.hibernate.boot.model.internal.AnnotatedColumn - Binding column: AnnotatedColumn()
14:01:31.712 [Test worker] DEBUG org.hibernate.boot.model.internal.PropertyBinder - MetadataSourceProcessor property Progress with lazy=false
14:01:31.713 [Test worker] DEBUG org.hibernate.boot.model.internal.AbstractPropertyHolder - Attempting to locate auto-apply AttributeConverter for property [com.laundry.laundryMgmt.models.MachineEntity:Progress]
14:01:31.713 [Test worker] DEBUG org.hibernate.boot.model.internal.BasicValueBinder - building BasicValue for Progress
14:01:31.713 [Test worker] DEBUG org.hibernate.mapping.BasicValue - Skipping column re-registration: machine_entity.progress
14:01:31.713 [Test worker] DEBUG org.hibernate.boot.model.internal.PropertyBinder - Building property Progress
14:01:31.713 [Test worker] DEBUG org.hibernate.boot.model.internal.AnnotatedColumn - Binding column: AnnotatedColumn()
14:01:31.714 [Test worker] DEBUG org.hibernate.boot.model.internal.PropertyBinder - MetadataSourceProcessor property StartingTime with lazy=false
14:01:31.714 [Test worker] DEBUG org.hibernate.boot.model.internal.AbstractPropertyHolder - Attempting to locate auto-apply AttributeConverter for property [com.laundry.laundryMgmt.models.MachineEntity:StartingTime]
14:01:31.714 [Test worker] DEBUG org.hibernate.boot.model.internal.BasicValueBinder - building BasicValue for StartingTime
14:01:31.714 [Test worker] DEBUG org.hibernate.mapping.BasicValue - Skipping column re-registration: machine_entity.starting_time
14:01:31.714 [Test worker] DEBUG org.hibernate.boot.model.internal.PropertyBinder - Building property StartingTime
14:01:31.715 [Test worker] DEBUG org.hibernate.boot.model.internal.AnnotatedColumn - Binding column: AnnotatedColumn()
14:01:31.715 [Test worker] DEBUG org.hibernate.boot.model.internal.PropertyBinder - MetadataSourceProcessor property cycleType with lazy=false
14:01:31.715 [Test worker] DEBUG org.hibernate.boot.model.internal.AbstractPropertyHolder - Attempting to locate auto-apply AttributeConverter for property [com.laundry.laundryMgmt.models.MachineEntity:cycleType]
14:01:31.715 [Test worker] DEBUG org.hibernate.boot.model.internal.BasicValueBinder - building BasicValue for cycleType
14:01:31.715 [Test worker] DEBUG org.hibernate.mapping.BasicValue - Skipping column re-registration: machine_entity.cycle_type
14:01:31.715 [Test worker] DEBUG org.hibernate.boot.model.internal.PropertyBinder - Building property cycleType
14:01:31.716 [Test worker] DEBUG org.hibernate.boot.model.internal.AnnotatedColumn - Binding column: AnnotatedColumn()
14:01:31.716 [Test worker] DEBUG org.hibernate.boot.model.internal.PropertyBinder - MetadataSourceProcessor property name with lazy=false
14:01:31.716 [Test worker] DEBUG org.hibernate.boot.model.internal.AbstractPropertyHolder - Attempting to locate auto-apply AttributeConverter for property [com.laundry.laundryMgmt.models.MachineEntity:name]
14:01:31.716 [Test worker] DEBUG org.hibernate.boot.model.internal.BasicValueBinder - building BasicValue for name
14:01:31.716 [Test worker] DEBUG org.hibernate.mapping.BasicValue - Skipping column re-registration: machine_entity.name
14:01:31.716 [Test worker] DEBUG org.hibernate.boot.model.internal.PropertyBinder - Building property name
14:01:31.717 [Test worker] DEBUG org.hibernate.boot.model.internal.EntityBinder - Binding entity from annotated class: com.laundry.laundryMgmt.models.ReservationEntity
14:01:31.717 [Test worker] DEBUG org.hibernate.boot.model.internal.EntityBinder - Import with entity name ReservationEntity
14:01:31.718 [Test worker] DEBUG org.hibernate.boot.model.internal.EntityBinder - Bind entity com.laundry.laundryMgmt.models.ReservationEntity on table reservation
14:01:31.718 [Test worker] DEBUG org.hibernate.boot.model.internal.AnnotatedColumn - Binding column: AnnotatedDiscriminatorColumn(column='DTYPE')
14:01:31.719 [Test worker] DEBUG org.hibernate.boot.model.internal.AnnotatedColumn - Binding column: AnnotatedColumn()
14:01:31.720 [Test worker] DEBUG org.hibernate.boot.internal.ClassLoaderAccessImpl - Not known whether passed class name [com.laundry.laundryMgmt.models.ReservationEntity] is safe
14:01:31.720 [Test worker] DEBUG org.hibernate.boot.internal.ClassLoaderAccessImpl - No temp ClassLoader provided; using live ClassLoader for loading potentially unsafe class : com.laundry.laundryMgmt.models.ReservationEntity
14:01:31.720 [Test worker] DEBUG org.hibernate.boot.model.internal.PropertyBinder - MetadataSourceProcessor property reservationId with lazy=false
14:01:31.720 [Test worker] DEBUG org.hibernate.boot.model.internal.AbstractPropertyHolder - Attempting to locate auto-apply AttributeConverter for property [com.laundry.laundryMgmt.models.ReservationEntity:reservationId]
14:01:31.720 [Test worker] DEBUG org.hibernate.boot.model.internal.BasicValueBinder - building BasicValue for reservationId
14:01:31.720 [Test worker] DEBUG org.hibernate.mapping.BasicValue - Skipping column re-registration: reservation.reservation_id
14:01:31.720 [Test worker] DEBUG org.hibernate.boot.model.internal.PropertyBinder - Building property reservationId
14:01:31.720 [Test worker] DEBUG org.hibernate.boot.model.internal.BinderHelper - #makeIdGenerator(BasicValue([Column(reservation_id)]), reservationId, org.hibernate.id.enhanced.SequenceStyleGenerator, , ...)
14:01:31.721 [Test worker] DEBUG org.hibernate.boot.model.internal.AnnotatedColumn - Binding column: AnnotatedJoinColumn()
14:01:31.721 [Test worker] DEBUG org.hibernate.boot.model.internal.AnnotatedColumn - Binding column: AnnotatedColumn()
14:01:31.722 [Test worker] DEBUG org.hibernate.boot.model.internal.PropertyBinder - Building property machine
14:01:31.722 [Test worker] DEBUG org.hibernate.boot.model.internal.AnnotatedColumn - Binding column: AnnotatedColumn(column='reservation_available')
14:01:31.722 [Test worker] DEBUG org.hibernate.boot.model.internal.PropertyBinder - MetadataSourceProcessor property reservationAvailable with lazy=false
14:01:31.723 [Test worker] DEBUG org.hibernate.boot.model.internal.AbstractPropertyHolder - Attempting to locate auto-apply AttributeConverter for property [com.laundry.laundryMgmt.models.ReservationEntity:reservationAvailable]
14:01:31.723 [Test worker] DEBUG org.hibernate.boot.model.internal.BasicValueBinder - building BasicValue for reservationAvailable
14:01:31.723 [Test worker] DEBUG org.hibernate.mapping.BasicValue - Skipping column re-registration: reservation.reservation_available
14:01:31.723 [Test worker] DEBUG org.hibernate.boot.model.internal.PropertyBinder - Building property reservationAvailable
14:01:31.723 [Test worker] DEBUG org.hibernate.boot.model.internal.AnnotatedColumn - Binding column: AnnotatedColumn(column='reservation_date')
14:01:31.723 [Test worker] DEBUG org.hibernate.boot.model.internal.PropertyBinder - MetadataSourceProcessor property reservationDate with lazy=false
14:01:31.724 [Test worker] DEBUG org.hibernate.boot.model.internal.AbstractPropertyHolder - Attempting to locate auto-apply AttributeConverter for property [com.laundry.laundryMgmt.models.ReservationEntity:reservationDate]
14:01:31.724 [Test worker] DEBUG org.hibernate.boot.model.internal.BasicValueBinder - building BasicValue for reservationDate
14:01:31.724 [Test worker] DEBUG org.hibernate.mapping.BasicValue - Skipping column re-registration: reservation.reservation_date
14:01:31.724 [Test worker] DEBUG org.hibernate.boot.model.internal.PropertyBinder - Building property reservationDate
14:01:31.724 [Test worker] DEBUG org.hibernate.boot.model.internal.AnnotatedColumn - Binding column: AnnotatedColumn(column='reservationEnd')
14:01:31.725 [Test worker] DEBUG org.hibernate.boot.model.internal.PropertyBinder - MetadataSourceProcessor property reservationEndTime with lazy=false
14:01:31.725 [Test worker] DEBUG org.hibernate.boot.model.internal.AbstractPropertyHolder - Attempting to locate auto-apply AttributeConverter for property [com.laundry.laundryMgmt.models.ReservationEntity:reservationEndTime]
14:01:31.725 [Test worker] DEBUG org.hibernate.boot.model.internal.BasicValueBinder - building BasicValue for reservationEndTime
14:01:31.725 [Test worker] DEBUG org.hibernate.mapping.BasicValue - Skipping column re-registration: reservation.reservation_end
14:01:31.725 [Test worker] DEBUG org.hibernate.boot.model.internal.PropertyBinder - Building property reservationEndTime
14:01:31.726 [Test worker] DEBUG org.hibernate.boot.model.internal.AnnotatedColumn - Binding column: AnnotatedColumn(column='reservationStart')
14:01:31.726 [Test worker] DEBUG org.hibernate.boot.model.internal.PropertyBinder - MetadataSourceProcessor property reservationStartTime with lazy=false
14:01:31.726 [Test worker] DEBUG org.hibernate.boot.model.internal.AbstractPropertyHolder - Attempting to locate auto-apply AttributeConverter for property [com.laundry.laundryMgmt.models.ReservationEntity:reservationStartTime]
14:01:31.727 [Test worker] DEBUG org.hibernate.boot.model.internal.BasicValueBinder - building BasicValue for reservationStartTime
14:01:31.727 [Test worker] DEBUG org.hibernate.mapping.BasicValue - Skipping column re-registration: reservation.reservation_start
14:01:31.727 [Test worker] DEBUG org.hibernate.boot.model.internal.PropertyBinder - Building property reservationStartTime
14:01:31.727 [Test worker] DEBUG org.hibernate.boot.model.internal.AnnotatedColumn - Binding column: AnnotatedColumn(column='reservation_user')
14:01:31.727 [Test worker] DEBUG org.hibernate.boot.model.internal.PropertyBinder - MetadataSourceProcessor property reservationUser with lazy=false
14:01:31.728 [Test worker] DEBUG org.hibernate.boot.model.internal.AbstractPropertyHolder - Attempting to locate auto-apply AttributeConverter for property [com.laundry.laundryMgmt.models.ReservationEntity:reservationUser]
14:01:31.728 [Test worker] DEBUG org.hibernate.boot.model.internal.BasicValueBinder - building BasicValue for reservationUser
14:01:31.728 [Test worker] DEBUG org.hibernate.mapping.BasicValue - Skipping column re-registration: reservation.reservation_user
14:01:31.728 [Test worker] DEBUG org.hibernate.boot.model.internal.PropertyBinder - Building property reservationUser
14:01:31.729 [Test worker] DEBUG org.hibernate.boot.model.internal.EntityBinder - Binding entity from annotated class: com.laundry.laundryMgmt.models.SensorEntity
14:01:31.729 [Test worker] DEBUG org.hibernate.boot.model.internal.EntityBinder - Import with entity name SensorEntity
14:01:31.729 [Test worker] DEBUG org.hibernate.boot.model.internal.EntityBinder - Bind entity com.laundry.laundryMgmt.models.SensorEntity on table sensor_entity
14:01:31.730 [Test worker] DEBUG org.hibernate.boot.model.internal.AnnotatedColumn - Binding column: AnnotatedDiscriminatorColumn(column='DTYPE')
14:01:31.731 [Test worker] DEBUG org.hibernate.boot.model.internal.AnnotatedColumn - Binding column: AnnotatedColumn()
14:01:31.731 [Test worker] DEBUG org.hibernate.boot.internal.ClassLoaderAccessImpl - Not known whether passed class name [com.laundry.laundryMgmt.models.SensorEntity] is safe
14:01:31.731 [Test worker] DEBUG org.hibernate.boot.internal.ClassLoaderAccessImpl - No temp ClassLoader provided; using live ClassLoader for loading potentially unsafe class : com.laundry.laundryMgmt.models.SensorEntity
14:01:31.732 [Test worker] DEBUG org.hibernate.boot.model.internal.PropertyBinder - MetadataSourceProcessor property sensorId with lazy=false
14:01:31.732 [Test worker] DEBUG org.hibernate.boot.model.internal.AbstractPropertyHolder - Attempting to locate auto-apply AttributeConverter for property [com.laundry.laundryMgmt.models.SensorEntity:sensorId]
14:01:31.732 [Test worker] DEBUG org.hibernate.boot.model.internal.BasicValueBinder - building BasicValue for sensorId
14:01:31.732 [Test worker] DEBUG org.hibernate.mapping.BasicValue - Skipping column re-registration: sensor_entity.sensor_id
14:01:31.732 [Test worker] DEBUG org.hibernate.boot.model.internal.PropertyBinder - Building property sensorId
14:01:31.732 [Test worker] DEBUG org.hibernate.boot.model.internal.BinderHelper - #makeIdGenerator(BasicValue([Column(sensor_id)]), sensorId, org.hibernate.id.enhanced.SequenceStyleGenerator, , ...)
14:01:31.732 [Test worker] DEBUG org.hibernate.boot.model.internal.AnnotatedColumn - Binding column: AnnotatedColumn()
14:01:31.733 [Test worker] DEBUG org.hibernate.boot.model.internal.PropertyBinder - MetadataSourceProcessor property Measure with lazy=false
14:01:31.733 [Test worker] DEBUG org.hibernate.boot.model.internal.AbstractPropertyHolder - Attempting to locate auto-apply AttributeConverter for property [com.laundry.laundryMgmt.models.SensorEntity:Measure]
14:01:31.733 [Test worker] DEBUG org.hibernate.boot.model.internal.BasicValueBinder - building BasicValue for Measure
14:01:31.733 [Test worker] DEBUG org.hibernate.mapping.BasicValue - Skipping column re-registration: sensor_entity.measure
14:01:31.733 [Test worker] DEBUG org.hibernate.boot.model.internal.PropertyBinder - Building property Measure
14:01:31.733 [Test worker] DEBUG org.hibernate.boot.model.internal.AnnotatedColumn - Binding column: AnnotatedJoinColumn()
14:01:31.733 [Test worker] DEBUG org.hibernate.boot.model.internal.AnnotatedColumn - Binding column: AnnotatedColumn()
14:01:31.734 [Test worker] DEBUG org.hibernate.boot.model.internal.PropertyBinder - Building property machine
14:01:31.734 [Test worker] DEBUG org.hibernate.boot.model.internal.AnnotatedColumn - Binding column: AnnotatedColumn()
14:01:31.735 [Test worker] DEBUG org.hibernate.boot.model.internal.PropertyBinder - MetadataSourceProcessor property sensorName with lazy=false
14:01:31.735 [Test worker] DEBUG org.hibernate.boot.model.internal.AbstractPropertyHolder - Attempting to locate auto-apply AttributeConverter for property [com.laundry.laundryMgmt.models.SensorEntity:sensorName]
14:01:31.735 [Test worker] DEBUG org.hibernate.boot.model.internal.BasicValueBinder - building BasicValue for sensorName
14:01:31.735 [Test worker] DEBUG org.hibernate.mapping.BasicValue - Skipping column re-registration: sensor_entity.sensor_name
14:01:31.735 [Test worker] DEBUG org.hibernate.boot.model.internal.PropertyBinder - Building property sensorName
14:01:31.735 [Test worker] DEBUG org.hibernate.boot.model.internal.AnnotatedColumn - Binding column: AnnotatedColumn()
14:01:31.736 [Test worker] DEBUG org.hibernate.boot.model.internal.PropertyBinder - MetadataSourceProcessor property sensorType with lazy=false
14:01:31.736 [Test worker] DEBUG org.hibernate.boot.model.internal.AbstractPropertyHolder - Attempting to locate auto-apply AttributeConverter for property [com.laundry.laundryMgmt.models.SensorEntity:sensorType]
14:01:31.736 [Test worker] DEBUG org.hibernate.boot.model.internal.BasicValueBinder - building BasicValue for sensorType
14:01:31.736 [Test worker] DEBUG org.hibernate.mapping.BasicValue - Skipping column re-registration: sensor_entity.sensor_type
14:01:31.736 [Test worker] DEBUG org.hibernate.boot.model.internal.PropertyBinder - Building property sensorType
14:01:31.736 [Test worker] DEBUG org.hibernate.boot.model.internal.AnnotatedColumn - Binding column: AnnotatedColumn()
14:01:31.737 [Test worker] DEBUG org.hibernate.boot.model.internal.PropertyBinder - MetadataSourceProcessor property status with lazy=false
14:01:31.737 [Test worker] DEBUG org.hibernate.boot.model.internal.AbstractPropertyHolder - Attempting to locate auto-apply AttributeConverter for property [com.laundry.laundryMgmt.models.SensorEntity:status]
14:01:31.737 [Test worker] DEBUG org.hibernate.boot.model.internal.BasicValueBinder - building BasicValue for status
14:01:31.737 [Test worker] DEBUG org.hibernate.mapping.BasicValue - Skipping column re-registration: sensor_entity.status
14:01:31.737 [Test worker] DEBUG org.hibernate.boot.model.internal.PropertyBinder - Building property status
14:01:31.740 [Test worker] DEBUG org.hibernate.boot.model.internal.BasicValueBinder - Starting `BasicValueBinder#fillSimpleValue` for machineId
14:01:31.740 [Test worker] DEBUG org.hibernate.boot.model.internal.BasicValueBinder - Starting `BasicValueBinder#fillSimpleValue` for Available
14:01:31.740 [Test worker] DEBUG org.hibernate.boot.model.internal.BasicValueBinder - Starting `BasicValueBinder#fillSimpleValue` for MachineStatus
14:01:31.740 [Test worker] DEBUG org.hibernate.boot.model.internal.BasicValueBinder - Starting `BasicValueBinder#fillSimpleValue` for Progress
14:01:31.740 [Test worker] DEBUG org.hibernate.boot.model.internal.BasicValueBinder - Starting `BasicValueBinder#fillSimpleValue` for StartingTime
14:01:31.740 [Test worker] DEBUG org.hibernate.boot.model.internal.BasicValueBinder - Starting `BasicValueBinder#fillSimpleValue` for cycleType
14:01:31.740 [Test worker] DEBUG org.hibernate.boot.model.internal.BasicValueBinder - Starting `BasicValueBinder#fillSimpleValue` for name
14:01:31.740 [Test worker] DEBUG org.hibernate.boot.model.internal.BasicValueBinder - Starting `BasicValueBinder#fillSimpleValue` for reservationId
14:01:31.740 [Test worker] DEBUG org.hibernate.boot.model.internal.BasicValueBinder - Starting `BasicValueBinder#fillSimpleValue` for reservationAvailable
14:01:31.740 [Test worker] DEBUG org.hibernate.boot.model.internal.BasicValueBinder - Starting `BasicValueBinder#fillSimpleValue` for reservationDate
14:01:31.740 [Test worker] DEBUG org.hibernate.boot.model.internal.BasicValueBinder - Starting `BasicValueBinder#fillSimpleValue` for reservationEndTime
14:01:31.741 [Test worker] DEBUG org.hibernate.boot.model.internal.BasicValueBinder - Starting `BasicValueBinder#fillSimpleValue` for reservationStartTime
14:01:31.741 [Test worker] DEBUG org.hibernate.boot.model.internal.BasicValueBinder - Starting `BasicValueBinder#fillSimpleValue` for reservationUser
14:01:31.741 [Test worker] DEBUG org.hibernate.boot.model.internal.BasicValueBinder - Starting `BasicValueBinder#fillSimpleValue` for sensorId
14:01:31.741 [Test worker] DEBUG org.hibernate.boot.model.internal.BasicValueBinder - Starting `BasicValueBinder#fillSimpleValue` for Measure
14:01:31.741 [Test worker] DEBUG org.hibernate.boot.model.internal.BasicValueBinder - Starting `BasicValueBinder#fillSimpleValue` for sensorName
14:01:31.741 [Test worker] DEBUG org.hibernate.boot.model.internal.BasicValueBinder - Starting `BasicValueBinder#fillSimpleValue` for sensorType
14:01:31.741 [Test worker] DEBUG org.hibernate.boot.model.internal.BasicValueBinder - Starting `BasicValueBinder#fillSimpleValue` for status
14:01:31.743 [Test worker] DEBUG org.hibernate.mapping.PrimaryKey - Forcing column [machine_id] to be non-null as it is part of the primary key for table [machine_entity]
14:01:31.744 [Test worker] DEBUG org.hibernate.mapping.PrimaryKey - Forcing column [reservation_id] to be non-null as it is part of the primary key for table [reservation]
14:01:31.744 [Test worker] DEBUG org.hibernate.mapping.PrimaryKey - Forcing column [sensor_id] to be non-null as it is part of the primary key for table [sensor_entity]
14:01:31.746 [Test worker] DEBUG org.hibernate.boot.internal.InFlightMetadataCollectorImpl - Resolving reference to class: com.laundry.laundryMgmt.models.MachineEntity
14:01:31.747 [Test worker] DEBUG org.hibernate.boot.internal.InFlightMetadataCollectorImpl - Resolving reference to class: com.laundry.laundryMgmt.models.MachineEntity
14:01:31.754 [Test worker] DEBUG org.hibernate.boot.internal.InFlightMetadataCollectorImpl - Resolving reference to class: com.laundry.laundryMgmt.models.MachineEntity
14:01:31.754 [Test worker] DEBUG org.hibernate.boot.internal.InFlightMetadataCollectorImpl - Resolving reference to class: com.laundry.laundryMgmt.models.MachineEntity
14:01:31.755 [Test worker] DEBUG org.springframework.jdbc.datasource.SimpleDriverDataSource - Creating new JDBC Driver Connection to [jdbc:h2:mem:60060c63-e42d-4ae7-9b58-f501764a2801;DB_CLOSE_DELAY=-1;DB_CLOSE_ON_EXIT=false]
14:01:31.771 [Test worker] DEBUG org.hibernate.bytecode.internal.BytecodeProviderInitiator - HHH000021: Bytecode provider name : bytebuddy
14:01:31.773 [Test worker] DEBUG org.hibernate.internal.SessionFactoryImpl - Building session factory
14:01:31.779 [Test worker] DEBUG org.hibernate.service.internal.SessionFactoryServiceRegistryImpl - EventListenerRegistry access via ServiceRegistry is deprecated.  Use `sessionFactory.getEventEngine().getListenerRegistry()` instead
14:01:31.779 [Test worker] DEBUG org.hibernate.internal.SessionFactoryImpl - Instantiating SessionFactory with settings: {java.specification.version=17, sun.cpu.isalist=amd64, hibernate.resource.beans.container=org.springframework.orm.hibernate5.SpringBeanContainer@6b8773c7, hibernate.connection.handling_mode=DELAYED_ACQUISITION_AND_HOLD, sun.jnu.encoding=Cp1252, hibernate.dialect=org.hibernate.dialect.H2Dialect, org.gradle.test.worker=11, hibernate.implicit_naming_strategy=org.springframework.boot.orm.jpa.hibernate.SpringImplicitNamingStrategy, java.class.path=C:\Users\HP\.gradle\caches\8.4\workerMain\gradle-worker.jar;C:\Users\HP\Documents\07. EMSE\TB3- Web movil and embeded programming\Project\laundryMgmt\build\classes\java\test;C:\Users\HP\Documents\07. EMSE\TB3- Web movil and embeded programming\Project\laundryMgmt\build\classes\java\main;C:\Users\HP\Documents\07. EMSE\TB3- Web movil and embeded programming\Project\laundryMgmt\build\resources\main;C:\Users\HP\.gradle\caches\modules-2\files-2.1\org.springframework.boot\spring-boot-starter-web\3.1.5\3674e5603cc25bc4dccf73b97d50234332fc3d72\spring-boot-starter-web-3.1.5.jar;C:\Users\HP\.gradle\caches\modules-2\files-2.1\org.springframework.boot\spring-boot-starter-data-jpa\3.1.5\5fdcfab1fe9d6dddf4352d71f5ed879eb1aa92c2\spring-boot-starter-data-jpa-3.1.5.jar;C:\Users\HP\.gradle\caches\modules-2\files-2.1\com.h2database\h2\2.1.214\d5c2005c9e3279201e12d4776c948578b16bf8b2\h2-2.1.214.jar;C:\Users\HP\.gradle\caches\modules-2\files-2.1\org.springdoc\springdoc-openapi-starter-webmvc-ui\2.2.0\178d8ed6714d78b8b475c45bc60642a9232fcb70\springdoc-openapi-starter-webmvc-ui-2.2.0.jar;C:\Users\HP\.gradle\caches\modules-2\files-2.1\org.springframework.boot\spring-boot-starter-security\3.1.5\5609ddc1b11034278ca1174bfef45d0bea96f060\spring-boot-starter-security-3.1.5.jar;C:\Users\HP\.gradle\caches\modules-2\files-2.1\org.apache.logging.log4j\log4j-core\2.22.1\7183a25510a02ad00cc6a95d3b3d2a7d3c5a8dc4\log4j-core-2.22.1.jar;C:\Users\HP\.gradle\caches\modules-2\files-2.1\org.apache.logging.log4j\log4j-api\2.22.1\bea6fede6328fabafd7e68363161a7ea6605abd1\log4j-api-2.22.1.jar;C:\Users\HP\.gradle\caches\modules-2\files-2.1\org.apache.httpcomponents\httpclient\4.5\a1e6cbb3cc2c5f210dd1310ff9fcb2c09c0d1438\httpclient-4.5.jar;C:\Users\HP\.gradle\caches\modules-2\files-2.1\org.springframework.boot\spring-boot-starter-test\3.1.5\a57c3ffc88edb99fcef4e9f43f3e67de4da8d13c\spring-boot-starter-test-3.1.5.jar;C:\Users\HP\.gradle\caches\modules-2\files-2.1\org.springframework.security\spring-security-test\6.1.5\702cf0489d63d023ccd572f8bfd9d1eaa4f308ad\spring-security-test-6.1.5.jar;C:\Users\HP\.gradle\caches\modules-2\files-2.1\org.junit.jupiter\junit-jupiter-engine\5.8.1\21b86e08aae2720bbf017703669948be96d1388c\junit-jupiter-engine-5.8.1.jar;C:\Users\HP\.gradle\caches\modules-2\files-2.1\org.junit.jupiter\junit-jupiter-params\5.9.3\9e2a4bf6016a1975f408a73523392875cff7c26f\junit-jupiter-params-5.9.3.jar;C:\Users\HP\.gradle\caches\modules-2\files-2.1\org.junit.platform\junit-platform-engine\1.9.3\8616734a190f8d307376aeb7353dba0a2c037a09\junit-platform-engine-1.9.3.jar;C:\Users\HP\.gradle\caches\modules-2\files-2.1\org.junit.platform\junit-platform-commons\1.9.3\36b2e26a90c41603be7f0094bee80e3f8a2cd4d4\junit-platform-commons-1.9.3.jar;C:\Users\HP\.gradle\caches\modules-2\files-2.1\org.junit.jupiter\junit-jupiter\5.9.3\72e840501e1550e9799c9a5cc9483d7d6b29e0ba\junit-jupiter-5.9.3.jar;C:\Users\HP\.gradle\caches\modules-2\files-2.1\org.mockito\mockito-junit-jupiter\5.3.1\d6ac0f6d54addf02def4ba1213f73a15ae6c2308\mockito-junit-jupiter-5.3.1.jar;C:\Users\HP\.gradle\caches\modules-2\files-2.1\org.junit.jupiter\junit-jupiter-api\5.8.1\6538b88eb8bf8811bc7b6efb5246f835c15e0bfe\junit-jupiter-api-5.8.1.jar;C:\Users\HP\.gradle\caches\modules-2\files-2.1\org.springframework.boot\spring-boot-starter-json\3.1.5\36ce79c1a5c63ffd72b092eb312cb35ac6edb128\spring-boot-starter-json-3.1.5.jar;C:\Users\HP\.gradle\caches\modules-2\files-2.1\org.springframework.boot\spring-boot-starter-aop\3.1.5\2ac1f8bf4c2bce13b46d04abafc69a4f1523a08\spring-boot-starter-aop-3.1.5.jar;C:\Users\HP\.gradle\caches\modules-2\files-2.1\org.springframework.boot\spring-boot-starter-jdbc\3.1.5\138c0e0ab493d8a51bb51dfc3b7144d702ff4c26\spring-boot-starter-jdbc-3.1.5.jar;C:\Users\HP\.gradle\caches\modules-2\files-2.1\org.springframework.boot\spring-boot-starter\3.1.5\a14cd17b86261933929566775d80c65b9f7440fc\spring-boot-starter-3.1.5.jar;C:\Users\HP\.gradle\caches\modules-2\files-2.1\org.springframework.boot\spring-boot-starter-tomcat\3.1.5\4b362b923ec1ca080556c4e55fe4ae73cf5a84d7\spring-boot-starter-tomcat-3.1.5.jar;C:\Users\HP\.gradle\caches\modules-2\files-2.1\org.springdoc\springdoc-openapi-starter-webmvc-api\2.2.0\3a7a3a7ecd2537203961d83cabc6d642f294ddb\springdoc-openapi-starter-webmvc-api-2.2.0.jar;C:\Users\HP\.gradle\caches\modules-2\files-2.1\org.springframework\spring-webmvc\6.0.13\df1230a7dde55b9ce9d72670b42d621dc2e481df\spring-webmvc-6.0.13.jar;C:\Users\HP\.gradle\caches\modules-2\files-2.1\org.springframework.security\spring-security-web\6.1.5\51ebfc2c683feca057a1d9696d906fc77bd79db6\spring-security-web-6.1.5.jar;C:\Users\HP\.gradle\caches\modules-2\files-2.1\org.springframework\spring-web\6.0.13\c374fcaf34d82d735a1dcf2c496f064488aa2b20\spring-web-6.0.13.jar;C:\Users\HP\.gradle\caches\modules-2\files-2.1\org.hibernate.orm\hibernate-core\6.2.13.Final\de458672b40154ab9ecfe7466987ad1772167af8\hibernate-core-6.2.13.Final.jar;C:\Users\HP\.gradle\caches\modules-2\files-2.1\org.springframework.data\spring-data-jpa\3.1.5\6de79da064f0b97c6448e0bfa5d63da9fb6e1582\spring-data-jpa-3.1.5.jar;C:\Users\HP\.gradle\caches\modules-2\files-2.1\org.springframework\spring-aspects\6.0.13\59b1d3f507f5ed2e4ef357541c464925831bea9b\spring-aspects-6.0.13.jar;C:\Users\HP\.gradle\caches\modules-2\files-2.1\org.webjars\swagger-ui\5.2.0\c48d665a3f3a5d73afa34982953d3c31acc1d1dd\swagger-ui-5.2.0.jar;C:\Users\HP\.gradle\caches\modules-2\files-2.1\org.springframework.security\spring-security-config\6.1.5\be13612112c6400267c14320562078e8b50e65f6\spring-security-config-6.1.5.jar;C:\Users\HP\.gradle\caches\modules-2\files-2.1\org.springframework.security\spring-security-core\6.1.5\bc6fe788306b296c210db471a02d7d8f2ea4e7cd\spring-security-core-6.1.5.jar;C:\Users\HP\.gradle\caches\modules-2\files-2.1\org.springframework.boot\spring-boot-test-autoconfigure\3.1.5\9e0b68b6510c3067535e60a61568cb569efb4997\spring-boot-test-autoconfigure-3.1.5.jar;C:\Users\HP\.gradle\caches\modules-2\files-2.1\org.springframework.boot\spring-boot-test\3.1.5\31a70b2aa98605b09a0b12229f1b12c8ca02bb2d\spring-boot-test-3.1.5.jar;C:\Users\HP\.gradle\caches\modules-2\files-2.1\org.springdoc\springdoc-openapi-starter-common\2.2.0\352343daae911b5d95c718c4a3c461cf94b4707b\springdoc-openapi-starter-common-2.2.0.jar;C:\Users\HP\.gradle\caches\modules-2\files-2.1\org.springframework.boot\spring-boot-autoconfigure\3.1.5\42a5b2ee98f700fba8d8c88d4af7b23266f1de0f\spring-boot-autoconfigure-3.1.5.jar;C:\Users\HP\.gradle\caches\modules-2\files-2.1\org.springframework.boot\spring-boot\3.1.5\c188015a5a79f5df65e876dcfdef16148c45fe2c\spring-boot-3.1.5.jar;C:\Users\HP\.gradle\caches\modules-2\files-2.1\org.springframework\spring-context\6.0.13\4c49af6dde7fce9602049f952b45ca29f30e2a37\spring-context-6.0.13.jar;C:\Users\HP\.gradle\caches\modules-2\files-2.
[...]

   NoOpCacheConfiguration matched:
      - Cache org.springframework.boot.autoconfigure.cache.NoOpCacheConfiguration NONE cache type (CacheCondition)

   SqlInitializationAutoConfiguration matched:
      - @ConditionalOnProperty (spring.sql.init.enabled) matched (OnPropertyCondition)
      - NoneNestedConditions 0 matched 1 did not; NestedCondition on SqlInitializationAutoConfiguration.SqlInitializationModeCondition.ModeIsNever @ConditionalOnProperty (spring.sql.init.mode=never) did not find property 'mode' (SqlInitializationAutoConfiguration.SqlInitializationModeCondition)

   TestDatabaseAutoConfiguration#embeddedDataSourceBeanFactoryPostProcessor matched:
      - @ConditionalOnProperty (spring.test.database.replace=ANY) matched (OnPropertyCondition)

   TestEntityManagerAutoConfiguration matched:
      - @ConditionalOnClass found required class 'jakarta.persistence.EntityManagerFactory' (OnClassCondition)

   TestEntityManagerAutoConfiguration#testEntityManager matched:
      - @ConditionalOnMissingBean (types: org.springframework.boot.test.autoconfigure.orm.jpa.TestEntityManager; SearchStrategy: all) did not find any beans (OnBeanCondition)

   TransactionAutoConfiguration matched:
      - @ConditionalOnClass found required class 'org.springframework.transaction.PlatformTransactionManager' (OnClassCondition)

   TransactionAutoConfiguration#platformTransactionManagerCustomizers matched:
      - @ConditionalOnMissingBean (types: org.springframework.boot.autoconfigure.transaction.TransactionManagerCustomizers; SearchStrategy: all) did not find any beans (OnBeanCondition)

   TransactionAutoConfiguration.EnableTransactionManagementConfiguration matched:
      - @ConditionalOnBean (types: org.springframework.transaction.TransactionManager; SearchStrategy: all) found bean 'transactionManager'; @ConditionalOnMissingBean (types: org.springframework.transaction.annotation.AbstractTransactionManagementConfiguration; SearchStrategy: all) did not find any beans (OnBeanCondition)

   TransactionAutoConfiguration.EnableTransactionManagementConfiguration.CglibAutoProxyConfiguration matched:
      - @ConditionalOnProperty (spring.aop.proxy-target-class=true) matched (OnPropertyCondition)

   TransactionAutoConfiguration.TransactionTemplateConfiguration matched:
      - @ConditionalOnSingleCandidate (types: org.springframework.transaction.PlatformTransactionManager; SearchStrategy: all) found a single bean 'transactionManager' (OnBeanCondition)

   TransactionAutoConfiguration.TransactionTemplateConfiguration#transactionTemplate matched:
      - @ConditionalOnMissingBean (types: org.springframework.transaction.support.TransactionOperations; SearchStrategy: all) did not find any beans (OnBeanCondition)


Negative matches:
-----------------

   Cache2kCacheConfiguration:
      Did not match:
         - @ConditionalOnClass did not find required class 'org.cache2k.Cache2kBuilder' (OnClassCondition)

   CacheAutoConfiguration:
      Did not match:
         - @ConditionalOnBean (types: org.springframework.cache.interceptor.CacheAspectSupport; SearchStrategy: all) did not find any beans of type org.springframework.cache.interceptor.CacheAspectSupport (OnBeanCondition)
      Matched:
         - @ConditionalOnClass found required class 'org.springframework.cache.CacheManager' (OnClassCondition)

   CacheAutoConfiguration.CacheManagerEntityManagerFactoryDependsOnPostProcessor:
      Did not match:
         - Ancestor org.springframework.boot.autoconfigure.cache.CacheAutoConfiguration did not match (ConditionEvaluationReport.AncestorsMatchedCondition)
      Matched:
         - @ConditionalOnClass found required class 'org.springframework.orm.jpa.LocalContainerEntityManagerFactoryBean' (OnClassCondition)

   CaffeineCacheConfiguration:
      Did not match:
         - @ConditionalOnClass did not find required class 'com.github.benmanes.caffeine.cache.Caffeine' (OnClassCondition)

   CouchbaseCacheConfiguration:
      Did not match:
         - @ConditionalOnClass did not find required class 'com.couchbase.client.java.Cluster' (OnClassCondition)

   DataSourceAutoConfiguration.EmbeddedDatabaseConfiguration:
      Did not match:
         - EmbeddedDataSource spring.datasource.url is set (DataSourceAutoConfiguration.EmbeddedDatabaseCondition)

   DataSourceConfiguration.Dbcp2:
      Did not match:
         - @ConditionalOnClass did not find required class 'org.apache.commons.dbcp2.BasicDataSource' (OnClassCondition)

   DataSourceConfiguration.Generic:
      Did not match:
         - @ConditionalOnProperty (spring.datasource.type) did not find property 'spring.datasource.type' (OnPropertyCondition)

   DataSourceConfiguration.OracleUcp:
      Did not match:
         - @ConditionalOnClass did not find required classes 'oracle.ucp.jdbc.PoolDataSourceImpl', 'oracle.jdbc.OracleConnection' (OnClassCondition)

   DataSourceConfiguration.Tomcat:
      Did not match:
         - @ConditionalOnClass did not find required class 'org.apache.tomcat.jdbc.pool.DataSource' (OnClassCondition)

   DataSourceJmxConfiguration:
      Did not match:
         - @ConditionalOnProperty (spring.jmx.enabled=true) found different value in property 'enabled' (OnPropertyCondition)

   DataSourcePoolMetadataProvidersConfiguration.CommonsDbcp2PoolDataSourceMetadataProviderConfiguration:
      Did not match:
         - @ConditionalOnClass did not find required class 'org.apache.commons.dbcp2.BasicDataSource' (OnClassCondition)

   DataSourcePoolMetadataProvidersConfiguration.OracleUcpPoolDataSourceMetadataProviderConfiguration:
      Did not match:
         - @ConditionalOnClass did not find required classes 'oracle.ucp.jdbc.PoolDataSource', 'oracle.jdbc.OracleConnection' (OnClassCondition)

   DataSourcePoolMetadataProvidersConfiguration.TomcatDataSourcePoolMetadataProviderConfiguration:
      Did not match:
         - @ConditionalOnClass did not find required class 'org.apache.tomcat.jdbc.pool.DataSource' (OnClassCondition)

   DataSourceTransactionManagerAutoConfiguration.JdbcTransactionManagerConfiguration#transactionManager:
      Did not match:
         - @ConditionalOnMissingBean (types: org.springframework.transaction.TransactionManager; SearchStrategy: all) found beans of type 'org.springframework.transaction.TransactionManager' transactionManager (OnBeanCondition)

   FlywayAutoConfiguration:
      Did not match:
         - @ConditionalOnClass did not find required class 'org.flywaydb.core.Flyway' (OnClassCondition)

   GenericCacheConfiguration:
      Did not match:
         - Cache org.springframework.boot.autoconfigure.cache.GenericCacheConfiguration unknown cache type (CacheCondition)

   HazelcastCacheConfiguration:
      Did not match:
         - @ConditionalOnClass did not find required class 'com.hazelcast.core.HazelcastInstance' (OnClassCondition)

   InfinispanCacheConfiguration:
      Did not match:
         - @ConditionalOnClass did not find required class 'org.infinispan.spring.embedded.provider.SpringEmbeddedCacheManager' (OnClassCondition)

   JCacheCacheConfiguration:
      Did not match:
         - @ConditionalOnClass did not find required class 'javax.cache.Caching' (OnClassCondition)

   JpaBaseConfiguration.JpaWebConfiguration:
      Did not match:
         - not a servlet web application (OnWebApplicationCondition)
      Matched:
         - @ConditionalOnClass found required class 'org.springframework.web.servlet.config.annotation.WebMvcConfigurer' (OnClassCondition)

   JpaRepositoriesAutoConfiguration#entityManagerFactoryBootstrapExecutorCustomizer:
      Did not match:
         - AnyNestedCondition 0 matched 2 did not; NestedCondition on JpaRepositoriesAutoConfiguration.BootstrapExecutorCondition.LazyBootstrapMode @ConditionalOnProperty (spring.data.jpa.repositories.bootstrap-mode=lazy) found different value in property 'bootstrap-mode'; NestedCondition on JpaRepositoriesAutoConfiguration.BootstrapExecutorCondition.DeferredBootstrapMode @ConditionalOnProperty (spring.data.jpa.repositories.bootstrap-mode=deferred) found different value in property 'bootstrap-mode' (JpaRepositoriesAutoConfiguration.BootstrapExecutorCondition)

   LiquibaseAutoConfiguration:
      Did not match:
         - @ConditionalOnClass did not find required class 'liquibase.change.DatabaseChange' (OnClassCondition)

   R2dbcInitializationConfiguration:
      Did not match:
         - @ConditionalOnClass did not find required classes 'io.r2dbc.spi.ConnectionFactory', 'org.springframework.r2dbc.connection.init.DatabasePopulator' (OnClassCondition)

   RedisCacheConfiguration:
      Did not match:
         - @ConditionalOnClass did not find required class 'org.springframework.data.redis.connection.RedisConnectionFactory' (OnClassCondition)

   SimpleCacheConfiguration:
      Did not match:
         - Cache org.springframework.boot.autoconfigure.cache.SimpleCacheConfiguration unknown cache type (CacheCondition)

   TestDatabaseAutoConfiguration#dataSource:
      Did not match:
         - @ConditionalOnProperty (spring.test.database.replace=AUTO_CONFIGURED) did not find property 'replace' (OnPropertyCondition)

   TransactionAutoConfiguration#transactionalOperator:
      Did not match:
         - @ConditionalOnSingleCandidate (types: org.springframework.transaction.ReactiveTransactionManager; SearchStrategy: all) did not find any beans (OnBeanCondition)

   TransactionAutoConfiguration.AspectJTransactionManagementConfiguration:
      Did not match:
         - @ConditionalOnBean (types: org.springframework.transaction.aspectj.AbstractTransactionAspect; SearchStrategy: all) did not find any beans of type org.springframework.transaction.aspectj.AbstractTransactionAspect (OnBeanCondition)

   TransactionAutoConfiguration.EnableTransactionManagementConfiguration.JdkDynamicAutoProxyConfiguration:
      Did not match:
         - @ConditionalOnProperty (spring.aop.proxy-target-class=false) did not find property 'proxy-target-class' (OnPropertyCondition)


Exclusions:
-----------

    None


Unconditional classes:
----------------------

    org.springframework.boot.test.autoconfigure.jdbc.TestDatabaseAutoConfiguration



14:01:32.176 [Test worker] INFO  com.laundry.laundryMgmt.MachineTest.MachineDaoTest - Started MachineDaoTest in 1.04 seconds (process running for 22.32)
14:01:32.177 [Test worker] DEBUG org.springframework.test.context.cache - Spring test ApplicationContext cache statistics: [DefaultContextCache@5a90ea5c size = 2, maxSize = 32, parentContextCount = 0, hitCount = 13, missCount = 2]
14:01:32.180 [Test worker] DEBUG org.springframework.test.context.cache - Spring test ApplicationContext cache statistics: [DefaultContextCache@5a90ea5c size = 2, maxSize = 32, parentContextCount = 0, hitCount = 14, missCount = 2]
14:01:32.188 [Test worker] DEBUG org.springframework.test.context.support.DirtiesContextBeforeModesTestExecutionListener - Before test method: class [MachineDaoTest], method [shouldFindAnyMachineByID], class annotated with @DirtiesContext [false] with mode [null], method annotated with @DirtiesContext [false] with mode [null]
14:01:32.201 [Test worker] DEBUG org.springframework.test.context.transaction.TransactionalTestExecutionListener - Explicit transaction definition [PROPAGATION_REQUIRED,ISOLATION_DEFAULT] found for test class [com.laundry.laundryMgmt.MachineTest.MachineDaoTest] and test method [shouldFindAnyMachineByID]
14:01:32.202 [Test worker] DEBUG org.springframework.test.context.cache - Spring test ApplicationContext cache statistics: [DefaultContextCache@5a90ea5c size = 2, maxSize = 32, parentContextCount = 0, hitCount = 15, missCount = 2]
14:01:32.205 [Test worker] DEBUG org.springframework.test.context.transaction.TransactionalTestExecutionListener - No method-level @Rollback override: using default rollback [true] for test method [public void com.laundry.laundryMgmt.MachineTest.MachineDaoTest.shouldFindAnyMachineByID()]
14:01:32.208 [Test worker] DEBUG org.springframework.orm.jpa.JpaTransactionManager - Creating new transaction with name [com.laundry.laundryMgmt.MachineTest.MachineDaoTest.shouldFindAnyMachineByID]: PROPAGATION_REQUIRED,ISOLATION_DEFAULT
14:01:32.209 [Test worker] DEBUG org.springframework.orm.jpa.JpaTransactionManager - Opened new EntityManager [SessionImpl(929787261<open>)] for JPA transaction
14:01:32.216 [Test worker] DEBUG org.hibernate.engine.transaction.internal.TransactionImpl - On TransactionImpl creation, JpaCompliance#isJpaTransactionComplianceEnabled == false
14:01:32.216 [Test worker] DEBUG org.hibernate.engine.transaction.internal.TransactionImpl - begin
14:01:32.216 [Test worker] DEBUG org.springframework.jdbc.datasource.SimpleDriverDataSource - Creating new JDBC Driver Connection to [jdbc:h2:mem:60060c63-e42d-4ae7-9b58-f501764a2801;DB_CLOSE_DELAY=-1;DB_CLOSE_ON_EXIT=false]
14:01:32.221 [Test worker] DEBUG org.springframework.orm.jpa.JpaTransactionManager - Exposing JPA transaction as JDBC [org.springframework.orm.jpa.vendor.HibernateJpaDialect$HibernateConnectionHandle@18a66406]
14:01:32.221 [Test worker] DEBUG org.springframework.test.context.transaction.TransactionContext - Began transaction (1) for test class [com.laundry.laundryMgmt.MachineTest.MachineDaoTest]; test method [shouldFindAnyMachineByID]; transaction manager [org.springframework.orm.jpa.JpaTransactionManager@7d6e2366]; rollback [true]
14:01:32.225 [Test worker] DEBUG org.springframework.test.context.cache - Spring test ApplicationContext cache statistics: [DefaultContextCache@5a90ea5c size = 2, maxSize = 32, parentContextCount = 0, hitCount = 16, missCount = 2]
14:01:32.226 [Test worker] DEBUG org.springframework.test.context.cache - Spring test ApplicationContext cache statistics: [DefaultContextCache@5a90ea5c size = 2, maxSize = 32, parentContextCount = 0, hitCount = 17, missCount = 2]
14:01:32.230 [Test worker] DEBUG org.springframework.test.context.cache - Spring test ApplicationContext cache statistics: [DefaultContextCache@5a90ea5c size = 2, maxSize = 32, parentContextCount = 0, hitCount = 18, missCount = 2]
14:01:32.272 [Test worker] DEBUG org.springframework.orm.jpa.JpaTransactionManager - Found thread-bound EntityManager [SessionImpl(929787261<open>)] for JPA transaction
14:01:32.272 [Test worker] DEBUG org.springframework.orm.jpa.JpaTransactionManager - Participating in existing transaction
14:01:32.354 [Test worker] DEBUG org.hibernate.internal.SessionImpl - Initializing proxy: [com.laundry.laundryMgmt.models.MachineEntity#-2]
14:01:32.414 [Test worker] DEBUG org.hibernate.orm.sql.exec - Skipping reading Query result cache data: cache-enabled = false, cache-mode = IGNORE
14:01:32.453 [Test worker] DEBUG org.hibernate.orm.results - Initializer list:
	  com.laundry.laundryMgmt.models.MachineEntity -> EntityResultInitializer(com.laundry.laundryMgmt.models.MachineEntity)@655564033 (SingleTableEntityPersister(com.laundry.laundryMgmt.models.MachineEntity))

14:01:32.465 [Test worker] DEBUG org.hibernate.SQL - select m1_0.machine_id,m1_0.available,m1_0.machine_status,m1_0.progress,m1_0.starting_time,m1_0.cycle_type,m1_0.name from machine_entity m1_0 where m1_0.machine_id=?
Hibernate: select m1_0.machine_id,m1_0.available,m1_0.machine_status,m1_0.progress,m1_0.starting_time,m1_0.cycle_type,m1_0.name from machine_entity m1_0 where m1_0.machine_id=?
14:01:32.476 [Test worker] DEBUG org.hibernate.orm.results.loading.entity - (EntityResultInitializer) Hydrated EntityKey (com.laundry.laundryMgmt.models.MachineEntity): -2
14:01:32.481 [Test worker] DEBUG org.hibernate.orm.results.loading.entity - (EntityResultInitializer) Created new entity instance [com.laundry.laundryMgmt.models.MachineEntity#-2] : 1612485948
14:01:32.482 [Test worker] DEBUG org.hibernate.orm.results - Extracted JDBC value [1] - [false]
14:01:32.482 [Test worker] DEBUG org.hibernate.orm.results - Extracted JDBC value [2] - [false]
14:01:32.482 [Test worker] DEBUG org.hibernate.orm.results - Extracted JDBC value [3] - [40]
14:01:32.482 [Test worker] DEBUG org.hibernate.orm.results - Extracted JDBC value [4] - [null]
14:01:32.482 [Test worker] DEBUG org.hibernate.orm.results - Extracted JDBC value [5] - [null]
14:01:32.482 [Test worker] DEBUG org.hibernate.orm.results - Extracted JDBC value [6] - [TEST MACHINE]
14:01:32.494 [Test worker] DEBUG org.hibernate.orm.results.loading.entity - (EntityResultInitializer) Done materializing entityInstance : com.laundry.laundryMgmt.models.MachineEntity#-2
14:01:32.494 [Test worker] DEBUG org.hibernate.orm.results.loading - Calling top-level assembler (0 / 1) : org.hibernate.sql.results.graph.entity.internal.EntityAssembler@12bb0322
14:01:32.651 [Test worker] DEBUG org.springframework.test.context.cache - Spring test ApplicationContext cache statistics: [DefaultContextCache@5a90ea5c size = 2, maxSize = 32, parentContextCount = 0, hitCount = 19, missCount = 2]
14:01:32.652 [Test worker] DEBUG org.springframework.test.context.cache - Spring test ApplicationContext cache statistics: [DefaultContextCache@5a90ea5c size = 2, maxSize = 32, parentContextCount = 0, hitCount = 20, missCount = 2]
14:01:32.653 [Test worker] DEBUG org.springframework.test.context.cache - Spring test ApplicationContext cache statistics: [DefaultContextCache@5a90ea5c size = 2, maxSize = 32, parentContextCount = 0, hitCount = 21, missCount = 2]
14:01:32.653 [Test worker] DEBUG org.springframework.test.context.cache - Spring test ApplicationContext cache statistics: [DefaultContextCache@5a90ea5c size = 2, maxSize = 32, parentContextCount = 0, hitCount = 22, missCount = 2]
14:01:32.654 [Test worker] DEBUG org.springframework.test.context.cache - Spring test ApplicationContext cache statistics: [DefaultContextCache@5a90ea5c size = 2, maxSize = 32, parentContextCount = 0, hitCount = 23, missCount = 2]
14:01:32.654 [Test worker] DEBUG org.springframework.test.context.cache - Spring test ApplicationContext cache statistics: [DefaultContextCache@5a90ea5c size = 2, maxSize = 32, parentContextCount = 0, hitCount = 24, missCount = 2]
14:01:32.655 [Test worker] DEBUG org.springframework.test.context.cache - Spring test ApplicationContext cache statistics: [DefaultContextCache@5a90ea5c size = 2, maxSize = 32, parentContextCount = 0, hitCount = 25, missCount = 2]
14:01:32.656 [Test worker] DEBUG org.springframework.orm.jpa.JpaTransactionManager - Initiating transaction rollback
14:01:32.657 [Test worker] DEBUG org.springframework.orm.jpa.JpaTransactionManager - Rolling back JPA transaction on EntityManager [SessionImpl(929787261<open>)]
14:01:32.657 [Test worker] DEBUG org.hibernate.engine.transaction.internal.TransactionImpl - rolling back
14:01:32.664 [Test worker] DEBUG org.springframework.orm.jpa.JpaTransactionManager - Closing JPA EntityManager [SessionImpl(929787261<open>)] after transaction
14:01:32.665 [Test worker] DEBUG org.springframework.test.context.transaction.TransactionContext - Rolled back transaction (1) for test class [com.laundry.laundryMgmt.MachineTest.MachineDaoTest]; test method [shouldFindAnyMachineByID]
14:01:32.666 [Test worker] DEBUG org.springframework.test.context.support.DirtiesContextTestExecutionListener - After test method: class [MachineDaoTest], method [shouldFindAnyMachineByID], class annotated with @DirtiesContext [false] with mode [null], method annotated with @DirtiesContext [false] with mode [null]
14:01:32.667 [Test worker] DEBUG org.springframework.test.context.cache - Spring test ApplicationContext cache statistics: [DefaultContextCache@5a90ea5c size = 2, maxSize = 32, parentContextCount = 0, hitCount = 26, missCount = 2]
14:01:32.667 [Test worker] DEBUG org.springframework.test.context.support.DirtiesContextTestExecutionListener - After test class: class [MachineDaoTest], class annotated with @DirtiesContext [false] with mode [null]
]]></system-out>
  <system-err><![CDATA[]]></system-err>
</testsuite>
