<?xml version="1.0" encoding="UTF-8"?>
<testsuite name="com.laundry.laundryMgmt.ReservationTest.ReservationDaoTest" tests="1" skipped="0" failures="0" errors="0" timestamp="2024-01-09T15:22:25" hostname="kali" time="0.033">
  <properties/>
  <testcase name="shouldFindAnyReservationById()" classname="com.laundry.laundryMgmt.ReservationTest.ReservationDaoTest" time="0.033"/>
  <system-out><![CDATA[10:22:25.259 [Test worker] TRACE org.springframework.test.context.BootstrapUtils - Instantiating CacheAwareContextLoaderDelegate from class [org.springframework.test.context.cache.DefaultCacheAwareContextLoaderDelegate]
10:22:25.260 [Test worker] TRACE org.springframework.core.io.support.SpringFactoriesLoader - Loaded [org.springframework.test.context.ApplicationContextFailureProcessor] names: [org.springframework.boot.test.autoconfigure.ConditionReportApplicationContextFailureProcessor]
10:22:25.260 [Test worker] TRACE org.springframework.test.context.util.TestContextSpringFactoriesUtils - Loaded ApplicationContextFailureProcessor implementations from location [META-INF/spring.factories]: [org.springframework.boot.test.autoconfigure.ConditionReportApplicationContextFailureProcessor]
10:22:25.260 [Test worker] TRACE org.springframework.test.context.BootstrapUtils - Instantiating BootstrapContext using constructor [public org.springframework.test.context.support.DefaultBootstrapContext(java.lang.Class,org.springframework.test.context.CacheAwareContextLoaderDelegate)]
10:22:25.260 [Test worker] TRACE org.springframework.test.context.BootstrapUtils - Instantiating TestContextBootstrapper for test class [com.laundry.laundryMgmt.ReservationTest.ReservationDaoTest] from class [org.springframework.boot.test.autoconfigure.orm.jpa.DataJpaTestContextBootstrapper]
10:22:25.260 [Test worker] TRACE org.springframework.boot.test.autoconfigure.orm.jpa.DataJpaTestContextBootstrapper - Resolving ContextLoader for context configuration attributes [ContextConfigurationAttributes@2a073f4f declaringClass = com.laundry.laundryMgmt.ReservationTest.ReservationDaoTest, classes = [], locations = [], inheritLocations = false, initializers = [], inheritInitializers = true, name = null, contextLoaderClass = org.springframework.test.context.ContextLoader]
10:22:25.261 [Test worker] TRACE org.springframework.boot.test.autoconfigure.orm.jpa.DataJpaTestContextBootstrapper - Using ContextLoader class [org.springframework.boot.test.context.SpringBootContextLoader] for test class [com.laundry.laundryMgmt.ReservationTest.ReservationDaoTest]
10:22:25.261 [Test worker] TRACE org.springframework.boot.test.autoconfigure.orm.jpa.DataJpaTestContextBootstrapper - Neither @ContextConfiguration nor @ContextHierarchy found for test class [com.laundry.laundryMgmt.ReservationTest.ReservationDaoTest]: using org.springframework.boot.test.context.SpringBootContextLoader
10:22:25.261 [Test worker] TRACE org.springframework.boot.test.autoconfigure.orm.jpa.DataJpaTestContextBootstrapper - Resolving ContextLoader for context configuration attributes [ContextConfigurationAttributes@2a073f4f declaringClass = com.laundry.laundryMgmt.ReservationTest.ReservationDaoTest, classes = [], locations = [], inheritLocations = false, initializers = [], inheritInitializers = true, name = null, contextLoaderClass = org.springframework.test.context.ContextLoader]
10:22:25.262 [Test worker] TRACE org.springframework.boot.test.autoconfigure.orm.jpa.DataJpaTestContextBootstrapper - Using ContextLoader class [org.springframework.boot.test.context.SpringBootContextLoader] for test class [com.laundry.laundryMgmt.ReservationTest.ReservationDaoTest]
10:22:25.262 [Test worker] TRACE org.springframework.boot.test.autoconfigure.orm.jpa.DataJpaTestContextBootstrapper - Processing locations and classes for context configuration attributes [ContextConfigurationAttributes@2a073f4f declaringClass = com.laundry.laundryMgmt.ReservationTest.ReservationDaoTest, classes = [], locations = [], inheritLocations = false, initializers = [], inheritInitializers = true, name = null, contextLoaderClass = org.springframework.test.context.ContextLoader]
10:22:25.263 [Test worker] TRACE org.springframework.test.context.support.AbstractContextLoader - Did not detect default resource location for test class [com.laundry.laundryMgmt.ReservationTest.ReservationDaoTest]: class path resource [com/laundry/laundryMgmt/ReservationTest/ReservationDaoTest-context.xml] does not exist
10:22:25.263 [Test worker] TRACE org.springframework.test.context.support.AbstractContextLoader - Did not detect default resource location for test class [com.laundry.laundryMgmt.ReservationTest.ReservationDaoTest]: class path resource [com/laundry/laundryMgmt/ReservationTest/ReservationDaoTestContext.groovy] does not exist
10:22:25.263 [Test worker] DEBUG org.springframework.test.context.support.AbstractContextLoader - Could not detect default resource locations for test class [com.laundry.laundryMgmt.ReservationTest.ReservationDaoTest]: no resource found for suffixes {-context.xml, Context.groovy}.
10:22:25.263 [Test worker] INFO  org.springframework.test.context.support.AnnotationConfigContextLoaderUtils - Could not detect default configuration classes for test class [com.laundry.laundryMgmt.ReservationTest.ReservationDaoTest]: ReservationDaoTest does not declare any static, non-private, non-final, nested classes annotated with @Configuration.
10:22:25.263 [Test worker] TRACE org.springframework.core.io.support.SpringFactoriesLoader - Loaded [org.springframework.test.context.ContextCustomizerFactory] names: [org.springframework.boot.test.autoconfigure.OverrideAutoConfigurationContextCustomizerFactory, org.springframework.boot.test.autoconfigure.actuate.observability.ObservabilityContextCustomizerFactory, org.springframework.boot.test.autoconfigure.filter.TypeExcludeFiltersContextCustomizerFactory, org.springframework.boot.test.autoconfigure.properties.PropertyMappingContextCustomizerFactory, org.springframework.boot.test.autoconfigure.web.servlet.WebDriverContextCustomizerFactory, org.springframework.boot.test.context.ImportsContextCustomizerFactory, org.springframework.boot.test.context.filter.ExcludeFilterContextCustomizerFactory, org.springframework.boot.test.graphql.tester.HttpGraphQlTesterContextCustomizerFactory, org.springframework.boot.test.json.DuplicateJsonObjectContextCustomizerFactory, org.springframework.boot.test.mock.mockito.MockitoContextCustomizerFactory, org.springframework.boot.test.web.client.TestRestTemplateContextCustomizerFactory, org.springframework.boot.test.web.reactive.server.WebTestClientContextCustomizerFactory, org.springframework.test.context.web.socket.MockServerContainerContextCustomizerFactory, org.springframework.test.context.support.DynamicPropertiesContextCustomizerFactory]
10:22:25.264 [Test worker] TRACE org.springframework.test.context.util.TestContextSpringFactoriesUtils - Loaded ContextCustomizerFactory implementations from location [META-INF/spring.factories]: [org.springframework.boot.test.autoconfigure.OverrideAutoConfigurationContextCustomizerFactory, org.springframework.boot.test.autoconfigure.actuate.observability.ObservabilityContextCustomizerFactory, org.springframework.boot.test.autoconfigure.filter.TypeExcludeFiltersContextCustomizerFactory, org.springframework.boot.test.autoconfigure.properties.PropertyMappingContextCustomizerFactory, org.springframework.boot.test.autoconfigure.web.servlet.WebDriverContextCustomizerFactory, org.springframework.boot.test.context.ImportsContextCustomizerFactory, org.springframework.boot.test.context.filter.ExcludeFilterContextCustomizerFactory, org.springframework.boot.test.graphql.tester.HttpGraphQlTesterContextCustomizerFactory, org.springframework.boot.test.json.DuplicateJsonObjectContextCustomizerFactory, org.springframework.boot.test.mock.mockito.MockitoContextCustomizerFactory, org.springframework.boot.test.web.client.TestRestTemplateContextCustomizerFactory, org.springframework.boot.test.web.reactive.server.WebTestClientContextCustomizerFactory, org.springframework.test.context.web.socket.MockServerContainerContextCustomizerFactory, org.springframework.test.context.support.DynamicPropertiesContextCustomizerFactory]
10:22:25.274 [Test worker] TRACE org.springframework.boot.test.autoconfigure.orm.jpa.DataJpaTestContextBootstrapper - Using ContextCustomizers for test class [com.laundry.laundryMgmt.ReservationTest.ReservationDaoTest]: [org.springframework.boot.test.autoconfigure.OverrideAutoConfigurationContextCustomizerFactory$DisableAutoConfigurationContextCustomizer@53fd061d, org.springframework.boot.test.autoconfigure.actuate.observability.ObservabilityContextCustomizerFactory$DisableObservabilityContextCustomizer@1f, org.springframework.boot.test.autoconfigure.filter.TypeExcludeFiltersContextCustomizer@351584c0, org.springframework.boot.test.autoconfigure.properties.PropertyMappingContextCustomizer@ecdf99c8, org.springframework.boot.test.autoconfigure.web.servlet.WebDriverContextCustomizer@7d9ba6c, [ImportsContextCustomizer@3ac60eeb key = [org.springframework.boot.autoconfigure.transaction.TransactionAutoConfiguration, org.springframework.boot.autoconfigure.data.jpa.JpaRepositoriesAutoConfiguration, org.springframework.boot.autoconfigure.jdbc.DataSourceAutoConfiguration, org.springframework.boot.test.autoconfigure.orm.jpa.TestEntityManagerAutoConfiguration, org.springframework.boot.autoconfigure.cache.CacheAutoConfiguration, org.springframework.boot.autoconfigure.orm.jpa.HibernateJpaAutoConfiguration, org.springframework.boot.autoconfigure.sql.init.SqlInitializationAutoConfiguration, org.springframework.boot.autoconfigure.jdbc.JdbcTemplateAutoConfiguration, org.springframework.boot.test.autoconfigure.jdbc.TestDatabaseAutoConfiguration, org.springframework.boot.autoconfigure.flyway.FlywayAutoConfiguration, org.springframework.boot.autoconfigure.jdbc.DataSourceTransactionManagerAutoConfiguration, org.springframework.boot.autoconfigure.liquibase.LiquibaseAutoConfiguration]], org.springframework.boot.test.context.filter.ExcludeFilterContextCustomizer@5d425813, org.springframework.boot.test.json.DuplicateJsonObjectContextCustomizerFactory$DuplicateJsonObjectContextCustomizer@6b52dd31, org.springframework.boot.test.mock.mockito.MockitoContextCustomizer@0]
10:22:25.277 [Test worker] TRACE org.springframework.test.context.support.ApplicationContextInitializerUtils - Processing context initializers for configuration attributes [ContextConfigurationAttributes@2a073f4f declaringClass = com.laundry.laundryMgmt.ReservationTest.ReservationDaoTest, classes = [], locations = [], inheritLocations = false, initializers = [], inheritInitializers = true, name = null, contextLoaderClass = org.springframework.test.context.ContextLoader]
10:22:25.278 [Test worker] TRACE org.springframework.test.context.support.ActiveProfilesUtils - Could not find an 'annotation declaring class' for annotation type [org.springframework.test.context.ActiveProfiles] and class [com.laundry.laundryMgmt.ReservationTest.ReservationDaoTest]
10:22:25.278 [Test worker] TRACE org.springframework.core.io.support.PathMatchingResourcePatternResolver - Resolved module-path location pattern [com/laundry/laundryMgmt/ReservationTest/*.class] to resources []
10:22:25.279 [Test worker] TRACE org.springframework.core.io.support.PathMatchingResourcePatternResolver - Resolved module-path location pattern [com/laundry/laundryMgmt/ReservationTest/] to resources []
10:22:25.279 [Test worker] TRACE org.springframework.core.io.support.PathMatchingResourcePatternResolver - Resolved classpath location [com/laundry/laundryMgmt/ReservationTest/] to resources [file [/home/kali/Toolbox3/Projet/TestBackend/build/classes/java/test/com/laundry/laundryMgmt/ReservationTest]]
10:22:25.279 [Test worker] TRACE org.springframework.core.io.support.PathMatchingResourcePatternResolver - Searching directory [/home/kali/Toolbox3/Projet/TestBackend/build/classes/java/test/com/laundry/laundryMgmt/ReservationTest] for files matching pattern [*.class]
10:22:25.280 [Test worker] TRACE org.springframework.core.io.support.PathMatchingResourcePatternResolver - Resolved location pattern [classpath*:com/laundry/laundryMgmt/ReservationTest/*.class] to resources [file [/home/kali/Toolbox3/Projet/TestBackend/build/classes/java/test/com/laundry/laundryMgmt/ReservationTest/ReservationDaoTest.class], file [/home/kali/Toolbox3/Projet/TestBackend/build/classes/java/test/com/laundry/laundryMgmt/ReservationTest/ReservationIntegration.class]]
10:22:25.280 [Test worker] TRACE org.springframework.context.annotation.ClassPathScanningCandidateComponentProvider - Scanning file [/home/kali/Toolbox3/Projet/TestBackend/build/classes/java/test/com/laundry/laundryMgmt/ReservationTest/ReservationDaoTest.class]
10:22:25.281 [Test worker] TRACE org.springframework.context.annotation.ClassPathScanningCandidateComponentProvider - Ignored because not matching any filter: file [/home/kali/Toolbox3/Projet/TestBackend/build/classes/java/test/com/laundry/laundryMgmt/ReservationTest/ReservationDaoTest.class]
10:22:25.281 [Test worker] TRACE org.springframework.context.annotation.ClassPathScanningCandidateComponentProvider - Scanning file [/home/kali/Toolbox3/Projet/TestBackend/build/classes/java/test/com/laundry/laundryMgmt/ReservationTest/ReservationIntegration.class]
10:22:25.281 [Test worker] TRACE org.springframework.context.annotation.ClassPathScanningCandidateComponentProvider - Ignored because not matching any filter: file [/home/kali/Toolbox3/Projet/TestBackend/build/classes/java/test/com/laundry/laundryMgmt/ReservationTest/ReservationIntegration.class]
10:22:25.282 [Test worker] TRACE org.springframework.core.io.support.PathMatchingResourcePatternResolver - Resolved module-path location pattern [com/laundry/laundryMgmt/*.class] to resources []
10:22:25.282 [Test worker] TRACE org.springframework.core.io.support.PathMatchingResourcePatternResolver - Resolved module-path location pattern [com/laundry/laundryMgmt/] to resources []
10:22:25.282 [Test worker] TRACE org.springframework.core.io.support.PathMatchingResourcePatternResolver - Resolved classpath location [com/laundry/laundryMgmt/] to resources [file [/home/kali/Toolbox3/Projet/TestBackend/build/classes/java/test/com/laundry/laundryMgmt], file [/home/kali/Toolbox3/Projet/TestBackend/build/classes/java/main/com/laundry/laundryMgmt]]
10:22:25.283 [Test worker] TRACE org.springframework.core.io.support.PathMatchingResourcePatternResolver - Searching directory [/home/kali/Toolbox3/Projet/TestBackend/build/classes/java/test/com/laundry/laundryMgmt] for files matching pattern [*.class]
10:22:25.285 [Test worker] TRACE org.springframework.core.io.support.PathMatchingResourcePatternResolver - Searching directory [/home/kali/Toolbox3/Projet/TestBackend/build/classes/java/main/com/laundry/laundryMgmt] for files matching pattern [*.class]
10:22:25.287 [Test worker] TRACE org.springframework.core.io.support.PathMatchingResourcePatternResolver - Resolved location pattern [classpath*:com/laundry/laundryMgmt/*.class] to resources [file [/home/kali/Toolbox3/Projet/TestBackend/build/classes/java/test/com/laundry/laundryMgmt/LaundryMgmtApplicationTests.class], file [/home/kali/Toolbox3/Projet/TestBackend/build/classes/java/main/com/laundry/laundryMgmt/LaundryMgmtApplication.class], file [/home/kali/Toolbox3/Projet/TestBackend/build/classes/java/main/com/laundry/laundryMgmt/LaundryMgmtApplicationConfig.class]]
10:22:25.287 [Test worker] TRACE org.springframework.context.annotation.ClassPathScanningCandidateComponentProvider - Scanning file [/home/kali/Toolbox3/Projet/TestBackend/build/classes/java/test/com/laundry/laundryMgmt/LaundryMgmtApplicationTests.class]
10:22:25.288 [Test worker] TRACE org.springframework.context.annotation.ClassPathScanningCandidateComponentProvider - Ignored because not matching any filter: file [/home/kali/Toolbox3/Projet/TestBackend/build/classes/java/test/com/laundry/laundryMgmt/LaundryMgmtApplicationTests.class]
10:22:25.288 [Test worker] TRACE org.springframework.context.annotation.ClassPathScanningCandidateComponentProvider - Scanning file [/home/kali/Toolbox3/Projet/TestBackend/build/classes/java/main/com/laundry/laundryMgmt/LaundryMgmtApplication.class]
10:22:25.292 [Test worker] DEBUG org.springframework.context.annotation.ClassPathScanningCandidateComponentProvider - Identified candidate component class: file [/home/kali/Toolbox3/Projet/TestBackend/build/classes/java/main/com/laundry/laundryMgmt/LaundryMgmtApplication.class]
10:22:25.293 [Test worker] TRACE org.springframework.context.annotation.ClassPathScanningCandidateComponentProvider - Scanning file [/home/kali/Toolbox3/Projet/TestBackend/build/classes/java/main/com/laundry/laundryMgmt/LaundryMgmtApplicationConfig.class]
10:22:25.295 [Test worker] TRACE org.springframework.context.annotation.ClassPathScanningCandidateComponentProvider - Ignored because not matching any filter: file [/home/kali/Toolbox3/Projet/TestBackend/build/classes/java/main/com/laundry/laundryMgmt/LaundryMgmtApplicationConfig.class]
10:22:25.296 [Test worker] INFO  org.springframework.boot.test.context.SpringBootTestContextBootstrapper - Found @SpringBootConfiguration com.laundry.laundryMgmt.LaundryMgmtApplication for test class com.laundry.laundryMgmt.ReservationTest.ReservationDaoTest
10:22:25.297 [Test worker] TRACE org.springframework.boot.test.autoconfigure.orm.jpa.DataJpaTestContextBootstrapper - @TestExecutionListeners is not present for class [com.laundry.laundryMgmt.ReservationTest.ReservationDaoTest]: using defaults.
10:22:25.297 [Test worker] TRACE org.springframework.core.io.support.SpringFactoriesLoader - Loaded [org.springframework.test.context.TestExecutionListener] names: [org.springframework.security.test.context.support.WithSecurityContextTestExecutionListener, org.springframework.security.test.context.support.ReactorContextTestExecutionListener, org.springframework.boot.test.autoconfigure.restdocs.RestDocsTestExecutionListener, org.springframework.boot.test.autoconfigure.web.client.MockRestServiceServerResetTestExecutionListener, org.springframework.boot.test.autoconfigure.web.servlet.MockMvcPrintOnlyOnFailureTestExecutionListener, org.springframework.boot.test.autoconfigure.web.servlet.WebDriverTestExecutionListener, org.springframework.boot.test.autoconfigure.webservices.client.MockWebServiceServerTestExecutionListener, org.springframework.boot.test.mock.mockito.MockitoTestExecutionListener, org.springframework.boot.test.mock.mockito.ResetMocksTestExecutionListener, org.springframework.test.context.web.ServletTestExecutionListener, org.springframework.test.context.support.DirtiesContextBeforeModesTestExecutionListener, org.springframework.test.context.event.ApplicationEventsTestExecutionListener, org.springframework.test.context.support.DependencyInjectionTestExecutionListener, org.springframework.test.context.observation.MicrometerObservationRegistryTestExecutionListener, org.springframework.test.context.support.DirtiesContextTestExecutionListener, org.springframework.test.context.transaction.TransactionalTestExecutionListener, org.springframework.test.context.jdbc.SqlScriptsTestExecutionListener, org.springframework.test.context.event.EventPublishingTestExecutionListener]
10:22:25.298 [Test worker] DEBUG org.springframework.test.context.util.TestContextSpringFactoriesUtils - Skipping candidate TestExecutionListener [org.springframework.test.context.observation.MicrometerObservationRegistryTestExecutionListener] due to a missing dependency. Specify custom TestExecutionListener classes or make the default TestExecutionListener classes and their required dependencies available. Offending class: io.micrometer.context.ThreadLocalAccessor. MicrometerObservationRegistryTestExecutionListener requires io.micrometer:micrometer-observation:1.10.8 or higher and io.micrometer:context-propagation:1.0.3 or higher.
10:22:25.299 [Test worker] TRACE org.springframework.test.context.util.TestContextSpringFactoriesUtils - Loaded TestExecutionListener implementations from location [META-INF/spring.factories]: [org.springframework.test.context.web.ServletTestExecutionListener, org.springframework.test.context.support.DirtiesContextBeforeModesTestExecutionListener, org.springframework.test.context.event.ApplicationEventsTestExecutionListener, org.springframework.boot.test.mock.mockito.MockitoTestExecutionListener, org.springframework.test.context.support.DependencyInjectionTestExecutionListener, org.springframework.test.context.support.DirtiesContextTestExecutionListener, org.springframework.test.context.transaction.TransactionalTestExecutionListener, org.springframework.test.context.jdbc.SqlScriptsTestExecutionListener, org.springframework.security.test.context.support.WithSecurityContextTestExecutionListener, org.springframework.test.context.event.EventPublishingTestExecutionListener, org.springframework.security.test.context.support.ReactorContextTestExecutionListener, org.springframework.boot.test.autoconfigure.restdocs.RestDocsTestExecutionListener, org.springframework.boot.test.autoconfigure.web.client.MockRestServiceServerResetTestExecutionListener, org.springframework.boot.test.autoconfigure.web.servlet.MockMvcPrintOnlyOnFailureTestExecutionListener, org.springframework.boot.test.autoconfigure.web.servlet.WebDriverTestExecutionListener, org.springframework.boot.test.autoconfigure.webservices.client.MockWebServiceServerTestExecutionListener, org.springframework.boot.test.mock.mockito.ResetMocksTestExecutionListener]
10:22:25.300 [Test worker] TRACE org.springframework.core.io.support.SpringFactoriesLoader - Loaded [org.springframework.boot.test.context.DefaultTestExecutionListenersPostProcessor] names: []
10:22:25.301 [Test worker] TRACE org.springframework.boot.test.autoconfigure.orm.jpa.DataJpaTestContextBootstrapper - Using TestExecutionListeners for test class [com.laundry.laundryMgmt.ReservationTest.ReservationDaoTest]: [org.springframework.test.context.web.ServletTestExecutionListener@259fb8f5, org.springframework.test.context.support.DirtiesContextBeforeModesTestExecutionListener@5f571d96, org.springframework.test.context.event.ApplicationEventsTestExecutionListener@797bbeae, org.springframework.boot.test.mock.mockito.MockitoTestExecutionListener@1643e817, org.springframework.test.context.support.DependencyInjectionTestExecutionListener@4e43a23a, org.springframework.test.context.support.DirtiesContextTestExecutionListener@291fbdc9, org.springframework.test.context.transaction.TransactionalTestExecutionListener@db5e88a, org.springframework.test.context.jdbc.SqlScriptsTestExecutionListener@4bfaa7b, org.springframework.security.test.context.support.WithSecurityContextTestExecutionListener@57be9aa4, org.springframework.test.context.event.EventPublishingTestExecutionListener@31b846f, org.springframework.security.test.context.support.ReactorContextTestExecutionListener@21c8dd3e, org.springframework.boot.test.autoconfigure.restdocs.RestDocsTestExecutionListener@585d570e, org.springframework.boot.test.autoconfigure.web.client.MockRestServiceServerResetTestExecutionListener@7b159d1b, org.springframework.boot.test.autoconfigure.web.servlet.MockMvcPrintOnlyOnFailureTestExecutionListener@247246ea, org.springframework.boot.test.autoconfigure.web.servlet.WebDriverTestExecutionListener@43b45e77, org.springframework.boot.test.autoconfigure.webservices.client.MockWebServiceServerTestExecutionListener@71639428, org.springframework.boot.test.mock.mockito.ResetMocksTestExecutionListener@26c9225a]
10:22:25.301 [Test worker] TRACE org.springframework.test.context.TestContextManager - Registering TestExecutionListener: org.springframework.test.context.web.ServletTestExecutionListener
10:22:25.302 [Test worker] TRACE org.springframework.test.context.TestContextManager - Registering TestExecutionListener: org.springframework.test.context.support.DirtiesContextBeforeModesTestExecutionListener
10:22:25.302 [Test worker] TRACE org.springframework.test.context.TestContextManager - Registering TestExecutionListener: org.springframework.test.context.event.ApplicationEventsTestExecutionListener
10:22:25.302 [Test worker] TRACE org.springframework.test.context.TestContextManager - Registering TestExecutionListener: org.springframework.boot.test.mock.mockito.MockitoTestExecutionListener
10:22:25.302 [Test worker] TRACE org.springframework.test.context.TestContextManager - Registering TestExecutionListener: org.springframework.test.context.support.DependencyInjectionTestExecutionListener
10:22:25.302 [Test worker] TRACE org.springframework.test.context.TestContextManager - Registering TestExecutionListener: org.springframework.test.context.support.DirtiesContextTestExecutionListener
10:22:25.302 [Test worker] TRACE org.springframework.test.context.TestContextManager - Registering TestExecutionListener: org.springframework.test.context.transaction.TransactionalTestExecutionListener
10:22:25.302 [Test worker] TRACE org.springframework.test.context.TestContextManager - Registering TestExecutionListener: org.springframework.test.context.jdbc.SqlScriptsTestExecutionListener
10:22:25.302 [Test worker] TRACE org.springframework.test.context.TestContextManager - Registering TestExecutionListener: org.springframework.security.test.context.support.WithSecurityContextTestExecutionListener
10:22:25.302 [Test worker] TRACE org.springframework.test.context.TestContextManager - Registering TestExecutionListener: org.springframework.test.context.event.EventPublishingTestExecutionListener
10:22:25.302 [Test worker] TRACE org.springframework.test.context.TestContextManager - Registering TestExecutionListener: org.springframework.security.test.context.support.ReactorContextTestExecutionListener
10:22:25.302 [Test worker] TRACE org.springframework.test.context.TestContextManager - Registering TestExecutionListener: org.springframework.boot.test.autoconfigure.restdocs.RestDocsTestExecutionListener
10:22:25.302 [Test worker] TRACE org.springframework.test.context.TestContextManager - Registering TestExecutionListener: org.springframework.boot.test.autoconfigure.web.client.MockRestServiceServerResetTestExecutionListener
10:22:25.302 [Test worker] TRACE org.springframework.test.context.TestContextManager - Registering TestExecutionListener: org.springframework.boot.test.autoconfigure.web.servlet.MockMvcPrintOnlyOnFailureTestExecutionListener
10:22:25.302 [Test worker] TRACE org.springframework.test.context.TestContextManager - Registering TestExecutionListener: org.springframework.boot.test.autoconfigure.web.servlet.WebDriverTestExecutionListener
10:22:25.302 [Test worker] TRACE org.springframework.test.context.TestContextManager - Registering TestExecutionListener: org.springframework.boot.test.autoconfigure.webservices.client.MockWebServiceServerTestExecutionListener
10:22:25.302 [Test worker] TRACE org.springframework.test.context.TestContextManager - Registering TestExecutionListener: org.springframework.boot.test.mock.mockito.ResetMocksTestExecutionListener
10:22:25.303 [Test worker] TRACE org.springframework.test.context.TestContextManager - beforeTestClass(): class [com.laundry.laundryMgmt.ReservationTest.ReservationDaoTest]
10:22:25.303 [Test worker] TRACE org.springframework.test.context.support.DirtiesContextBeforeModesTestExecutionListener - Before test class: context [DefaultTestContext@10ba757f testClass = com.laundry.laundryMgmt.ReservationTest.ReservationDaoTest, testInstance = null, testMethod = null, testException = null, mergedContextConfiguration = [MergedContextConfiguration@711cd6f9 testClass = com.laundry.laundryMgmt.ReservationTest.ReservationDaoTest, locations = [], classes = [com.laundry.laundryMgmt.LaundryMgmtApplication], contextInitializerClasses = [], activeProfiles = [], propertySourceLocations = [], propertySourceProperties = ["org.springframework.boot.test.autoconfigure.orm.jpa.DataJpaTestContextBootstrapper=true"], contextCustomizers = [org.springframework.boot.test.autoconfigure.OverrideAutoConfigurationContextCustomizerFactory$DisableAutoConfigurationContextCustomizer@53fd061d, org.springframework.boot.test.autoconfigure.actuate.observability.ObservabilityContextCustomizerFactory$DisableObservabilityContextCustomizer@1f, org.springframework.boot.test.autoconfigure.filter.TypeExcludeFiltersContextCustomizer@351584c0, org.springframework.boot.test.autoconfigure.properties.PropertyMappingContextCustomizer@ecdf99c8, org.springframework.boot.test.autoconfigure.web.servlet.WebDriverContextCustomizer@7d9ba6c, [ImportsContextCustomizer@3ac60eeb key = [org.springframework.boot.autoconfigure.transaction.TransactionAutoConfiguration, org.springframework.boot.autoconfigure.data.jpa.JpaRepositoriesAutoConfiguration, org.springframework.boot.autoconfigure.jdbc.DataSourceAutoConfiguration, org.springframework.boot.test.autoconfigure.orm.jpa.TestEntityManagerAutoConfiguration, org.springframework.boot.autoconfigure.cache.CacheAutoConfiguration, org.springframework.boot.autoconfigure.orm.jpa.HibernateJpaAutoConfiguration, org.springframework.boot.autoconfigure.sql.init.SqlInitializationAutoConfiguration, org.springframework.boot.autoconfigure.jdbc.JdbcTemplateAutoConfiguration, org.springframework.boot.test.autoconfigure.jdbc.TestDatabaseAutoConfiguration, org.springframework.boot.autoconfigure.flyway.FlywayAutoConfiguration, org.springframework.boot.autoconfigure.jdbc.DataSourceTransactionManagerAutoConfiguration, org.springframework.boot.autoconfigure.liquibase.LiquibaseAutoConfiguration]], org.springframework.boot.test.context.filter.ExcludeFilterContextCustomizer@5d425813, org.springframework.boot.test.json.DuplicateJsonObjectContextCustomizerFactory$DuplicateJsonObjectContextCustomizer@6b52dd31, org.springframework.boot.test.mock.mockito.MockitoContextCustomizer@0, org.springframework.boot.test.context.SpringBootTestAnnotation@e60850a], contextLoader = org.springframework.boot.test.context.SpringBootContextLoader, parent = null], attributes = {}], class annotated with @DirtiesContext [false] with mode [null]
10:22:25.304 [Test worker] TRACE org.springframework.test.context.cache.DefaultCacheAwareContextLoaderDelegate - Retrieved ApplicationContext [1559145228] from cache with key [MergedContextConfiguration@711cd6f9 testClass = com.laundry.laundryMgmt.ReservationTest.ReservationDaoTest, locations = [], classes = [com.laundry.laundryMgmt.LaundryMgmtApplication], contextInitializerClasses = [], activeProfiles = [], propertySourceLocations = [], propertySourceProperties = ["org.springframework.boot.test.autoconfigure.orm.jpa.DataJpaTestContextBootstrapper=true"], contextCustomizers = [org.springframework.boot.test.autoconfigure.OverrideAutoConfigurationContextCustomizerFactory$DisableAutoConfigurationContextCustomizer@53fd061d, org.springframework.boot.test.autoconfigure.actuate.observability.ObservabilityContextCustomizerFactory$DisableObservabilityContextCustomizer@1f, org.springframework.boot.test.autoconfigure.filter.TypeExcludeFiltersContextCustomizer@351584c0, org.springframework.boot.test.autoconfigure.properties.PropertyMappingContextCustomizer@ecdf99c8, org.springframework.boot.test.autoconfigure.web.servlet.WebDriverContextCustomizer@7d9ba6c, [ImportsContextCustomizer@3ac60eeb key = [org.springframework.boot.autoconfigure.transaction.TransactionAutoConfiguration, org.springframework.boot.autoconfigure.data.jpa.JpaRepositoriesAutoConfiguration, org.springframework.boot.autoconfigure.jdbc.DataSourceAutoConfiguration, org.springframework.boot.test.autoconfigure.orm.jpa.TestEntityManagerAutoConfiguration, org.springframework.boot.autoconfigure.cache.CacheAutoConfiguration, org.springframework.boot.autoconfigure.orm.jpa.HibernateJpaAutoConfiguration, org.springframework.boot.autoconfigure.sql.init.SqlInitializationAutoConfiguration, org.springframework.boot.autoconfigure.jdbc.JdbcTemplateAutoConfiguration, org.springframework.boot.test.autoconfigure.jdbc.TestDatabaseAutoConfiguration, org.springframework.boot.autoconfigure.flyway.FlywayAutoConfiguration, org.springframework.boot.autoconfigure.jdbc.DataSourceTransactionManagerAutoConfiguration, org.springframework.boot.autoconfigure.liquibase.LiquibaseAutoConfiguration]], org.springframework.boot.test.context.filter.ExcludeFilterContextCustomizer@5d425813, org.springframework.boot.test.json.DuplicateJsonObjectContextCustomizerFactory$DuplicateJsonObjectContextCustomizer@6b52dd31, org.springframework.boot.test.mock.mockito.MockitoContextCustomizer@0, org.springframework.boot.test.context.SpringBootTestAnnotation@e60850a], contextLoader = org.springframework.boot.test.context.SpringBootContextLoader, parent = null]
10:22:25.304 [Test worker] DEBUG org.springframework.test.context.cache - Spring test ApplicationContext cache statistics: [DefaultContextCache@7b031f53 size = 2, maxSize = 32, parentContextCount = 0, hitCount = 27, missCount = 2]
10:22:25.306 [Test worker] TRACE org.springframework.test.context.TestContextManager - prepareTestInstance(): instance [com.laundry.laundryMgmt.ReservationTest.ReservationDaoTest@1cb3de26]
10:22:25.306 [Test worker] TRACE org.springframework.test.context.support.DependencyInjectionTestExecutionListener - Performing dependency injection for test context [DefaultTestContext@10ba757f testClass = com.laundry.laundryMgmt.ReservationTest.ReservationDaoTest, testInstance = com.laundry.laundryMgmt.ReservationTest.ReservationDaoTest@1cb3de26, testMethod = null, testException = null, mergedContextConfiguration = [MergedContextConfiguration@711cd6f9 testClass = com.laundry.laundryMgmt.ReservationTest.ReservationDaoTest, locations = [], classes = [com.laundry.laundryMgmt.LaundryMgmtApplication], contextInitializerClasses = [], activeProfiles = [], propertySourceLocations = [], propertySourceProperties = ["org.springframework.boot.test.autoconfigure.orm.jpa.DataJpaTestContextBootstrapper=true"], contextCustomizers = [org.springframework.boot.test.autoconfigure.OverrideAutoConfigurationContextCustomizerFactory$DisableAutoConfigurationContextCustomizer@53fd061d, org.springframework.boot.test.autoconfigure.actuate.observability.ObservabilityContextCustomizerFactory$DisableObservabilityContextCustomizer@1f, org.springframework.boot.test.autoconfigure.filter.TypeExcludeFiltersContextCustomizer@351584c0, org.springframework.boot.test.autoconfigure.properties.PropertyMappingContextCustomizer@ecdf99c8, org.springframework.boot.test.autoconfigure.web.servlet.WebDriverContextCustomizer@7d9ba6c, [ImportsContextCustomizer@3ac60eeb key = [org.springframework.boot.autoconfigure.transaction.TransactionAutoConfiguration, org.springframework.boot.autoconfigure.data.jpa.JpaRepositoriesAutoConfiguration, org.springframework.boot.autoconfigure.jdbc.DataSourceAutoConfiguration, org.springframework.boot.test.autoconfigure.orm.jpa.TestEntityManagerAutoConfiguration, org.springframework.boot.autoconfigure.cache.CacheAutoConfiguration, org.springframework.boot.autoconfigure.orm.jpa.HibernateJpaAutoConfiguration, org.springframework.boot.autoconfigure.sql.init.SqlInitializationAutoConfiguration, org.springframework.boot.autoconfigure.jdbc.JdbcTemplateAutoConfiguration, org.springframework.boot.test.autoconfigure.jdbc.TestDatabaseAutoConfiguration, org.springframework.boot.autoconfigure.flyway.FlywayAutoConfiguration, org.springframework.boot.autoconfigure.jdbc.DataSourceTransactionManagerAutoConfiguration, org.springframework.boot.autoconfigure.liquibase.LiquibaseAutoConfiguration]], org.springframework.boot.test.context.filter.ExcludeFilterContextCustomizer@5d425813, org.springframework.boot.test.json.DuplicateJsonObjectContextCustomizerFactory$DuplicateJsonObjectContextCustomizer@6b52dd31, org.springframework.boot.test.mock.mockito.MockitoContextCustomizer@0, org.springframework.boot.test.context.SpringBootTestAnnotation@e60850a], contextLoader = org.springframework.boot.test.context.SpringBootContextLoader, parent = null], attributes = {"org.springframework.test.context.event.ApplicationEventsTestExecutionListener.recordApplicationEvents" -> false}]
10:22:25.306 [Test worker] TRACE org.springframework.test.context.cache.DefaultCacheAwareContextLoaderDelegate - Retrieved ApplicationContext [1559145228] from cache with key [MergedContextConfiguration@711cd6f9 testClass = com.laundry.laundryMgmt.ReservationTest.ReservationDaoTest, locations = [], classes = [com.laundry.laundryMgmt.LaundryMgmtApplication], contextInitializerClasses = [], activeProfiles = [], propertySourceLocations = [], propertySourceProperties = ["org.springframework.boot.test.autoconfigure.orm.jpa.DataJpaTestContextBootstrapper=true"], contextCustomizers = [org.springframework.boot.test.autoconfigure.OverrideAutoConfigurationContextCustomizerFactory$DisableAutoConfigurationContextCustomizer@53fd061d, org.springframework.boot.test.autoconfigure.actuate.observability.ObservabilityContextCustomizerFactory$DisableObservabilityContextCustomizer@1f, org.springframework.boot.test.autoconfigure.filter.TypeExcludeFiltersContextCustomizer@351584c0, org.springframework.boot.test.autoconfigure.properties.PropertyMappingContextCustomizer@ecdf99c8, org.springframework.boot.test.autoconfigure.web.servlet.WebDriverContextCustomizer@7d9ba6c, [ImportsContextCustomizer@3ac60eeb key = [org.springframework.boot.autoconfigure.transaction.TransactionAutoConfiguration, org.springframework.boot.autoconfigure.data.jpa.JpaRepositoriesAutoConfiguration, org.springframework.boot.autoconfigure.jdbc.DataSourceAutoConfiguration, org.springframework.boot.test.autoconfigure.orm.jpa.TestEntityManagerAutoConfiguration, org.springframework.boot.autoconfigure.cache.CacheAutoConfiguration, org.springframework.boot.autoconfigure.orm.jpa.HibernateJpaAutoConfiguration, org.springframework.boot.autoconfigure.sql.init.SqlInitializationAutoConfiguration, org.springframework.boot.autoconfigure.jdbc.JdbcTemplateAutoConfiguration, org.springframework.boot.test.autoconfigure.jdbc.TestDatabaseAutoConfiguration, org.springframework.boot.autoconfigure.flyway.FlywayAutoConfiguration, org.springframework.boot.autoconfigure.jdbc.DataSourceTransactionManagerAutoConfiguration, org.springframework.boot.autoconfigure.liquibase.LiquibaseAutoConfiguration]], org.springframework.boot.test.context.filter.ExcludeFilterContextCustomizer@5d425813, org.springframework.boot.test.json.DuplicateJsonObjectContextCustomizerFactory$DuplicateJsonObjectContextCustomizer@6b52dd31, org.springframework.boot.test.mock.mockito.MockitoContextCustomizer@0, org.springframework.boot.test.context.SpringBootTestAnnotation@e60850a], contextLoader = org.springframework.boot.test.context.SpringBootContextLoader, parent = null]
10:22:25.306 [Test worker] DEBUG org.springframework.test.context.cache - Spring test ApplicationContext cache statistics: [DefaultContextCache@7b031f53 size = 2, maxSize = 32, parentContextCount = 0, hitCount = 28, missCount = 2]
10:22:25.308 [Test worker] TRACE org.springframework.beans.factory.support.DefaultListableBeanFactory - Returning cached instance of singleton bean 'reservationDao'
10:22:25.309 [Test worker] TRACE org.springframework.beans.factory.annotation.AutowiredAnnotationBeanPostProcessor - Autowiring by type from bean name 'com.laundry.laundryMgmt.ReservationTest.ReservationDaoTest' to bean named 'reservationDao'
10:22:25.313 [Test worker] TRACE org.springframework.test.context.cache.DefaultCacheAwareContextLoaderDelegate - Retrieved ApplicationContext [1559145228] from cache with key [MergedContextConfiguration@711cd6f9 testClass = com.laundry.laundryMgmt.ReservationTest.ReservationDaoTest, locations = [], classes = [com.laundry.laundryMgmt.LaundryMgmtApplication], contextInitializerClasses = [], activeProfiles = [], propertySourceLocations = [], propertySourceProperties = ["org.springframework.boot.test.autoconfigure.orm.jpa.DataJpaTestContextBootstrapper=true"], contextCustomizers = [org.springframework.boot.test.autoconfigure.OverrideAutoConfigurationContextCustomizerFactory$DisableAutoConfigurationContextCustomizer@53fd061d, org.springframework.boot.test.autoconfigure.actuate.observability.ObservabilityContextCustomizerFactory$DisableObservabilityContextCustomizer@1f, org.springframework.boot.test.autoconfigure.filter.TypeExcludeFiltersContextCustomizer@351584c0, org.springframework.boot.test.autoconfigure.properties.PropertyMappingContextCustomizer@ecdf99c8, org.springframework.boot.test.autoconfigure.web.servlet.WebDriverContextCustomizer@7d9ba6c, [ImportsContextCustomizer@3ac60eeb key = [org.springframework.boot.autoconfigure.transaction.TransactionAutoConfiguration, org.springframework.boot.autoconfigure.data.jpa.JpaRepositoriesAutoConfiguration, org.springframework.boot.autoconfigure.jdbc.DataSourceAutoConfiguration, org.springframework.boot.test.autoconfigure.orm.jpa.TestEntityManagerAutoConfiguration, org.springframework.boot.autoconfigure.cache.CacheAutoConfiguration, org.springframework.boot.autoconfigure.orm.jpa.HibernateJpaAutoConfiguration, org.springframework.boot.autoconfigure.sql.init.SqlInitializationAutoConfiguration, org.springframework.boot.autoconfigure.jdbc.JdbcTemplateAutoConfiguration, org.springframework.boot.test.autoconfigure.jdbc.TestDatabaseAutoConfiguration, org.springframework.boot.autoconfigure.flyway.FlywayAutoConfiguration, org.springframework.boot.autoconfigure.jdbc.DataSourceTransactionManagerAutoConfiguration, org.springframework.boot.autoconfigure.liquibase.LiquibaseAutoConfiguration]], org.springframework.boot.test.context.filter.ExcludeFilterContextCustomizer@5d425813, org.springframework.boot.test.json.DuplicateJsonObjectContextCustomizerFactory$DuplicateJsonObjectContextCustomizer@6b52dd31, org.springframework.boot.test.mock.mockito.MockitoContextCustomizer@0, org.springframework.boot.test.context.SpringBootTestAnnotation@e60850a], contextLoader = org.springframework.boot.test.context.SpringBootContextLoader, parent = null]
10:22:25.313 [Test worker] DEBUG org.springframework.test.context.cache - Spring test ApplicationContext cache statistics: [DefaultContextCache@7b031f53 size = 2, maxSize = 32, parentContextCount = 0, hitCount = 29, missCount = 2]
10:22:25.315 [Test worker] TRACE org.springframework.test.context.TestContextManager - beforeTestMethod(): instance [com.laundry.laundryMgmt.ReservationTest.ReservationDaoTest@1cb3de26], method [public void com.laundry.laundryMgmt.ReservationTest.ReservationDaoTest.shouldFindAnyReservationById()]
10:22:25.315 [Test worker] TRACE org.springframework.test.context.support.DirtiesContextBeforeModesTestExecutionListener - Before test method: context [DefaultTestContext@10ba757f testClass = com.laundry.laundryMgmt.ReservationTest.ReservationDaoTest, testInstance = com.laundry.laundryMgmt.ReservationTest.ReservationDaoTest@1cb3de26, testMethod = shouldFindAnyReservationById(), testException = null, mergedContextConfiguration = [MergedContextConfiguration@711cd6f9 testClass = com.laundry.laundryMgmt.ReservationTest.ReservationDaoTest, locations = [], classes = [com.laundry.laundryMgmt.LaundryMgmtApplication], contextInitializerClasses = [], activeProfiles = [], propertySourceLocations = [], propertySourceProperties = ["org.springframework.boot.test.autoconfigure.orm.jpa.DataJpaTestContextBootstrapper=true"], contextCustomizers = [org.springframework.boot.test.autoconfigure.OverrideAutoConfigurationContextCustomizerFactory$DisableAutoConfigurationContextCustomizer@53fd061d, org.springframework.boot.test.autoconfigure.actuate.observability.ObservabilityContextCustomizerFactory$DisableObservabilityContextCustomizer@1f, org.springframework.boot.test.autoconfigure.filter.TypeExcludeFiltersContextCustomizer@351584c0, org.springframework.boot.test.autoconfigure.properties.PropertyMappingContextCustomizer@ecdf99c8, org.springframework.boot.test.autoconfigure.web.servlet.WebDriverContextCustomizer@7d9ba6c, [ImportsContextCustomizer@3ac60eeb key = [org.springframework.boot.autoconfigure.transaction.TransactionAutoConfiguration, org.springframework.boot.autoconfigure.data.jpa.JpaRepositoriesAutoConfiguration, org.springframework.boot.autoconfigure.jdbc.DataSourceAutoConfiguration, org.springframework.boot.test.autoconfigure.orm.jpa.TestEntityManagerAutoConfiguration, org.springframework.boot.autoconfigure.cache.CacheAutoConfiguration, org.springframework.boot.autoconfigure.orm.jpa.HibernateJpaAutoConfiguration, org.springframework.boot.autoconfigure.sql.init.SqlInitializationAutoConfiguration, org.springframework.boot.autoconfigure.jdbc.JdbcTemplateAutoConfiguration, org.springframework.boot.test.autoconfigure.jdbc.TestDatabaseAutoConfiguration, org.springframework.boot.autoconfigure.flyway.FlywayAutoConfiguration, org.springframework.boot.autoconfigure.jdbc.DataSourceTransactionManagerAutoConfiguration, org.springframework.boot.autoconfigure.liquibase.LiquibaseAutoConfiguration]], org.springframework.boot.test.context.filter.ExcludeFilterContextCustomizer@5d425813, org.springframework.boot.test.json.DuplicateJsonObjectContextCustomizerFactory$DuplicateJsonObjectContextCustomizer@6b52dd31, org.springframework.boot.test.mock.mockito.MockitoContextCustomizer@0, org.springframework.boot.test.context.SpringBootTestAnnotation@e60850a], contextLoader = org.springframework.boot.test.context.SpringBootContextLoader, parent = null], attributes = {"org.springframework.test.context.event.ApplicationEventsTestExecutionListener.recordApplicationEvents" -> false}], class annotated with @DirtiesContext [false] with mode [null], method annotated with @DirtiesContext [false] with mode [null]
10:22:25.315 [Test worker] TRACE org.springframework.test.context.transaction.TransactionalTestExecutionListener$1 - Adding transactional method 'com.laundry.laundryMgmt.ReservationTest.ReservationDaoTest.shouldFindAnyReservationById' with attribute: PROPAGATION_REQUIRED,ISOLATION_DEFAULT
10:22:25.315 [Test worker] TRACE org.springframework.test.context.transaction.TransactionalTestExecutionListener - Explicit transaction definition [PROPAGATION_REQUIRED,ISOLATION_DEFAULT] found for test context [DefaultTestContext@10ba757f testClass = com.laundry.laundryMgmt.ReservationTest.ReservationDaoTest, testInstance = com.laundry.laundryMgmt.ReservationTest.ReservationDaoTest@1cb3de26, testMethod = shouldFindAnyReservationById(), testException = null, mergedContextConfiguration = [MergedContextConfiguration@711cd6f9 testClass = com.laundry.laundryMgmt.ReservationTest.ReservationDaoTest, locations = [], classes = [com.laundry.laundryMgmt.LaundryMgmtApplication], contextInitializerClasses = [], activeProfiles = [], propertySourceLocations = [], propertySourceProperties = ["org.springframework.boot.test.autoconfigure.orm.jpa.DataJpaTestContextBootstrapper=true"], contextCustomizers = [org.springframework.boot.test.autoconfigure.OverrideAutoConfigurationContextCustomizerFactory$DisableAutoConfigurationContextCustomizer@53fd061d, org.springframework.boot.test.autoconfigure.actuate.observability.ObservabilityContextCustomizerFactory$DisableObservabilityContextCustomizer@1f, org.springframework.boot.test.autoconfigure.filter.TypeExcludeFiltersContextCustomizer@351584c0, org.springframework.boot.test.autoconfigure.properties.PropertyMappingContextCustomizer@ecdf99c8, org.springframework.boot.test.autoconfigure.web.servlet.WebDriverContextCustomizer@7d9ba6c, [ImportsContextCustomizer@3ac60eeb key = [org.springframework.boot.autoconfigure.transaction.TransactionAutoConfiguration, org.springframework.boot.autoconfigure.data.jpa.JpaRepositoriesAutoConfiguration, org.springframework.boot.autoconfigure.jdbc.DataSourceAutoConfiguration, org.springframework.boot.test.autoconfigure.orm.jpa.TestEntityManagerAutoConfiguration, org.springframework.boot.autoconfigure.cache.CacheAutoConfiguration, org.springframework.boot.autoconfigure.orm.jpa.HibernateJpaAutoConfiguration, org.springframework.boot.autoconfigure.sql.init.SqlInitializationAutoConfiguration, org.springframework.boot.autoconfigure.jdbc.JdbcTemplateAutoConfiguration, org.springframework.boot.test.autoconfigure.jdbc.TestDatabaseAutoConfiguration, org.springframework.boot.autoconfigure.flyway.FlywayAutoConfiguration, org.springframework.boot.autoconfigure.jdbc.DataSourceTransactionManagerAutoConfiguration, org.springframework.boot.autoconfigure.liquibase.LiquibaseAutoConfiguration]], org.springframework.boot.test.context.filter.ExcludeFilterContextCustomizer@5d425813, org.springframework.boot.test.json.DuplicateJsonObjectContextCustomizerFactory$DuplicateJsonObjectContextCustomizer@6b52dd31, org.springframework.boot.test.mock.mockito.MockitoContextCustomizer@0, org.springframework.boot.test.context.SpringBootTestAnnotation@e60850a], contextLoader = org.springframework.boot.test.context.SpringBootContextLoader, parent = null], attributes = {"org.springframework.test.context.event.ApplicationEventsTestExecutionListener.recordApplicationEvents" -> false}]
10:22:25.316 [Test worker] TRACE org.springframework.test.context.cache.DefaultCacheAwareContextLoaderDelegate - Retrieved ApplicationContext [1559145228] from cache with key [MergedContextConfiguration@711cd6f9 testClass = com.laundry.laundryMgmt.ReservationTest.ReservationDaoTest, locations = [], classes = [com.laundry.laundryMgmt.LaundryMgmtApplication], contextInitializerClasses = [], activeProfiles = [], propertySourceLocations = [], propertySourceProperties = ["org.springframework.boot.test.autoconfigure.orm.jpa.DataJpaTestContextBootstrapper=true"], contextCustomizers = [org.springframework.boot.test.autoconfigure.OverrideAutoConfigurationContextCustomizerFactory$DisableAutoConfigurationContextCustomizer@53fd061d, org.springframework.boot.test.autoconfigure.actuate.observability.ObservabilityContextCustomizerFactory$DisableObservabilityContextCustomizer@1f, org.springframework.boot.test.autoconfigure.filter.TypeExcludeFiltersContextCustomizer@351584c0, org.springframework.boot.test.autoconfigure.properties.PropertyMappingContextCustomizer@ecdf99c8, org.springframework.boot.test.autoconfigure.web.servlet.WebDriverContextCustomizer@7d9ba6c, [ImportsContextCustomizer@3ac60eeb key = [org.springframework.boot.autoconfigure.transaction.TransactionAutoConfiguration, org.springframework.boot.autoconfigure.data.jpa.JpaRepositoriesAutoConfiguration, org.springframework.boot.autoconfigure.jdbc.DataSourceAutoConfiguration, org.springframework.boot.test.autoconfigure.orm.jpa.TestEntityManagerAutoConfiguration, org.springframework.boot.autoconfigure.cache.CacheAutoConfiguration, org.springframework.boot.autoconfigure.orm.jpa.HibernateJpaAutoConfiguration, org.springframework.boot.autoconfigure.sql.init.SqlInitializationAutoConfiguration, org.springframework.boot.autoconfigure.jdbc.JdbcTemplateAutoConfiguration, org.springframework.boot.test.autoconfigure.jdbc.TestDatabaseAutoConfiguration, org.springframework.boot.autoconfigure.flyway.FlywayAutoConfiguration, org.springframework.boot.autoconfigure.jdbc.DataSourceTransactionManagerAutoConfiguration, org.springframework.boot.autoconfigure.liquibase.LiquibaseAutoConfiguration]], org.springframework.boot.test.context.filter.ExcludeFilterContextCustomizer@5d425813, org.springframework.boot.test.json.DuplicateJsonObjectContextCustomizerFactory$DuplicateJsonObjectContextCustomizer@6b52dd31, org.springframework.boot.test.mock.mockito.MockitoContextCustomizer@0, org.springframework.boot.test.context.SpringBootTestAnnotation@e60850a], contextLoader = org.springframework.boot.test.context.SpringBootContextLoader, parent = null]
10:22:25.316 [Test worker] DEBUG org.springframework.test.context.cache - Spring test ApplicationContext cache statistics: [DefaultContextCache@7b031f53 size = 2, maxSize = 32, parentContextCount = 0, hitCount = 30, missCount = 2]
10:22:25.317 [Test worker] TRACE org.springframework.beans.factory.support.DefaultListableBeanFactory - Returning cached instance of singleton bean 'transactionManager'
10:22:25.317 [Test worker] TRACE org.springframework.test.context.transaction.TransactionalTestExecutionListener - No method-level @Rollback override: using default rollback [true] for test context [DefaultTestContext@10ba757f testClass = com.laundry.laundryMgmt.ReservationTest.ReservationDaoTest, testInstance = com.laundry.laundryMgmt.ReservationTest.ReservationDaoTest@1cb3de26, testMethod = shouldFindAnyReservationById(), testException = null, mergedContextConfiguration = [MergedContextConfiguration@711cd6f9 testClass = com.laundry.laundryMgmt.ReservationTest.ReservationDaoTest, locations = [], classes = [com.laundry.laundryMgmt.LaundryMgmtApplication], contextInitializerClasses = [], activeProfiles = [], propertySourceLocations = [], propertySourceProperties = ["org.springframework.boot.test.autoconfigure.orm.jpa.DataJpaTestContextBootstrapper=true"], contextCustomizers = [org.springframework.boot.test.autoconfigure.OverrideAutoConfigurationContextCustomizerFactory$DisableAutoConfigurationContextCustomizer@53fd061d, org.springframework.boot.test.autoconfigure.actuate.observability.ObservabilityContextCustomizerFactory$DisableObservabilityContextCustomizer@1f, org.springframework.boot.test.autoconfigure.filter.TypeExcludeFiltersContextCustomizer@351584c0, org.springframework.boot.test.autoconfigure.properties.PropertyMappingContextCustomizer@ecdf99c8, org.springframework.boot.test.autoconfigure.web.servlet.WebDriverContextCustomizer@7d9ba6c, [ImportsContextCustomizer@3ac60eeb key = [org.springframework.boot.autoconfigure.transaction.TransactionAutoConfiguration, org.springframework.boot.autoconfigure.data.jpa.JpaRepositoriesAutoConfiguration, org.springframework.boot.autoconfigure.jdbc.DataSourceAutoConfiguration, org.springframework.boot.test.autoconfigure.orm.jpa.TestEntityManagerAutoConfiguration, org.springframework.boot.autoconfigure.cache.CacheAutoConfiguration, org.springframework.boot.autoconfigure.orm.jpa.HibernateJpaAutoConfiguration, org.springframework.boot.autoconfigure.sql.init.SqlInitializationAutoConfiguration, org.springframework.boot.autoconfigure.jdbc.JdbcTemplateAutoConfiguration, org.springframework.boot.test.autoconfigure.jdbc.TestDatabaseAutoConfiguration, org.springframework.boot.autoconfigure.flyway.FlywayAutoConfiguration, org.springframework.boot.autoconfigure.jdbc.DataSourceTransactionManagerAutoConfiguration, org.springframework.boot.autoconfigure.liquibase.LiquibaseAutoConfiguration]], org.springframework.boot.test.context.filter.ExcludeFilterContextCustomizer@5d425813, org.springframework.boot.test.json.DuplicateJsonObjectContextCustomizerFactory$DuplicateJsonObjectContextCustomizer@6b52dd31, org.springframework.boot.test.mock.mockito.MockitoContextCustomizer@0, org.springframework.boot.test.context.SpringBootTestAnnotation@e60850a], contextLoader = org.springframework.boot.test.context.SpringBootContextLoader, parent = null], attributes = {"org.springframework.test.context.event.ApplicationEventsTestExecutionListener.recordApplicationEvents" -> false}]
10:22:25.317 [Test worker] DEBUG org.springframework.orm.jpa.JpaTransactionManager - Creating new transaction with name [com.laundry.laundryMgmt.ReservationTest.ReservationDaoTest.shouldFindAnyReservationById]: PROPAGATION_REQUIRED,ISOLATION_DEFAULT
10:22:25.317 [Test worker] TRACE org.hibernate.internal.SessionFactoryImpl$SessionBuilderImpl - Opening Hibernate Session.  tenant=null
10:22:25.318 [Test worker] TRACE org.hibernate.internal.SessionImpl - Opened Session [b7a08d63-3a6f-4e9d-83f4-3e5f974eb576] at timestamp: 1704813745318
10:22:25.318 [Test worker] DEBUG org.springframework.orm.jpa.JpaTransactionManager - Opened new EntityManager [SessionImpl(623476050PersistenceContext[entityKeys=[], collectionKeys=[]];ActionQueue[insertions=ExecutableList{size=0} updates=ExecutableList{size=0} deletions=ExecutableList{size=0} orphanRemovals=ExecutableList{size=0} collectionCreations=ExecutableList{size=0} collectionRemovals=ExecutableList{size=0} collectionUpdates=ExecutableList{size=0} collectionQueuedOps=ExecutableList{size=0} unresolvedInsertDependencies=null])] for JPA transaction
10:22:25.318 [Test worker] DEBUG org.hibernate.engine.transaction.internal.TransactionImpl - On TransactionImpl creation, JpaCompliance#isJpaTransactionComplianceEnabled == false
10:22:25.318 [Test worker] DEBUG org.hibernate.engine.transaction.internal.TransactionImpl - begin
10:22:25.318 [Test worker] DEBUG org.springframework.jdbc.datasource.SimpleDriverDataSource - Creating new JDBC Driver Connection to [jdbc:h2:mem:374818e2-ec55-4778-8379-d53bf998d638;DB_CLOSE_DELAY=-1;DB_CLOSE_ON_EXIT=false]
10:22:25.318 [Test worker] TRACE org.hibernate.resource.jdbc.internal.AbstractLogicalConnectionImplementor - Preparing to begin transaction via JDBC Connection.setAutoCommit(false)
10:22:25.319 [Test worker] TRACE org.hibernate.resource.jdbc.internal.AbstractLogicalConnectionImplementor - Transaction begun via JDBC Connection.setAutoCommit(false)
10:22:25.319 [Test worker] TRACE org.hibernate.resource.transaction.backend.jdbc.internal.JdbcResourceLocalTransactionCoordinatorImpl - ResourceLocalTransactionCoordinatorImpl#afterBeginCallback
10:22:25.319 [Test worker] DEBUG org.springframework.orm.jpa.JpaTransactionManager - Exposing JPA transaction as JDBC [org.springframework.orm.jpa.vendor.HibernateJpaDialect$HibernateConnectionHandle@72b8b04f]
10:22:25.319 [Test worker] TRACE org.springframework.test.context.transaction.TransactionContext - Began transaction (1) for test context [DefaultTestContext@10ba757f testClass = com.laundry.laundryMgmt.ReservationTest.ReservationDaoTest, testInstance = com.laundry.laundryMgmt.ReservationTest.ReservationDaoTest@1cb3de26, testMethod = shouldFindAnyReservationById(), testException = null, mergedContextConfiguration = [MergedContextConfiguration@711cd6f9 testClass = com.laundry.laundryMgmt.ReservationTest.ReservationDaoTest, locations = [], classes = [com.laundry.laundryMgmt.LaundryMgmtApplication], contextInitializerClasses = [], activeProfiles = [], propertySourceLocations = [], propertySourceProperties = ["org.springframework.boot.test.autoconfigure.orm.jpa.DataJpaTestContextBootstrapper=true"], contextCustomizers = [org.springframework.boot.test.autoconfigure.OverrideAutoConfigurationContextCustomizerFactory$DisableAutoConfigurationContextCustomizer@53fd061d, org.springframework.boot.test.autoconfigure.actuate.observability.ObservabilityContextCustomizerFactory$DisableObservabilityContextCustomizer@1f, org.springframework.boot.test.autoconfigure.filter.TypeExcludeFiltersContextCustomizer@351584c0, org.springframework.boot.test.autoconfigure.properties.PropertyMappingContextCustomizer@ecdf99c8, org.springframework.boot.test.autoconfigure.web.servlet.WebDriverContextCustomizer@7d9ba6c, [ImportsContextCustomizer@3ac60eeb key = [org.springframework.boot.autoconfigure.transaction.TransactionAutoConfiguration, org.springframework.boot.autoconfigure.data.jpa.JpaRepositoriesAutoConfiguration, org.springframework.boot.autoconfigure.jdbc.DataSourceAutoConfiguration, org.springframework.boot.test.autoconfigure.orm.jpa.TestEntityManagerAutoConfiguration, org.springframework.boot.autoconfigure.cache.CacheAutoConfiguration, org.springframework.boot.autoconfigure.orm.jpa.HibernateJpaAutoConfiguration, org.springframework.boot.autoconfigure.sql.init.SqlInitializationAutoConfiguration, org.springframework.boot.autoconfigure.jdbc.JdbcTemplateAutoConfiguration, org.springframework.boot.test.autoconfigure.jdbc.TestDatabaseAutoConfiguration, org.springframework.boot.autoconfigure.flyway.FlywayAutoConfiguration, org.springframework.boot.autoconfigure.jdbc.DataSourceTransactionManagerAutoConfiguration, org.springframework.boot.autoconfigure.liquibase.LiquibaseAutoConfiguration]], org.springframework.boot.test.context.filter.ExcludeFilterContextCustomizer@5d425813, org.springframework.boot.test.json.DuplicateJsonObjectContextCustomizerFactory$DuplicateJsonObjectContextCustomizer@6b52dd31, org.springframework.boot.test.mock.mockito.MockitoContextCustomizer@0, org.springframework.boot.test.context.SpringBootTestAnnotation@e60850a], contextLoader = org.springframework.boot.test.context.SpringBootContextLoader, parent = null], attributes = {"org.springframework.test.context.event.ApplicationEventsTestExecutionListener.recordApplicationEvents" -> false}]; transaction manager [org.springframework.orm.jpa.JpaTransactionManager@3df88502]; rollback [true]
10:22:25.320 [Test worker] TRACE org.springframework.test.context.cache.DefaultCacheAwareContextLoaderDelegate - Retrieved ApplicationContext [1559145228] from cache with key [MergedContextConfiguration@711cd6f9 testClass = com.laundry.laundryMgmt.ReservationTest.ReservationDaoTest, locations = [], classes = [com.laundry.laundryMgmt.LaundryMgmtApplication], contextInitializerClasses = [], activeProfiles = [], propertySourceLocations = [], propertySourceProperties = ["org.springframework.boot.test.autoconfigure.orm.jpa.DataJpaTestContextBootstrapper=true"], contextCustomizers = [org.springframework.boot.test.autoconfigure.OverrideAutoConfigurationContextCustomizerFactory$DisableAutoConfigurationContextCustomizer@53fd061d, org.springframework.boot.test.autoconfigure.actuate.observability.ObservabilityContextCustomizerFactory$DisableObservabilityContextCustomizer@1f, org.springframework.boot.test.autoconfigure.filter.TypeExcludeFiltersContextCustomizer@351584c0, org.springframework.boot.test.autoconfigure.properties.PropertyMappingContextCustomizer@ecdf99c8, org.springframework.boot.test.autoconfigure.web.servlet.WebDriverContextCustomizer@7d9ba6c, [ImportsContextCustomizer@3ac60eeb key = [org.springframework.boot.autoconfigure.transaction.TransactionAutoConfiguration, org.springframework.boot.autoconfigure.data.jpa.JpaRepositoriesAutoConfiguration, org.springframework.boot.autoconfigure.jdbc.DataSourceAutoConfiguration, org.springframework.boot.test.autoconfigure.orm.jpa.TestEntityManagerAutoConfiguration, org.springframework.boot.autoconfigure.cache.CacheAutoConfiguration, org.springframework.boot.autoconfigure.orm.jpa.HibernateJpaAutoConfiguration, org.springframework.boot.autoconfigure.sql.init.SqlInitializationAutoConfiguration, org.springframework.boot.autoconfigure.jdbc.JdbcTemplateAutoConfiguration, org.springframework.boot.test.autoconfigure.jdbc.TestDatabaseAutoConfiguration, org.springframework.boot.autoconfigure.flyway.FlywayAutoConfiguration, org.springframework.boot.autoconfigure.jdbc.DataSourceTransactionManagerAutoConfiguration, org.springframework.boot.autoconfigure.liquibase.LiquibaseAutoConfiguration]], org.springframework.boot.test.context.filter.ExcludeFilterContextCustomizer@5d425813, org.springframework.boot.test.json.DuplicateJsonObjectContextCustomizerFactory$DuplicateJsonObjectContextCustomizer@6b52dd31, org.springframework.boot.test.mock.mockito.MockitoContextCustomizer@0, org.springframework.boot.test.context.SpringBootTestAnnotation@e60850a], contextLoader = org.springframework.boot.test.context.SpringBootContextLoader, parent = null]
10:22:25.320 [Test worker] DEBUG org.springframework.test.context.cache - Spring test ApplicationContext cache statistics: [DefaultContextCache@7b031f53 size = 2, maxSize = 32, parentContextCount = 0, hitCount = 31, missCount = 2]
10:22:25.320 [Test worker] TRACE org.springframework.test.context.cache.DefaultCacheAwareContextLoaderDelegate - Retrieved ApplicationContext [1559145228] from cache with key [MergedContextConfiguration@711cd6f9 testClass = com.laundry.laundryMgmt.ReservationTest.ReservationDaoTest, locations = [], classes = [com.laundry.laundryMgmt.LaundryMgmtApplication], contextInitializerClasses = [], activeProfiles = [], propertySourceLocations = [], propertySourceProperties = ["org.springframework.boot.test.autoconfigure.orm.jpa.DataJpaTestContextBootstrapper=true"], contextCustomizers = [org.springframework.boot.test.autoconfigure.OverrideAutoConfigurationContextCustomizerFactory$DisableAutoConfigurationContextCustomizer@53fd061d, org.springframework.boot.test.autoconfigure.actuate.observability.ObservabilityContextCustomizerFactory$DisableObservabilityContextCustomizer@1f, org.springframework.boot.test.autoconfigure.filter.TypeExcludeFiltersContextCustomizer@351584c0, org.springframework.boot.test.autoconfigure.properties.PropertyMappingContextCustomizer@ecdf99c8, org.springframework.boot.test.autoconfigure.web.servlet.WebDriverContextCustomizer@7d9ba6c, [ImportsContextCustomizer@3ac60eeb key = [org.springframework.boot.autoconfigure.transaction.TransactionAutoConfiguration, org.springframework.boot.autoconfigure.data.jpa.JpaRepositoriesAutoConfiguration, org.springframework.boot.autoconfigure.jdbc.DataSourceAutoConfiguration, org.springframework.boot.test.autoconfigure.orm.jpa.TestEntityManagerAutoConfiguration, org.springframework.boot.autoconfigure.cache.CacheAutoConfiguration, org.springframework.boot.autoconfigure.orm.jpa.HibernateJpaAutoConfiguration, org.springframework.boot.autoconfigure.sql.init.SqlInitializationAutoConfiguration, org.springframework.boot.autoconfigure.jdbc.JdbcTemplateAutoConfiguration, org.springframework.boot.test.autoconfigure.jdbc.TestDatabaseAutoConfiguration, org.springframework.boot.autoconfigure.flyway.FlywayAutoConfiguration, org.springframework.boot.autoconfigure.jdbc.DataSourceTransactionManagerAutoConfiguration, org.springframework.boot.autoconfigure.liquibase.LiquibaseAutoConfiguration]], org.springframework.boot.test.context.filter.ExcludeFilterContextCustomizer@5d425813, org.springframework.boot.test.json.DuplicateJsonObjectContextCustomizerFactory$DuplicateJsonObjectContextCustomizer@6b52dd31, org.springframework.boot.test.mock.mockito.MockitoContextCustomizer@0, org.springframework.boot.test.context.SpringBootTestAnnotation@e60850a], contextLoader = org.springframework.boot.test.context.SpringBootContextLoader, parent = null]
10:22:25.320 [Test worker] DEBUG org.springframework.test.context.cache - Spring test ApplicationContext cache statistics: [DefaultContextCache@7b031f53 size = 2, maxSize = 32, parentContextCount = 0, hitCount = 32, missCount = 2]
10:22:25.321 [Test worker] TRACE org.springframework.beans.factory.support.DefaultListableBeanFactory - Returning cached instance of singleton bean 'org.springframework.context.annotation.internalConfigurationAnnotationProcessor'
10:22:25.321 [Test worker] TRACE org.springframework.beans.factory.support.DefaultListableBeanFactory - Returning cached instance of singleton bean 'org.springframework.context.annotation.internalAutowiredAnnotationProcessor'
10:22:25.321 [Test worker] TRACE org.springframework.beans.factory.support.DefaultListableBeanFactory - Returning cached instance of singleton bean 'org.springframework.context.annotation.internalCommonAnnotationProcessor'
10:22:25.321 [Test worker] TRACE org.springframework.beans.factory.support.DefaultListableBeanFactory - Returning cached instance of singleton bean 'org.springframework.context.annotation.internalPersistenceAnnotationProcessor'
10:22:25.321 [Test worker] TRACE org.springframework.beans.factory.support.DefaultListableBeanFactory - Returning cached instance of singleton bean 'org.springframework.context.event.internalEventListenerProcessor'
10:22:25.321 [Test worker] TRACE org.springframework.beans.factory.support.DefaultListableBeanFactory - Returning cached instance of singleton bean 'org.springframework.context.event.internalEventListenerFactory'
10:22:25.321 [Test worker] TRACE org.springframework.beans.factory.support.DefaultListableBeanFactory - Returning cached instance of singleton bean 'org.springframework.boot.test.context.ImportsContextCustomizer$ImportsCleanupPostProcessor'
10:22:25.321 [Test worker] TRACE org.springframework.beans.factory.support.DefaultListableBeanFactory - Returning cached instance of singleton bean 'org.springframework.boot.test.mock.mockito.MockitoPostProcessor$SpyPostProcessor'
10:22:25.321 [Test worker] TRACE org.springframework.beans.factory.support.DefaultListableBeanFactory - Returning cached instance of singleton bean 'org.springframework.boot.test.mock.mockito.MockitoPostProcessor'
10:22:25.321 [Test worker] TRACE org.springframework.beans.factory.support.DefaultListableBeanFactory - Returning cached instance of singleton bean 'laundryMgmtApplication'
10:22:25.321 [Test worker] TRACE org.springframework.beans.factory.support.DefaultListableBeanFactory - Returning cached instance of singleton bean 'org.springframework.boot.autoconfigure.internalCachingMetadataReaderFactory'
10:22:25.321 [Test worker] TRACE org.springframework.beans.factory.support.DefaultListableBeanFactory - Returning cached instance of singleton bean 'org.springframework.boot.autoconfigure.internalCachingMetadataReaderFactory'
10:22:25.321 [Test worker] TRACE org.springframework.beans.factory.support.DefaultListableBeanFactory - Returning cached instance of singleton bean 'org.springframework.boot.autoconfigure.AutoConfigurationPackages'
10:22:25.321 [Test worker] TRACE org.springframework.beans.factory.support.DefaultListableBeanFactory - Returning cached instance of singleton bean 'org.springframework.boot.test.autoconfigure.jdbc.TestDatabaseAutoConfiguration'
10:22:25.321 [Test worker] TRACE org.springframework.beans.factory.support.DefaultListableBeanFactory - Returning cached instance of singleton bean 'embeddedDataSourceBeanFactoryPostProcessor'
10:22:25.321 [Test worker] TRACE org.springframework.beans.factory.support.DefaultListableBeanFactory - Returning cached instance of singleton bean 'org.springframework.boot.autoconfigure.jdbc.DataSourceConfiguration$Hikari'
10:22:25.321 [Test worker] TRACE org.springframework.beans.factory.support.DefaultListableBeanFactory - Returning cached instance of singleton bean 'jdbcConnectionDetailsHikariBeanPostProcessor'
10:22:25.321 [Test worker] TRACE org.springframework.beans.factory.support.DefaultListableBeanFactory - Returning cached instance of singleton bean 'org.springframework.boot.autoconfigure.jdbc.DataSourceAutoConfiguration$PooledDataSourceConfiguration'
10:22:25.321 [Test worker] TRACE org.springframework.beans.factory.support.DefaultListableBeanFactory - Returning cached instance of singleton bean 'jdbcConnectionDetails'
10:22:25.321 [Test worker] TRACE org.springframework.beans.factory.support.DefaultListableBeanFactory - Returning cached instance of singleton bean 'org.springframework.boot.autoconfigure.jdbc.metadata.DataSourcePoolMetadataProvidersConfiguration$HikariPoolDataSourceMetadataProviderConfiguration'
10:22:25.321 [Test worker] TRACE org.springframework.beans.factory.support.DefaultListableBeanFactory - Returning cached instance of singleton bean 'hikariPoolDataSourceMetadataProvider'
10:22:25.321 [Test worker] TRACE org.springframework.beans.factory.support.DefaultListableBeanFactory - Returning cached instance of singleton bean 'org.springframework.boot.autoconfigure.jdbc.metadata.DataSourcePoolMetadataProvidersConfiguration'
10:22:25.321 [Test worker] TRACE org.springframework.beans.factory.support.DefaultListableBeanFactory - Returning cached instance of singleton bean 'org.springframework.boot.autoconfigure.jdbc.DataSourceAutoConfiguration'
10:22:25.321 [Test worker] TRACE org.springframework.beans.factory.support.DefaultListableBeanFactory - Returning cached instance of singleton bean 'org.springframework.boot.context.properties.ConfigurationPropertiesBindingPostProcessor'
10:22:25.322 [Test worker] TRACE org.springframework.beans.factory.support.DefaultListableBeanFactory - Returning cached instance of singleton bean 'org.springframework.boot.context.internalConfigurationPropertiesBinder'
10:22:25.322 [Test worker] TRACE org.springframework.beans.factory.support.DefaultListableBeanFactory - Returning cached instance of singleton bean 'org.springframework.boot.context.internalConfigurationPropertiesBinder'
10:22:25.322 [Test worker] TRACE org.springframework.beans.factory.support.DefaultListableBeanFactory - Returning cached instance of singleton bean 'org.springframework.boot.context.properties.BoundConfigurationProperties'
10:22:25.322 [Test worker] TRACE org.springframework.beans.factory.support.DefaultListableBeanFactory - Returning cached instance of singleton bean 'org.springframework.boot.context.properties.EnableConfigurationPropertiesRegistrar.methodValidationExcludeFilter'
10:22:25.322 [Test worker] TRACE org.springframework.beans.factory.support.DefaultListableBeanFactory - Returning cached instance of singleton bean 'spring.datasource-org.springframework.boot.autoconfigure.jdbc.DataSourceProperties'
10:22:25.322 [Test worker] TRACE org.springframework.beans.factory.support.DefaultListableBeanFactory - Returning cached instance of singleton bean 'org.springframework.boot.autoconfigure.orm.jpa.JpaBaseConfiguration$PersistenceManagedTypesConfiguration'
10:22:25.322 [Test worker] TRACE org.springframework.beans.factory.support.DefaultListableBeanFactory - Returning cached instance of singleton bean 'persistenceManagedTypes'
10:22:25.322 [Test worker] TRACE org.springframework.beans.factory.support.DefaultListableBeanFactory - Returning cached instance of singleton bean 'org.springframework.boot.autoconfigure.orm.jpa.HibernateJpaConfiguration'
10:22:25.322 [Test worker] TRACE org.springframework.beans.factory.support.DefaultListableBeanFactory - Returning cached instance of singleton bean 'transactionManager'
10:22:25.322 [Test worker] TRACE org.springframework.beans.factory.support.DefaultListableBeanFactory - Returning cached instance of singleton bean 'jpaVendorAdapter'
10:22:25.322 [Test worker] TRACE org.springframework.beans.factory.support.DefaultListableBeanFactory - Returning cached instance of singleton bean 'entityManagerFactoryBuilder'
10:22:25.322 [Test worker] TRACE org.springframework.beans.factory.support.DefaultListableBeanFactory - Returning cached instance of singleton bean 'entityManagerFactory'
10:22:25.322 [Test worker] TRACE org.springframework.beans.factory.support.DefaultListableBeanFactory - Returning cached instance of singleton bean 'entityManagerFactory'
10:22:25.322 [Test worker] TRACE org.springframework.beans.factory.support.DefaultListableBeanFactory - Returning cached instance of singleton bean 'spring.jpa.hibernate-org.springframework.boot.autoconfigure.orm.jpa.HibernateProperties'
10:22:25.322 [Test worker] TRACE org.springframework.beans.factory.support.DefaultListableBeanFactory - Returning cached instance of singleton bean 'spring.jpa-org.springframework.boot.autoconfigure.orm.jpa.JpaProperties'
10:22:25.322 [Test worker] TRACE org.springframework.beans.factory.support.DefaultListableBeanFactory - Returning cached instance of singleton bean 'org.springframework.boot.autoconfigure.orm.jpa.HibernateJpaAutoConfiguration'
10:22:25.322 [Test worker] TRACE org.springframework.beans.factory.support.DefaultListableBeanFactory - Returning cached instance of singleton bean 'org.springframework.boot.autoconfigure.data.jpa.JpaRepositoriesAutoConfiguration'
10:22:25.322 [Test worker] TRACE org.springframework.beans.factory.support.DefaultListableBeanFactory - Returning cached instance of singleton bean 'jpaSharedEM_entityManagerFactory'
10:22:25.322 [Test worker] TRACE org.springframework.beans.factory.support.DefaultListableBeanFactory - Returning cached instance of singleton bean 'emBeanDefinitionRegistrarPostProcessor'
10:22:25.322 [Test worker] TRACE org.springframework.beans.factory.support.DefaultListableBeanFactory - Returning cached instance of singleton bean 'jpaMappingContext'
10:22:25.322 [Test worker] TRACE org.springframework.beans.factory.support.DefaultListableBeanFactory - Returning cached instance of singleton bean 'jpaMappingContext'
10:22:25.322 [Test worker] TRACE org.springframework.beans.factory.support.DefaultListableBeanFactory - Returning cached instance of singleton bean 'org.springframework.data.jpa.util.JpaMetamodelCacheCleanup'
10:22:25.322 [Test worker] TRACE org.springframework.beans.factory.support.DefaultListableBeanFactory - Returning cached instance of singleton bean 'org.springframework.data.jpa.repository.support.JpaEvaluationContextExtension'
10:22:25.322 [Test worker] TRACE org.springframework.beans.factory.support.DefaultListableBeanFactory - Returning cached instance of singleton bean 'jpa.named-queries#0'
10:22:25.322 [Test worker] TRACE org.springframework.beans.factory.support.DefaultListableBeanFactory - Returning cached instance of singleton bean 'jpa.named-queries#0'
10:22:25.322 [Test worker] TRACE org.springframework.beans.factory.support.DefaultListableBeanFactory - Returning cached instance of singleton bean 'jpa.MachineDao.fragments#0'
10:22:25.322 [Test worker] TRACE org.springframework.beans.factory.support.DefaultListableBeanFactory - Returning cached instance of singleton bean 'jpa.MachineDao.fragments#0'
10:22:25.322 [Test worker] TRACE org.springframework.beans.factory.support.DefaultListableBeanFactory - Returning cached instance of singleton bean 'machineDao'
10:22:25.322 [Test worker] TRACE org.springframework.beans.factory.support.DefaultListableBeanFactory - Returning cached instance of singleton bean 'machineDao'
10:22:25.323 [Test worker] TRACE org.springframework.beans.factory.support.DefaultListableBeanFactory - Returning cached instance of singleton bean 'jpa.named-queries#1'
10:22:25.323 [Test worker] TRACE org.springframework.beans.factory.support.DefaultListableBeanFactory - Returning cached instance of singleton bean 'jpa.named-queries#1'
10:22:25.323 [Test worker] TRACE org.springframework.beans.factory.support.DefaultListableBeanFactory - Returning cached instance of singleton bean 'jpa.ReservationDao.fragments#0'
10:22:25.323 [Test worker] TRACE org.springframework.beans.factory.support.DefaultListableBeanFactory - Returning cached instance of singleton bean 'jpa.ReservationDao.fragments#0'
10:22:25.323 [Test worker] TRACE org.springframework.beans.factory.support.DefaultListableBeanFactory - Returning cached instance of singleton bean 'reservationDao'
10:22:25.323 [Test worker] TRACE org.springframework.beans.factory.support.DefaultListableBeanFactory - Returning cached instance of singleton bean 'reservationDao'
10:22:25.323 [Test worker] TRACE org.springframework.beans.factory.support.DefaultListableBeanFactory - Returning cached instance of singleton bean 'jpa.named-queries#2'
10:22:25.323 [Test worker] TRACE org.springframework.beans.factory.support.DefaultListableBeanFactory - Returning cached instance of singleton bean 'jpa.named-queries#2'
10:22:25.323 [Test worker] TRACE org.springframework.beans.factory.support.DefaultListableBeanFactory - Returning cached instance of singleton bean 'jpa.SensorDao.fragments#0'
10:22:25.323 [Test worker] TRACE org.springframework.beans.factory.support.DefaultListableBeanFactory - Returning cached instance of singleton bean 'jpa.SensorDao.fragments#0'
10:22:25.323 [Test worker] TRACE org.springframework.beans.factory.support.DefaultListableBeanFactory - Returning cached instance of singleton bean 'sensorDao'
10:22:25.323 [Test worker] TRACE org.springframework.beans.factory.support.DefaultListableBeanFactory - Returning cached instance of singleton bean 'sensorDao'
10:22:25.323 [Test worker] TRACE org.springframework.beans.factory.support.DefaultListableBeanFactory - Returning cached instance of singleton bean 'data-jpa.repository-aot-processor#0'
10:22:25.323 [Test worker] TRACE org.springframework.beans.factory.support.DefaultListableBeanFactory - Returning cached instance of singleton bean 'org.springframework.boot.autoconfigure.jdbc.JdbcTemplateConfiguration'
10:22:25.323 [Test worker] TRACE org.springframework.beans.factory.support.DefaultListableBeanFactory - Returning cached instance of singleton bean 'jdbcTemplate'
[...]
10:22:25.345 [Test worker] DEBUG org.springframework.test.context.cache - Spring test ApplicationContext cache statistics: [DefaultContextCache@7b031f53 size = 2, maxSize = 32, parentContextCount = 0, hitCount = 40, missCount = 2]
10:22:25.345 [Test worker] TRACE org.springframework.test.context.transaction.TransactionContext - Ending transaction for test context [DefaultTestContext@10ba757f testClass = com.laundry.laundryMgmt.ReservationTest.ReservationDaoTest, testInstance = com.laundry.laundryMgmt.ReservationTest.ReservationDaoTest@1cb3de26, testMethod = shouldFindAnyReservationById(), testException = null, mergedContextConfiguration = [MergedContextConfiguration@711cd6f9 testClass = com.laundry.laundryMgmt.ReservationTest.ReservationDaoTest, locations = [], classes = [com.laundry.laundryMgmt.LaundryMgmtApplication], contextInitializerClasses = [], activeProfiles = [], propertySourceLocations = [], propertySourceProperties = ["org.springframework.boot.test.autoconfigure.orm.jpa.DataJpaTestContextBootstrapper=true"], contextCustomizers = [org.springframework.boot.test.autoconfigure.OverrideAutoConfigurationContextCustomizerFactory$DisableAutoConfigurationContextCustomizer@53fd061d, org.springframework.boot.test.autoconfigure.actuate.observability.ObservabilityContextCustomizerFactory$DisableObservabilityContextCustomizer@1f, org.springframework.boot.test.autoconfigure.filter.TypeExcludeFiltersContextCustomizer@351584c0, org.springframework.boot.test.autoconfigure.properties.PropertyMappingContextCustomizer@ecdf99c8, org.springframework.boot.test.autoconfigure.web.servlet.WebDriverContextCustomizer@7d9ba6c, [ImportsContextCustomizer@3ac60eeb key = [org.springframework.boot.autoconfigure.transaction.TransactionAutoConfiguration, org.springframework.boot.autoconfigure.data.jpa.JpaRepositoriesAutoConfiguration, org.springframework.boot.autoconfigure.jdbc.DataSourceAutoConfiguration, org.springframework.boot.test.autoconfigure.orm.jpa.TestEntityManagerAutoConfiguration, org.springframework.boot.autoconfigure.cache.CacheAutoConfiguration, org.springframework.boot.autoconfigure.orm.jpa.HibernateJpaAutoConfiguration, org.springframework.boot.autoconfigure.sql.init.SqlInitializationAutoConfiguration, org.springframework.boot.autoconfigure.jdbc.JdbcTemplateAutoConfiguration, org.springframework.boot.test.autoconfigure.jdbc.TestDatabaseAutoConfiguration, org.springframework.boot.autoconfigure.flyway.FlywayAutoConfiguration, org.springframework.boot.autoconfigure.jdbc.DataSourceTransactionManagerAutoConfiguration, org.springframework.boot.autoconfigure.liquibase.LiquibaseAutoConfiguration]], org.springframework.boot.test.context.filter.ExcludeFilterContextCustomizer@5d425813, org.springframework.boot.test.json.DuplicateJsonObjectContextCustomizerFactory$DuplicateJsonObjectContextCustomizer@6b52dd31, org.springframework.boot.test.mock.mockito.MockitoContextCustomizer@0, org.springframework.boot.test.context.SpringBootTestAnnotation@e60850a], contextLoader = org.springframework.boot.test.context.SpringBootContextLoader, parent = null], attributes = {"org.springframework.test.context.event.ApplicationEventsTestExecutionListener.recordApplicationEvents" -> false}]; transaction status [org.springframework.transaction.support.DefaultTransactionStatus@1b2c513e]; rollback [true]
10:22:25.345 [Test worker] DEBUG org.springframework.orm.jpa.JpaTransactionManager - Initiating transaction rollback
10:22:25.345 [Test worker] DEBUG org.springframework.orm.jpa.JpaTransactionManager - Rolling back JPA transaction on EntityManager [SessionImpl(623476050PersistenceContext[entityKeys=[EntityKey[com.laundry.laundryMgmt.models.MachineEntity#-2], EntityKey[com.laundry.laundryMgmt.models.ReservationEntity#-3]], collectionKeys=[]];ActionQueue[insertions=ExecutableList{size=0} updates=ExecutableList{size=0} deletions=ExecutableList{size=0} orphanRemovals=ExecutableList{size=0} collectionCreations=ExecutableList{size=0} collectionRemovals=ExecutableList{size=0} collectionUpdates=ExecutableList{size=0} collectionQueuedOps=ExecutableList{size=0} unresolvedInsertDependencies=null])]
10:22:25.345 [Test worker] DEBUG org.hibernate.engine.transaction.internal.TransactionImpl - rolling back
10:22:25.345 [Test worker] TRACE org.hibernate.resource.jdbc.internal.AbstractLogicalConnectionImplementor - Preparing to rollback transaction via JDBC Connection.rollback()
10:22:25.346 [Test worker] TRACE org.hibernate.resource.jdbc.internal.AbstractLogicalConnectionImplementor - Transaction rolled-back via JDBC Connection.rollback()
10:22:25.346 [Test worker] TRACE org.hibernate.resource.jdbc.internal.AbstractLogicalConnectionImplementor - re-enabling auto-commit on JDBC Connection after completion of JDBC-based transaction
10:22:25.346 [Test worker] TRACE org.hibernate.resource.jdbc.internal.AbstractLogicalConnectionImplementor - LogicalConnection#afterTransaction
10:22:25.346 [Test worker] TRACE org.hibernate.resource.jdbc.internal.ResourceRegistryStandardImpl - Releasing JDBC resources
10:22:25.346 [Test worker] TRACE org.hibernate.resource.transaction.backend.jdbc.internal.JdbcResourceLocalTransactionCoordinatorImpl - ResourceLocalTransactionCoordinatorImpl#afterCompletionCallback(false)
10:22:25.346 [Test worker] TRACE org.hibernate.resource.transaction.internal.SynchronizationRegistryStandardImpl - SynchronizationRegistryStandardImpl.notifySynchronizationsAfterTransactionCompletion(5)
10:22:25.346 [Test worker] TRACE org.hibernate.internal.SessionImpl - SessionImpl#afterTransactionCompletion(successful=false, delayed=false)
10:22:25.346 [Test worker] DEBUG org.springframework.orm.jpa.JpaTransactionManager - Closing JPA EntityManager [SessionImpl(623476050PersistenceContext[entityKeys=[], collectionKeys=[]];ActionQueue[insertions=ExecutableList{size=0} updates=ExecutableList{size=0} deletions=ExecutableList{size=0} orphanRemovals=ExecutableList{size=0} collectionCreations=ExecutableList{size=0} collectionRemovals=ExecutableList{size=0} collectionUpdates=ExecutableList{size=0} collectionQueuedOps=ExecutableList{size=0} unresolvedInsertDependencies=null])] after transaction
10:22:25.346 [Test worker] TRACE org.hibernate.internal.SessionImpl - Closing session [b7a08d63-3a6f-4e9d-83f4-3e5f974eb576]
10:22:25.346 [Test worker] TRACE org.hibernate.engine.jdbc.internal.JdbcCoordinatorImpl - Closing JDBC container [org.hibernate.engine.jdbc.internal.JdbcCoordinatorImpl@4098ef14]
10:22:25.346 [Test worker] TRACE org.hibernate.resource.jdbc.internal.ResourceRegistryStandardImpl - Releasing JDBC resources
10:22:25.346 [Test worker] TRACE org.hibernate.resource.jdbc.internal.LogicalConnectionManagedImpl - Closing logical connection
10:22:25.346 [Test worker] TRACE org.hibernate.resource.jdbc.internal.ResourceRegistryStandardImpl - Releasing JDBC resources
10:22:25.346 [Test worker] TRACE org.hibernate.resource.jdbc.internal.LogicalConnectionManagedImpl - Logical connection closed
10:22:25.346 [Test worker] TRACE org.springframework.test.context.transaction.TransactionContext - Rolled back transaction (1) for test context: [DefaultTestContext@10ba757f testClass = com.laundry.laundryMgmt.ReservationTest.ReservationDaoTest, testInstance = com.laundry.laundryMgmt.ReservationTest.ReservationDaoTest@1cb3de26, testMethod = shouldFindAnyReservationById(), testException = null, mergedContextConfiguration = [MergedContextConfiguration@711cd6f9 testClass = com.laundry.laundryMgmt.ReservationTest.ReservationDaoTest, locations = [], classes = [com.laundry.laundryMgmt.LaundryMgmtApplication], contextInitializerClasses = [], activeProfiles = [], propertySourceLocations = [], propertySourceProperties = ["org.springframework.boot.test.autoconfigure.orm.jpa.DataJpaTestContextBootstrapper=true"], contextCustomizers = [org.springframework.boot.test.autoconfigure.OverrideAutoConfigurationContextCustomizerFactory$DisableAutoConfigurationContextCustomizer@53fd061d, org.springframework.boot.test.autoconfigure.actuate.observability.ObservabilityContextCustomizerFactory$DisableObservabilityContextCustomizer@1f, org.springframework.boot.test.autoconfigure.filter.TypeExcludeFiltersContextCustomizer@351584c0, org.springframework.boot.test.autoconfigure.properties.PropertyMappingContextCustomizer@ecdf99c8, org.springframework.boot.test.autoconfigure.web.servlet.WebDriverContextCustomizer@7d9ba6c, [ImportsContextCustomizer@3ac60eeb key = [org.springframework.boot.autoconfigure.transaction.TransactionAutoConfiguration, org.springframework.boot.autoconfigure.data.jpa.JpaRepositoriesAutoConfiguration, org.springframework.boot.autoconfigure.jdbc.DataSourceAutoConfiguration, org.springframework.boot.test.autoconfigure.orm.jpa.TestEntityManagerAutoConfiguration, org.springframework.boot.autoconfigure.cache.CacheAutoConfiguration, org.springframework.boot.autoconfigure.orm.jpa.HibernateJpaAutoConfiguration, org.springframework.boot.autoconfigure.sql.init.SqlInitializationAutoConfiguration, org.springframework.boot.autoconfigure.jdbc.JdbcTemplateAutoConfiguration, org.springframework.boot.test.autoconfigure.jdbc.TestDatabaseAutoConfiguration, org.springframework.boot.autoconfigure.flyway.FlywayAutoConfiguration, org.springframework.boot.autoconfigure.jdbc.DataSourceTransactionManagerAutoConfiguration, org.springframework.boot.autoconfigure.liquibase.LiquibaseAutoConfiguration]], org.springframework.boot.test.context.filter.ExcludeFilterContextCustomizer@5d425813, org.springframework.boot.test.json.DuplicateJsonObjectContextCustomizerFactory$DuplicateJsonObjectContextCustomizer@6b52dd31, org.springframework.boot.test.mock.mockito.MockitoContextCustomizer@0, org.springframework.boot.test.context.SpringBootTestAnnotation@e60850a], contextLoader = org.springframework.boot.test.context.SpringBootContextLoader, parent = null], attributes = {"org.springframework.test.context.event.ApplicationEventsTestExecutionListener.recordApplicationEvents" -> false}]
10:22:25.347 [Test worker] TRACE org.springframework.test.context.support.DirtiesContextTestExecutionListener - After test method: context [DefaultTestContext@10ba757f testClass = com.laundry.laundryMgmt.ReservationTest.ReservationDaoTest, testInstance = com.laundry.laundryMgmt.ReservationTest.ReservationDaoTest@1cb3de26, testMethod = shouldFindAnyReservationById(), testException = null, mergedContextConfiguration = [MergedContextConfiguration@711cd6f9 testClass = com.laundry.laundryMgmt.ReservationTest.ReservationDaoTest, locations = [], classes = [com.laundry.laundryMgmt.LaundryMgmtApplication], contextInitializerClasses = [], activeProfiles = [], propertySourceLocations = [], propertySourceProperties = ["org.springframework.boot.test.autoconfigure.orm.jpa.DataJpaTestContextBootstrapper=true"], contextCustomizers = [org.springframework.boot.test.autoconfigure.OverrideAutoConfigurationContextCustomizerFactory$DisableAutoConfigurationContextCustomizer@53fd061d, org.springframework.boot.test.autoconfigure.actuate.observability.ObservabilityContextCustomizerFactory$DisableObservabilityContextCustomizer@1f, org.springframework.boot.test.autoconfigure.filter.TypeExcludeFiltersContextCustomizer@351584c0, org.springframework.boot.test.autoconfigure.properties.PropertyMappingContextCustomizer@ecdf99c8, org.springframework.boot.test.autoconfigure.web.servlet.WebDriverContextCustomizer@7d9ba6c, [ImportsContextCustomizer@3ac60eeb key = [org.springframework.boot.autoconfigure.transaction.TransactionAutoConfiguration, org.springframework.boot.autoconfigure.data.jpa.JpaRepositoriesAutoConfiguration, org.springframework.boot.autoconfigure.jdbc.DataSourceAutoConfiguration, org.springframework.boot.test.autoconfigure.orm.jpa.TestEntityManagerAutoConfiguration, org.springframework.boot.autoconfigure.cache.CacheAutoConfiguration, org.springframework.boot.autoconfigure.orm.jpa.HibernateJpaAutoConfiguration, org.springframework.boot.autoconfigure.sql.init.SqlInitializationAutoConfiguration, org.springframework.boot.autoconfigure.jdbc.JdbcTemplateAutoConfiguration, org.springframework.boot.test.autoconfigure.jdbc.TestDatabaseAutoConfiguration, org.springframework.boot.autoconfigure.flyway.FlywayAutoConfiguration, org.springframework.boot.autoconfigure.jdbc.DataSourceTransactionManagerAutoConfiguration, org.springframework.boot.autoconfigure.liquibase.LiquibaseAutoConfiguration]], org.springframework.boot.test.context.filter.ExcludeFilterContextCustomizer@5d425813, org.springframework.boot.test.json.DuplicateJsonObjectContextCustomizerFactory$DuplicateJsonObjectContextCustomizer@6b52dd31, org.springframework.boot.test.mock.mockito.MockitoContextCustomizer@0, org.springframework.boot.test.context.SpringBootTestAnnotation@e60850a], contextLoader = org.springframework.boot.test.context.SpringBootContextLoader, parent = null], attributes = {"org.springframework.test.context.event.ApplicationEventsTestExecutionListener.recordApplicationEvents" -> false}], class annotated with @DirtiesContext [false] with mode [null], method annotated with @DirtiesContext [false] with mode [null]
10:22:25.347 [Test worker] TRACE org.springframework.test.context.TestContextManager - afterTestClass(): class [com.laundry.laundryMgmt.ReservationTest.ReservationDaoTest]
10:22:25.347 [Test worker] TRACE org.springframework.test.context.cache.DefaultCacheAwareContextLoaderDelegate - Retrieved ApplicationContext [1559145228] from cache with key [MergedContextConfiguration@711cd6f9 testClass = com.laundry.laundryMgmt.ReservationTest.ReservationDaoTest, locations = [], classes = [com.laundry.laundryMgmt.LaundryMgmtApplication], contextInitializerClasses = [], activeProfiles = [], propertySourceLocations = [], propertySourceProperties = ["org.springframework.boot.test.autoconfigure.orm.jpa.DataJpaTestContextBootstrapper=true"], contextCustomizers = [org.springframework.boot.test.autoconfigure.OverrideAutoConfigurationContextCustomizerFactory$DisableAutoConfigurationContextCustomizer@53fd061d, org.springframework.boot.test.autoconfigure.actuate.observability.ObservabilityContextCustomizerFactory$DisableObservabilityContextCustomizer@1f, org.springframework.boot.test.autoconfigure.filter.TypeExcludeFiltersContextCustomizer@351584c0, org.springframework.boot.test.autoconfigure.properties.PropertyMappingContextCustomizer@ecdf99c8, org.springframework.boot.test.autoconfigure.web.servlet.WebDriverContextCustomizer@7d9ba6c, [ImportsContextCustomizer@3ac60eeb key = [org.springframework.boot.autoconfigure.transaction.TransactionAutoConfiguration, org.springframework.boot.autoconfigure.data.jpa.JpaRepositoriesAutoConfiguration, org.springframework.boot.autoconfigure.jdbc.DataSourceAutoConfiguration, org.springframework.boot.test.autoconfigure.orm.jpa.TestEntityManagerAutoConfiguration, org.springframework.boot.autoconfigure.cache.CacheAutoConfiguration, org.springframework.boot.autoconfigure.orm.jpa.HibernateJpaAutoConfiguration, org.springframework.boot.autoconfigure.sql.init.SqlInitializationAutoConfiguration, org.springframework.boot.autoconfigure.jdbc.JdbcTemplateAutoConfiguration, org.springframework.boot.test.autoconfigure.jdbc.TestDatabaseAutoConfiguration, org.springframework.boot.autoconfigure.flyway.FlywayAutoConfiguration, org.springframework.boot.autoconfigure.jdbc.DataSourceTransactionManagerAutoConfiguration, org.springframework.boot.autoconfigure.liquibase.LiquibaseAutoConfiguration]], org.springframework.boot.test.context.filter.ExcludeFilterContextCustomizer@5d425813, org.springframework.boot.test.json.DuplicateJsonObjectContextCustomizerFactory$DuplicateJsonObjectContextCustomizer@6b52dd31, org.springframework.boot.test.mock.mockito.MockitoContextCustomizer@0, org.springframework.boot.test.context.SpringBootTestAnnotation@e60850a], contextLoader = org.springframework.boot.test.context.SpringBootContextLoader, parent = null]
10:22:25.347 [Test worker] DEBUG org.springframework.test.context.cache - Spring test ApplicationContext cache statistics: [DefaultContextCache@7b031f53 size = 2, maxSize = 32, parentContextCount = 0, hitCount = 41, missCount = 2]
10:22:25.347 [Test worker] TRACE org.springframework.test.context.support.DirtiesContextTestExecutionListener - After test class: context [DefaultTestContext@10ba757f testClass = com.laundry.laundryMgmt.ReservationTest.ReservationDaoTest, testInstance = null, testMethod = null, testException = null, mergedContextConfiguration = [MergedContextConfiguration@711cd6f9 testClass = com.laundry.laundryMgmt.ReservationTest.ReservationDaoTest, locations = [], classes = [com.laundry.laundryMgmt.LaundryMgmtApplication], contextInitializerClasses = [], activeProfiles = [], propertySourceLocations = [], propertySourceProperties = ["org.springframework.boot.test.autoconfigure.orm.jpa.DataJpaTestContextBootstrapper=true"], contextCustomizers = [org.springframework.boot.test.autoconfigure.OverrideAutoConfigurationContextCustomizerFactory$DisableAutoConfigurationContextCustomizer@53fd061d, org.springframework.boot.test.autoconfigure.actuate.observability.ObservabilityContextCustomizerFactory$DisableObservabilityContextCustomizer@1f, org.springframework.boot.test.autoconfigure.filter.TypeExcludeFiltersContextCustomizer@351584c0, org.springframework.boot.test.autoconfigure.properties.PropertyMappingContextCustomizer@ecdf99c8, org.springframework.boot.test.autoconfigure.web.servlet.WebDriverContextCustomizer@7d9ba6c, [ImportsContextCustomizer@3ac60eeb key = [org.springframework.boot.autoconfigure.transaction.TransactionAutoConfiguration, org.springframework.boot.autoconfigure.data.jpa.JpaRepositoriesAutoConfiguration, org.springframework.boot.autoconfigure.jdbc.DataSourceAutoConfiguration, org.springframework.boot.test.autoconfigure.orm.jpa.TestEntityManagerAutoConfiguration, org.springframework.boot.autoconfigure.cache.CacheAutoConfiguration, org.springframework.boot.autoconfigure.orm.jpa.HibernateJpaAutoConfiguration, org.springframework.boot.autoconfigure.sql.init.SqlInitializationAutoConfiguration, org.springframework.boot.autoconfigure.jdbc.JdbcTemplateAutoConfiguration, org.springframework.boot.test.autoconfigure.jdbc.TestDatabaseAutoConfiguration, org.springframework.boot.autoconfigure.flyway.FlywayAutoConfiguration, org.springframework.boot.autoconfigure.jdbc.DataSourceTransactionManagerAutoConfiguration, org.springframework.boot.autoconfigure.liquibase.LiquibaseAutoConfiguration]], org.springframework.boot.test.context.filter.ExcludeFilterContextCustomizer@5d425813, org.springframework.boot.test.json.DuplicateJsonObjectContextCustomizerFactory$DuplicateJsonObjectContextCustomizer@6b52dd31, org.springframework.boot.test.mock.mockito.MockitoContextCustomizer@0, org.springframework.boot.test.context.SpringBootTestAnnotation@e60850a], contextLoader = org.springframework.boot.test.context.SpringBootContextLoader, parent = null], attributes = {"org.springframework.test.context.event.ApplicationEventsTestExecutionListener.recordApplicationEvents" -> false}], class annotated with @DirtiesContext [false] with mode [null]
]]></system-out>
  <system-err><![CDATA[]]></system-err>
</testsuite>
